CRITICAL - 2020-04-12 14:52:16 --> Invalid file: welcome_message123.php
#0 C:\wamp64\www\etfvesti\vendor\codeigniter4\framework\system\View\View.php(224): CodeIgniter\Exceptions\FrameworkException::forInvalidFile('welcome_message...')
#1 C:\wamp64\www\etfvesti\vendor\codeigniter4\framework\system\Common.php(1071): CodeIgniter\View\View->render('welcome_message...', Array, true)
#2 C:\wamp64\www\etfvesti\app\Controllers\Home.php(7): view('welcome_message...')
#3 C:\wamp64\www\etfvesti\vendor\codeigniter4\framework\system\CodeIgniter.php(910): App\Controllers\Home->index()
#4 C:\wamp64\www\etfvesti\vendor\codeigniter4\framework\system\CodeIgniter.php(398): CodeIgniter\CodeIgniter->runController(Object(App\Controllers\Home))
#5 C:\wamp64\www\etfvesti\vendor\codeigniter4\framework\system\CodeIgniter.php(306): CodeIgniter\CodeIgniter->handleRequest(NULL, Object(Config\Cache), false)
#6 C:\wamp64\www\etfvesti\public\index.php(45): CodeIgniter\CodeIgniter->run()
#7 C:\wamp64\www\etfvesti\vendor\codeigniter4\framework\system\Commands\Server\rewrite.php(34): require_once('C:\\wamp64\\www\\e...')
#8 {main}
CRITICAL - 2020-04-12 14:55:06 --> Invalid file: welcome_message123.php
#0 C:\wamp64\www\etfvesti\vendor\codeigniter4\framework\system\View\View.php(224): CodeIgniter\Exceptions\FrameworkException::forInvalidFile('welcome_message...')
#1 C:\wamp64\www\etfvesti\vendor\codeigniter4\framework\system\Common.php(1071): CodeIgniter\View\View->render('welcome_message...', Array, true)
#2 C:\wamp64\www\etfvesti\app\Controllers\Home.php(7): view('welcome_message...')
#3 C:\wamp64\www\etfvesti\vendor\codeigniter4\framework\system\CodeIgniter.php(910): App\Controllers\Home->index()
#4 C:\wamp64\www\etfvesti\vendor\codeigniter4\framework\system\CodeIgniter.php(398): CodeIgniter\CodeIgniter->runController(Object(App\Controllers\Home))
#5 C:\wamp64\www\etfvesti\vendor\codeigniter4\framework\system\CodeIgniter.php(306): CodeIgniter\CodeIgniter->handleRequest(NULL, Object(Config\Cache), false)
#6 C:\wamp64\www\etfvesti\public\index.php(45): CodeIgniter\CodeIgniter->run()
#7 C:\wamp64\www\etfvesti\vendor\codeigniter4\framework\system\Commands\Server\rewrite.php(34): require_once('C:\\wamp64\\www\\e...')
#8 {main}
CRITICAL - 2020-04-12 15:10:00 --> Invalid file: welcome_message123.php
#0 C:\wamp64\www\etfvesti\vendor\codeigniter4\framework\system\View\View.php(224): CodeIgniter\Exceptions\FrameworkException::forInvalidFile('welcome_message...')
#1 C:\wamp64\www\etfvesti\vendor\codeigniter4\framework\system\Common.php(1071): CodeIgniter\View\View->render('welcome_message...', Array, true)
#2 C:\wamp64\www\etfvesti\app\Controllers\Home.php(7): view('welcome_message...')
#3 C:\wamp64\www\etfvesti\vendor\codeigniter4\framework\system\CodeIgniter.php(910): App\Controllers\Home->index()
#4 C:\wamp64\www\etfvesti\vendor\codeigniter4\framework\system\CodeIgniter.php(398): CodeIgniter\CodeIgniter->runController(Object(App\Controllers\Home))
#5 C:\wamp64\www\etfvesti\vendor\codeigniter4\framework\system\CodeIgniter.php(306): CodeIgniter\CodeIgniter->handleRequest(NULL, Object(Config\Cache), false)
#6 C:\wamp64\www\etfvesti\public\index.php(45): CodeIgniter\CodeIgniter->run()
#7 C:\wamp64\www\etfvesti\vendor\codeigniter4\framework\system\Commands\Server\rewrite.php(34): require_once('C:\\wamp64\\www\\e...')
#8 {main}
CRITICAL - 2020-04-12 15:10:15 --> Invalid file: welcome_message123.php
#0 C:\wamp64\www\etfvesti\vendor\codeigniter4\framework\system\View\View.php(224): CodeIgniter\Exceptions\FrameworkException::forInvalidFile('welcome_message...')
#1 C:\wamp64\www\etfvesti\vendor\codeigniter4\framework\system\Common.php(1071): CodeIgniter\View\View->render('welcome_message...', Array, true)
#2 C:\wamp64\www\etfvesti\app\Controllers\Home.php(7): view('welcome_message...')
#3 C:\wamp64\www\etfvesti\vendor\codeigniter4\framework\system\CodeIgniter.php(910): App\Controllers\Home->index()
#4 C:\wamp64\www\etfvesti\vendor\codeigniter4\framework\system\CodeIgniter.php(398): CodeIgniter\CodeIgniter->runController(Object(App\Controllers\Home))
#5 C:\wamp64\www\etfvesti\vendor\codeigniter4\framework\system\CodeIgniter.php(306): CodeIgniter\CodeIgniter->handleRequest(NULL, Object(Config\Cache), false)
#6 C:\wamp64\www\etfvesti\public\index.php(45): CodeIgniter\CodeIgniter->run()
#7 C:\wamp64\www\etfvesti\vendor\codeigniter4\framework\system\Commands\Server\rewrite.php(34): require_once('C:\\wamp64\\www\\e...')
#8 {main}
CRITICAL - 2020-04-12 15:21:30 --> Invalid file: header_gost.php
#0 C:\wamp64\www\etfvesti\vendor\codeigniter4\framework\system\View\View.php(224): CodeIgniter\Exceptions\FrameworkException::forInvalidFile('header_gost.php')
#1 C:\wamp64\www\etfvesti\vendor\codeigniter4\framework\system\Common.php(1071): CodeIgniter\View\View->render('header_gost', Array, true)
#2 C:\wamp64\www\etfvesti\app\Controllers\Gost.php(7): view('header_gost')
#3 C:\wamp64\www\etfvesti\vendor\codeigniter4\framework\system\CodeIgniter.php(910): App\Controllers\Gost->index()
#4 C:\wamp64\www\etfvesti\vendor\codeigniter4\framework\system\CodeIgniter.php(398): CodeIgniter\CodeIgniter->runController(Object(App\Controllers\Gost))
#5 C:\wamp64\www\etfvesti\vendor\codeigniter4\framework\system\CodeIgniter.php(306): CodeIgniter\CodeIgniter->handleRequest(NULL, Object(Config\Cache), false)
#6 C:\wamp64\www\etfvesti\public\index.php(45): CodeIgniter\CodeIgniter->run()
#7 C:\wamp64\www\etfvesti\vendor\codeigniter4\framework\system\Commands\Server\rewrite.php(34): require_once('C:\\wamp64\\www\\e...')
#8 {main}
CRITICAL - 2020-04-12 15:24:27 --> Call to undefined function set_value()
#0 C:\wamp64\www\etfvesti\vendor\codeigniter4\framework\system\View\View.php(236): include()
#1 C:\wamp64\www\etfvesti\vendor\codeigniter4\framework\system\Common.php(1071): CodeIgniter\View\View->render('stranice/login', Array, true)
#2 C:\wamp64\www\etfvesti\app\Controllers\Gost.php(14): view('stranice/login')
#3 C:\wamp64\www\etfvesti\vendor\codeigniter4\framework\system\CodeIgniter.php(910): App\Controllers\Gost->login()
#4 C:\wamp64\www\etfvesti\vendor\codeigniter4\framework\system\CodeIgniter.php(398): CodeIgniter\CodeIgniter->runController(Object(App\Controllers\Gost))
#5 C:\wamp64\www\etfvesti\vendor\codeigniter4\framework\system\CodeIgniter.php(306): CodeIgniter\CodeIgniter->handleRequest(NULL, Object(Config\Cache), false)
#6 C:\wamp64\www\etfvesti\public\index.php(45): CodeIgniter\CodeIgniter->run()
#7 C:\wamp64\www\etfvesti\vendor\codeigniter4\framework\system\Commands\Server\rewrite.php(34): require_once('C:\\wamp64\\www\\e...')
#8 {main}
CRITICAL - 2020-04-12 15:25:13 --> Call to undefined function set_value()
#0 C:\wamp64\www\etfvesti\vendor\codeigniter4\framework\system\View\View.php(236): include()
#1 C:\wamp64\www\etfvesti\vendor\codeigniter4\framework\system\Common.php(1071): CodeIgniter\View\View->render('stranice/login', Array, true)
#2 C:\wamp64\www\etfvesti\app\Controllers\Gost.php(15): view('stranice/login')
#3 C:\wamp64\www\etfvesti\vendor\codeigniter4\framework\system\CodeIgniter.php(910): App\Controllers\Gost->login()
#4 C:\wamp64\www\etfvesti\vendor\codeigniter4\framework\system\CodeIgniter.php(398): CodeIgniter\CodeIgniter->runController(Object(App\Controllers\Gost))
#5 C:\wamp64\www\etfvesti\vendor\codeigniter4\framework\system\CodeIgniter.php(306): CodeIgniter\CodeIgniter->handleRequest(NULL, Object(Config\Cache), false)
#6 C:\wamp64\www\etfvesti\public\index.php(45): CodeIgniter\CodeIgniter->run()
#7 C:\wamp64\www\etfvesti\vendor\codeigniter4\framework\system\Commands\Server\rewrite.php(34): require_once('C:\\wamp64\\www\\e...')
#8 {main}
CRITICAL - 2020-04-12 15:25:17 --> Undefined variable: controller
#0 C:\wamp64\www\etfvesti\app\Views\stranice\vesti.php(2): CodeIgniter\Debug\Exceptions->errorHandler(8, 'Undefined varia...', 'C:\\wamp64\\www\\e...', 2, Array)
#1 C:\wamp64\www\etfvesti\vendor\codeigniter4\framework\system\View\View.php(236): include('C:\\wamp64\\www\\e...')
#2 C:\wamp64\www\etfvesti\vendor\codeigniter4\framework\system\Common.php(1071): CodeIgniter\View\View->render('stranice/vesti', Array, true)
#3 C:\wamp64\www\etfvesti\app\Controllers\Gost.php(8): view('stranice/vesti')
#4 C:\wamp64\www\etfvesti\vendor\codeigniter4\framework\system\CodeIgniter.php(910): App\Controllers\Gost->index()
#5 C:\wamp64\www\etfvesti\vendor\codeigniter4\framework\system\CodeIgniter.php(398): CodeIgniter\CodeIgniter->runController(Object(App\Controllers\Gost))
#6 C:\wamp64\www\etfvesti\vendor\codeigniter4\framework\system\CodeIgniter.php(306): CodeIgniter\CodeIgniter->handleRequest(NULL, Object(Config\Cache), false)
#7 C:\wamp64\www\etfvesti\public\index.php(45): CodeIgniter\CodeIgniter->run()
#8 C:\wamp64\www\etfvesti\vendor\codeigniter4\framework\system\Commands\Server\rewrite.php(34): require_once('C:\\wamp64\\www\\e...')
#9 {main}
CRITICAL - 2020-04-12 15:30:30 --> Call to undefined function App\Controllers\prikaz()
#0 C:\wamp64\www\etfvesti\vendor\codeigniter4\framework\system\CodeIgniter.php(910): App\Controllers\Gost->index()
#1 C:\wamp64\www\etfvesti\vendor\codeigniter4\framework\system\CodeIgniter.php(398): CodeIgniter\CodeIgniter->runController(Object(App\Controllers\Gost))
#2 C:\wamp64\www\etfvesti\vendor\codeigniter4\framework\system\CodeIgniter.php(306): CodeIgniter\CodeIgniter->handleRequest(NULL, Object(Config\Cache), false)
#3 C:\wamp64\www\etfvesti\public\index.php(45): CodeIgniter\CodeIgniter->run()
#4 C:\wamp64\www\etfvesti\vendor\codeigniter4\framework\system\Commands\Server\rewrite.php(34): require_once('C:\\wamp64\\www\\e...')
#5 {main}
CRITICAL - 2020-04-12 15:48:07 --> Invalid file: stranice/$page.php
#0 C:\wamp64\www\etfvesti\vendor\codeigniter4\framework\system\View\View.php(224): CodeIgniter\Exceptions\FrameworkException::forInvalidFile('stranice/$page....')
#1 C:\wamp64\www\etfvesti\vendor\codeigniter4\framework\system\Common.php(1071): CodeIgniter\View\View->render('stranice/$page', Array, true)
#2 C:\wamp64\www\etfvesti\app\Controllers\Gost.php(8): view('stranice/$page', Array)
#3 C:\wamp64\www\etfvesti\app\Controllers\Gost.php(14): App\Controllers\Gost->prikaz('vesti', Array)
#4 C:\wamp64\www\etfvesti\vendor\codeigniter4\framework\system\CodeIgniter.php(910): App\Controllers\Gost->index()
#5 C:\wamp64\www\etfvesti\vendor\codeigniter4\framework\system\CodeIgniter.php(398): CodeIgniter\CodeIgniter->runController(Object(App\Controllers\Gost))
#6 C:\wamp64\www\etfvesti\vendor\codeigniter4\framework\system\CodeIgniter.php(306): CodeIgniter\CodeIgniter->handleRequest(NULL, Object(Config\Cache), false)
#7 C:\wamp64\www\etfvesti\public\index.php(45): CodeIgniter\CodeIgniter->run()
#8 C:\wamp64\www\etfvesti\vendor\codeigniter4\framework\system\Commands\Server\rewrite.php(34): require_once('C:\\wamp64\\www\\e...')
#9 {main}
CRITICAL - 2020-04-12 17:06:28 --> Class 'App\Model\AutorModel' not found
#0 C:\wamp64\www\etfvesti\vendor\codeigniter4\framework\system\CodeIgniter.php(910): App\Controllers\Gost->loginSubmit()
#1 C:\wamp64\www\etfvesti\vendor\codeigniter4\framework\system\CodeIgniter.php(398): CodeIgniter\CodeIgniter->runController(Object(App\Controllers\Gost))
#2 C:\wamp64\www\etfvesti\vendor\codeigniter4\framework\system\CodeIgniter.php(306): CodeIgniter\CodeIgniter->handleRequest(NULL, Object(Config\Cache), false)
#3 C:\wamp64\www\etfvesti\public\index.php(45): CodeIgniter\CodeIgniter->run()
#4 C:\wamp64\www\etfvesti\vendor\codeigniter4\framework\system\Commands\Server\rewrite.php(34): require_once('C:\\wamp64\\www\\e...')
#5 {main}
CRITICAL - 2020-04-12 17:07:24 --> Undefined variable: autor
#0 C:\wamp64\www\etfvesti\app\Views\sablon\header_korisnik.php(10): CodeIgniter\Debug\Exceptions->errorHandler(8, 'Undefined varia...', 'C:\\wamp64\\www\\e...', 10, Array)
#1 C:\wamp64\www\etfvesti\vendor\codeigniter4\framework\system\View\View.php(236): include('C:\\wamp64\\www\\e...')
#2 C:\wamp64\www\etfvesti\vendor\codeigniter4\framework\system\Common.php(1071): CodeIgniter\View\View->render('sablon/header_k...', Array, true)
#3 C:\wamp64\www\etfvesti\app\Controllers\Korisnik.php(7): view('sablon/header_k...')
#4 C:\wamp64\www\etfvesti\vendor\codeigniter4\framework\system\CodeIgniter.php(910): App\Controllers\Korisnik->index()
#5 C:\wamp64\www\etfvesti\vendor\codeigniter4\framework\system\CodeIgniter.php(398): CodeIgniter\CodeIgniter->runController(Object(App\Controllers\Korisnik))
#6 C:\wamp64\www\etfvesti\vendor\codeigniter4\framework\system\CodeIgniter.php(306): CodeIgniter\CodeIgniter->handleRequest(NULL, Object(Config\Cache), false)
#7 C:\wamp64\www\etfvesti\public\index.php(45): CodeIgniter\CodeIgniter->run()
#8 C:\wamp64\www\etfvesti\vendor\codeigniter4\framework\system\Commands\Server\rewrite.php(34): require_once('C:\\wamp64\\www\\e...')
#9 {main}
CRITICAL - 2020-04-12 17:10:33 --> Class 'App\Controllers\VestModel' not found
#0 C:\wamp64\www\etfvesti\vendor\codeigniter4\framework\system\CodeIgniter.php(910): App\Controllers\Korisnik->index()
#1 C:\wamp64\www\etfvesti\vendor\codeigniter4\framework\system\CodeIgniter.php(398): CodeIgniter\CodeIgniter->runController(Object(App\Controllers\Korisnik))
#2 C:\wamp64\www\etfvesti\vendor\codeigniter4\framework\system\CodeIgniter.php(306): CodeIgniter\CodeIgniter->handleRequest(NULL, Object(Config\Cache), false)
#3 C:\wamp64\www\etfvesti\public\index.php(45): CodeIgniter\CodeIgniter->run()
#4 C:\wamp64\www\etfvesti\vendor\codeigniter4\framework\system\Commands\Server\rewrite.php(34): require_once('C:\\wamp64\\www\\e...')
#5 {main}
CRITICAL - 2020-04-12 17:12:38 --> Class 'App\Controllers\VestModel' not found
#0 C:\wamp64\www\etfvesti\vendor\codeigniter4\framework\system\CodeIgniter.php(910): App\Controllers\BaseController->index()
#1 C:\wamp64\www\etfvesti\vendor\codeigniter4\framework\system\CodeIgniter.php(398): CodeIgniter\CodeIgniter->runController(Object(App\Controllers\Korisnik))
#2 C:\wamp64\www\etfvesti\vendor\codeigniter4\framework\system\CodeIgniter.php(306): CodeIgniter\CodeIgniter->handleRequest(NULL, Object(Config\Cache), false)
#3 C:\wamp64\www\etfvesti\public\index.php(45): CodeIgniter\CodeIgniter->run()
#4 C:\wamp64\www\etfvesti\vendor\codeigniter4\framework\system\Commands\Server\rewrite.php(34): require_once('C:\\wamp64\\www\\e...')
#5 {main}
CRITICAL - 2020-04-12 17:14:29 --> Class 'CodeIgniter\PageNotFoundException' not found
#0 C:\wamp64\www\etfvesti\app\Controllers\BaseController.php(53): App\Controllers\BaseController->prikaz('vesti', Array)
#1 C:\wamp64\www\etfvesti\vendor\codeigniter4\framework\system\CodeIgniter.php(910): App\Controllers\BaseController->index()
#2 C:\wamp64\www\etfvesti\vendor\codeigniter4\framework\system\CodeIgniter.php(398): CodeIgniter\CodeIgniter->runController(Object(App\Controllers\Korisnik))
#3 C:\wamp64\www\etfvesti\vendor\codeigniter4\framework\system\CodeIgniter.php(306): CodeIgniter\CodeIgniter->handleRequest(NULL, Object(Config\Cache), false)
#4 C:\wamp64\www\etfvesti\public\index.php(45): CodeIgniter\CodeIgniter->run()
#5 C:\wamp64\www\etfvesti\vendor\codeigniter4\framework\system\Commands\Server\rewrite.php(34): require_once('C:\\wamp64\\www\\e...')
#6 {main}
CRITICAL - 2020-04-12 17:16:17 --> Class 'CodeIgniter\PageNotFoundException' not found
#0 C:\wamp64\www\etfvesti\app\Controllers\BaseController.php(53): App\Controllers\BaseController->prikaz('vesti', Array)
#1 C:\wamp64\www\etfvesti\vendor\codeigniter4\framework\system\CodeIgniter.php(910): App\Controllers\BaseController->index()
#2 C:\wamp64\www\etfvesti\vendor\codeigniter4\framework\system\CodeIgniter.php(398): CodeIgniter\CodeIgniter->runController(Object(App\Controllers\Korisnik))
#3 C:\wamp64\www\etfvesti\vendor\codeigniter4\framework\system\CodeIgniter.php(306): CodeIgniter\CodeIgniter->handleRequest(NULL, Object(Config\Cache), false)
#4 C:\wamp64\www\etfvesti\public\index.php(45): CodeIgniter\CodeIgniter->run()
#5 C:\wamp64\www\etfvesti\vendor\codeigniter4\framework\system\Commands\Server\rewrite.php(34): require_once('C:\\wamp64\\www\\e...')
#6 {main}
CRITICAL - 2020-04-12 17:18:42 --> Access level to App\Controllers\Korisnik::prikaz() must be public (as in class App\Controllers\BaseController)
#0 [internal function]: CodeIgniter\Debug\Exceptions->shutdownHandler()
#1 {main}
CRITICAL - 2020-04-12 17:46:02 --> Class 'App\Filters\UserFilter' not found
#0 C:\wamp64\www\etfvesti\vendor\codeigniter4\framework\system\CodeIgniter.php(376): CodeIgniter\Filters\Filters->run('Korisnik/3', 'before')
#1 C:\wamp64\www\etfvesti\vendor\codeigniter4\framework\system\CodeIgniter.php(306): CodeIgniter\CodeIgniter->handleRequest(NULL, Object(Config\Cache), false)
#2 C:\wamp64\www\etfvesti\public\index.php(45): CodeIgniter\CodeIgniter->run()
#3 C:\wamp64\www\etfvesti\vendor\codeigniter4\framework\system\Commands\Server\rewrite.php(34): require_once('C:\\wamp64\\www\\e...')
#4 {main}
