CRITICAL - 2020-05-31 07:21:18 --> Undefined offset: 0
#0 C:\wamp64\www\finale\app\Controllers\AdministratorInbox.php(49): CodeIgniter\Debug\Exceptions->errorHandler(8, 'Undefined offse...', 'C:\\wamp64\\www\\f...', 49, Array)
#1 C:\wamp64\www\finale\vendor\codeigniter4\framework\system\CodeIgniter.php(910): App\Controllers\AdministratorInbox->inboxChecked()
#2 C:\wamp64\www\finale\vendor\codeigniter4\framework\system\CodeIgniter.php(398): CodeIgniter\CodeIgniter->runController(Object(App\Controllers\AdministratorInbox))
#3 C:\wamp64\www\finale\vendor\codeigniter4\framework\system\CodeIgniter.php(306): CodeIgniter\CodeIgniter->handleRequest(NULL, Object(Config\Cache), false)
#4 C:\wamp64\www\finale\public\index.php(45): CodeIgniter\CodeIgniter->run()
#5 C:\wamp64\www\finale\vendor\codeigniter4\framework\system\Commands\Server\rewrite.php(34): require_once('C:\\wamp64\\www\\f...')
#6 {main}
CRITICAL - 2020-05-31 11:36:36 --> Undefined offset: 0
#0 C:\wamp64\www\zavrsno\app\Controllers\AdministratorInbox.php(49): CodeIgniter\Debug\Exceptions->errorHandler(8, 'Undefined offse...', 'C:\\wamp64\\www\\z...', 49, Array)
#1 C:\wamp64\www\zavrsno\vendor\codeigniter4\framework\system\CodeIgniter.php(910): App\Controllers\AdministratorInbox->inboxChecked()
#2 C:\wamp64\www\zavrsno\vendor\codeigniter4\framework\system\CodeIgniter.php(398): CodeIgniter\CodeIgniter->runController(Object(App\Controllers\AdministratorInbox))
#3 C:\wamp64\www\zavrsno\vendor\codeigniter4\framework\system\CodeIgniter.php(306): CodeIgniter\CodeIgniter->handleRequest(NULL, Object(Config\Cache), false)
#4 C:\wamp64\www\zavrsno\public\index.php(45): CodeIgniter\CodeIgniter->run()
#5 C:\wamp64\www\zavrsno\vendor\codeigniter4\framework\system\Commands\Server\rewrite.php(34): require_once('C:\\wamp64\\www\\z...')
#6 {main}
CRITICAL - 2020-05-31 13:00:21 --> Invalid file: stranice/AdministratorInbox.php
#0 C:\wamp64\www\zavrsno\vendor\codeigniter4\framework\system\View\View.php(224): CodeIgniter\Exceptions\FrameworkException::forInvalidFile('stranice/Admini...')
#1 C:\wamp64\www\zavrsno\vendor\codeigniter4\framework\system\Common.php(1071): CodeIgniter\View\View->render('stranice/Admini...', Array, true)
#2 C:\wamp64\www\zavrsno\app\Controllers\AdministratorInbox.php(30): view('stranice/Admini...', Array)
#3 C:\wamp64\www\zavrsno\app\Controllers\AdministratorInbox.php(43): App\Controllers\AdministratorInbox->prikaz1('AdministratorIn...', Array)
#4 C:\wamp64\www\zavrsno\vendor\codeigniter4\framework\system\CodeIgniter.php(910): App\Controllers\AdministratorInbox->inboxChecked()
#5 C:\wamp64\www\zavrsno\vendor\codeigniter4\framework\system\CodeIgniter.php(398): CodeIgniter\CodeIgniter->runController(Object(App\Controllers\AdministratorInbox))
#6 C:\wamp64\www\zavrsno\vendor\codeigniter4\framework\system\CodeIgniter.php(306): CodeIgniter\CodeIgniter->handleRequest(NULL, Object(Config\Cache), false)
#7 C:\wamp64\www\zavrsno\public\index.php(45): CodeIgniter\CodeIgniter->run()
#8 C:\wamp64\www\zavrsno\vendor\codeigniter4\framework\system\Commands\Server\rewrite.php(34): require_once('C:\\wamp64\\www\\z...')
#9 {main}
CRITICAL - 2020-05-31 13:02:12 --> Array to string conversion
#0 C:\wamp64\www\zavrsno\app\Views\stranice\AdminInbox.php(101): CodeIgniter\Debug\Exceptions->errorHandler(8, 'Array to string...', 'C:\\wamp64\\www\\z...', 101, Array)
#1 C:\wamp64\www\zavrsno\vendor\codeigniter4\framework\system\View\View.php(236): include('C:\\wamp64\\www\\z...')
#2 C:\wamp64\www\zavrsno\vendor\codeigniter4\framework\system\Common.php(1071): CodeIgniter\View\View->render('stranice/AdminI...', Array, true)
#3 C:\wamp64\www\zavrsno\app\Controllers\AdministratorInbox.php(30): view('stranice/AdminI...', Array)
#4 C:\wamp64\www\zavrsno\app\Controllers\AdministratorInbox.php(23): App\Controllers\AdministratorInbox->prikaz1('AdminInbox', Array)
#5 C:\wamp64\www\zavrsno\app\Controllers\AdministratorInbox.php(43): App\Controllers\AdministratorInbox->index(Array)
#6 C:\wamp64\www\zavrsno\vendor\codeigniter4\framework\system\CodeIgniter.php(910): App\Controllers\AdministratorInbox->inboxChecked()
#7 C:\wamp64\www\zavrsno\vendor\codeigniter4\framework\system\CodeIgniter.php(398): CodeIgniter\CodeIgniter->runController(Object(App\Controllers\AdministratorInbox))
#8 C:\wamp64\www\zavrsno\vendor\codeigniter4\framework\system\CodeIgniter.php(306): CodeIgniter\CodeIgniter->handleRequest(NULL, Object(Config\Cache), false)
#9 C:\wamp64\www\zavrsno\public\index.php(45): CodeIgniter\CodeIgniter->run()
#10 C:\wamp64\www\zavrsno\vendor\codeigniter4\framework\system\Commands\Server\rewrite.php(34): require_once('C:\\wamp64\\www\\z...')
#11 {main}
CRITICAL - 2020-05-31 13:03:53 --> Array to string conversion
#0 C:\wamp64\www\zavrsno\app\Views\stranice\AdminInbox.php(101): CodeIgniter\Debug\Exceptions->errorHandler(8, 'Array to string...', 'C:\\wamp64\\www\\z...', 101, Array)
#1 C:\wamp64\www\zavrsno\vendor\codeigniter4\framework\system\View\View.php(236): include('C:\\wamp64\\www\\z...')
#2 C:\wamp64\www\zavrsno\vendor\codeigniter4\framework\system\Common.php(1071): CodeIgniter\View\View->render('stranice/AdminI...', Array, true)
#3 C:\wamp64\www\zavrsno\app\Controllers\AdministratorInbox.php(30): view('stranice/AdminI...', Array)
#4 C:\wamp64\www\zavrsno\app\Controllers\AdministratorInbox.php(23): App\Controllers\AdministratorInbox->prikaz1('AdminInbox', Array)
#5 C:\wamp64\www\zavrsno\app\Controllers\AdministratorInbox.php(43): App\Controllers\AdministratorInbox->index(Array)
#6 C:\wamp64\www\zavrsno\vendor\codeigniter4\framework\system\CodeIgniter.php(910): App\Controllers\AdministratorInbox->inboxChecked()
#7 C:\wamp64\www\zavrsno\vendor\codeigniter4\framework\system\CodeIgniter.php(398): CodeIgniter\CodeIgniter->runController(Object(App\Controllers\AdministratorInbox))
#8 C:\wamp64\www\zavrsno\vendor\codeigniter4\framework\system\CodeIgniter.php(306): CodeIgniter\CodeIgniter->handleRequest(NULL, Object(Config\Cache), false)
#9 C:\wamp64\www\zavrsno\public\index.php(45): CodeIgniter\CodeIgniter->run()
#10 C:\wamp64\www\zavrsno\vendor\codeigniter4\framework\system\Commands\Server\rewrite.php(34): require_once('C:\\wamp64\\www\\z...')
#11 {main}
