CRITICAL - 2020-05-26 08:09:13 --> Undefined property: stdClass::$ImeDestinacije
#0 C:\wamp64\www\vaseputovanje\app\Controllers\Gost.php(228): CodeIgniter\Debug\Exceptions->errorHandler(8, 'Undefined prope...', 'C:\\wamp64\\www\\v...', 228, Array)
#1 C:\wamp64\www\vaseputovanje\vendor\codeigniter4\framework\system\CodeIgniter.php(910): App\Controllers\Gost->pronadji_idealno()
#2 C:\wamp64\www\vaseputovanje\vendor\codeigniter4\framework\system\CodeIgniter.php(398): CodeIgniter\CodeIgniter->runController(Object(App\Controllers\Gost))
#3 C:\wamp64\www\vaseputovanje\vendor\codeigniter4\framework\system\CodeIgniter.php(306): CodeIgniter\CodeIgniter->handleRequest(NULL, Object(Config\Cache), false)
#4 C:\wamp64\www\vaseputovanje\public\index.php(45): CodeIgniter\CodeIgniter->run()
#5 C:\wamp64\www\vaseputovanje\vendor\codeigniter4\framework\system\Commands\Server\rewrite.php(34): require_once('C:\\wamp64\\www\\v...')
#6 {main}
CRITICAL - 2020-05-26 08:57:53 --> Object of class stdClass could not be converted to string
#0 C:\wamp64\www\vaseputovanje\app\Views\stranice\PredlogPutovanja.php(16): CodeIgniter\Debug\Exceptions->errorHandler(4096, 'Object of class...', 'C:\\wamp64\\www\\v...', 16, Array)
#1 C:\wamp64\www\vaseputovanje\vendor\codeigniter4\framework\system\View\View.php(236): include('C:\\wamp64\\www\\v...')
#2 C:\wamp64\www\vaseputovanje\vendor\codeigniter4\framework\system\Common.php(1071): CodeIgniter\View\View->render('stranice/Predlo...', Array, true)
#3 C:\wamp64\www\vaseputovanje\app\Controllers\Gost.php(21): view('stranice/Predlo...', Array)
#4 C:\wamp64\www\vaseputovanje\app\Controllers\Gost.php(225): App\Controllers\Gost->prikaz('PredlogPutovanj...', Array)
#5 C:\wamp64\www\vaseputovanje\vendor\codeigniter4\framework\system\CodeIgniter.php(910): App\Controllers\Gost->pronadji_idealno()
#6 C:\wamp64\www\vaseputovanje\vendor\codeigniter4\framework\system\CodeIgniter.php(398): CodeIgniter\CodeIgniter->runController(Object(App\Controllers\Gost))
#7 C:\wamp64\www\vaseputovanje\vendor\codeigniter4\framework\system\CodeIgniter.php(306): CodeIgniter\CodeIgniter->handleRequest(NULL, Object(Config\Cache), false)
#8 C:\wamp64\www\vaseputovanje\public\index.php(45): CodeIgniter\CodeIgniter->run()
#9 C:\wamp64\www\vaseputovanje\vendor\codeigniter4\framework\system\Commands\Server\rewrite.php(34): require_once('C:\\wamp64\\www\\v...')
#10 {main}
CRITICAL - 2020-05-26 10:11:02 --> Undefined property: stdClass::$Slika
#0 C:\wamp64\www\vaseputovanje\app\Views\stranice\PredlogPutovanja.php(16): CodeIgniter\Debug\Exceptions->errorHandler(8, 'Undefined prope...', 'C:\\wamp64\\www\\v...', 16, Array)
#1 C:\wamp64\www\vaseputovanje\vendor\codeigniter4\framework\system\View\View.php(236): include('C:\\wamp64\\www\\v...')
#2 C:\wamp64\www\vaseputovanje\vendor\codeigniter4\framework\system\Common.php(1071): CodeIgniter\View\View->render('stranice/Predlo...', Array, true)
#3 C:\wamp64\www\vaseputovanje\app\Controllers\Gost.php(21): view('stranice/Predlo...', Array)
#4 C:\wamp64\www\vaseputovanje\app\Controllers\Gost.php(225): App\Controllers\Gost->prikaz('PredlogPutovanj...', Array)
#5 C:\wamp64\www\vaseputovanje\vendor\codeigniter4\framework\system\CodeIgniter.php(910): App\Controllers\Gost->pronadji_idealno()
#6 C:\wamp64\www\vaseputovanje\vendor\codeigniter4\framework\system\CodeIgniter.php(398): CodeIgniter\CodeIgniter->runController(Object(App\Controllers\Gost))
#7 C:\wamp64\www\vaseputovanje\vendor\codeigniter4\framework\system\CodeIgniter.php(306): CodeIgniter\CodeIgniter->handleRequest(NULL, Object(Config\Cache), false)
#8 C:\wamp64\www\vaseputovanje\public\index.php(45): CodeIgniter\CodeIgniter->run()
#9 C:\wamp64\www\vaseputovanje\vendor\codeigniter4\framework\system\Commands\Server\rewrite.php(34): require_once('C:\\wamp64\\www\\v...')
#10 {main}
CRITICAL - 2020-05-26 16:52:35 --> Unknown database 'vaseputovanjenasabriga'
#0 C:\wamp64\www\vaseputovanje\vaseputovanje\vendor\codeigniter4\framework\system\Database\BaseConnection.php(377): CodeIgniter\Database\MySQLi\Connection->connect(false)
#1 C:\wamp64\www\vaseputovanje\vaseputovanje\vendor\codeigniter4\framework\system\Database\BaseConnection.php(643): CodeIgniter\Database\BaseConnection->initialize()
#2 C:\wamp64\www\vaseputovanje\vaseputovanje\vendor\codeigniter4\framework\system\Database\BaseBuilder.php(1819): CodeIgniter\Database\BaseConnection->query('SELECT *\nFROM `...', Array, false)
#3 C:\wamp64\www\vaseputovanje\vaseputovanje\vendor\codeigniter4\framework\system\Model.php(381): CodeIgniter\Database\BaseBuilder->get()
#4 C:\wamp64\www\vaseputovanje\vaseputovanje\app\Controllers\Gost.php(132): CodeIgniter\Model->find('danilodrobnjak')
#5 C:\wamp64\www\vaseputovanje\vaseputovanje\vendor\codeigniter4\framework\system\CodeIgniter.php(910): App\Controllers\Gost->loginSubmit()
#6 C:\wamp64\www\vaseputovanje\vaseputovanje\vendor\codeigniter4\framework\system\CodeIgniter.php(398): CodeIgniter\CodeIgniter->runController(Object(App\Controllers\Gost))
#7 C:\wamp64\www\vaseputovanje\vaseputovanje\vendor\codeigniter4\framework\system\CodeIgniter.php(306): CodeIgniter\CodeIgniter->handleRequest(NULL, Object(Config\Cache), false)
#8 C:\wamp64\www\vaseputovanje\vaseputovanje\public\index.php(45): CodeIgniter\CodeIgniter->run()
#9 C:\wamp64\www\vaseputovanje\vaseputovanje\vendor\codeigniter4\framework\system\Commands\Server\rewrite.php(34): require_once('C:\\wamp64\\www\\v...')
#10 {main}
CRITICAL - 2020-05-26 17:08:50 --> Class 'App\Controllers\KorisnikModel' not found
#0 C:\wamp64\www\vaseputovanje\vaseputovanje\vendor\codeigniter4\framework\system\CodeIgniter.php(910): App\Controllers\Administrator->dohv()
#1 C:\wamp64\www\vaseputovanje\vaseputovanje\vendor\codeigniter4\framework\system\CodeIgniter.php(398): CodeIgniter\CodeIgniter->runController(Object(App\Controllers\Administrator))
#2 C:\wamp64\www\vaseputovanje\vaseputovanje\vendor\codeigniter4\framework\system\CodeIgniter.php(306): CodeIgniter\CodeIgniter->handleRequest(NULL, Object(Config\Cache), false)
#3 C:\wamp64\www\vaseputovanje\vaseputovanje\public\index.php(45): CodeIgniter\CodeIgniter->run()
#4 C:\wamp64\www\vaseputovanje\vaseputovanje\vendor\codeigniter4\framework\system\Commands\Server\rewrite.php(34): require_once('C:\\wamp64\\www\\v...')
#5 {main}
CRITICAL - 2020-05-26 17:09:03 --> Class 'App\Controllers\KorisnikModel' not found
#0 C:\wamp64\www\vaseputovanje\vaseputovanje\vendor\codeigniter4\framework\system\CodeIgniter.php(910): App\Controllers\Administrator->dohv()
#1 C:\wamp64\www\vaseputovanje\vaseputovanje\vendor\codeigniter4\framework\system\CodeIgniter.php(398): CodeIgniter\CodeIgniter->runController(Object(App\Controllers\Administrator))
#2 C:\wamp64\www\vaseputovanje\vaseputovanje\vendor\codeigniter4\framework\system\CodeIgniter.php(306): CodeIgniter\CodeIgniter->handleRequest(NULL, Object(Config\Cache), false)
#3 C:\wamp64\www\vaseputovanje\vaseputovanje\public\index.php(45): CodeIgniter\CodeIgniter->run()
#4 C:\wamp64\www\vaseputovanje\vaseputovanje\vendor\codeigniter4\framework\system\Commands\Server\rewrite.php(34): require_once('C:\\wamp64\\www\\v...')
#5 {main}
CRITICAL - 2020-05-26 17:09:11 --> Class 'App\Controllers\KorisnikModel' not found
#0 C:\wamp64\www\vaseputovanje\vaseputovanje\vendor\codeigniter4\framework\system\CodeIgniter.php(910): App\Controllers\Administrator->dohv()
#1 C:\wamp64\www\vaseputovanje\vaseputovanje\vendor\codeigniter4\framework\system\CodeIgniter.php(398): CodeIgniter\CodeIgniter->runController(Object(App\Controllers\Administrator))
#2 C:\wamp64\www\vaseputovanje\vaseputovanje\vendor\codeigniter4\framework\system\CodeIgniter.php(306): CodeIgniter\CodeIgniter->handleRequest(NULL, Object(Config\Cache), false)
#3 C:\wamp64\www\vaseputovanje\vaseputovanje\public\index.php(45): CodeIgniter\CodeIgniter->run()
#4 C:\wamp64\www\vaseputovanje\vaseputovanje\vendor\codeigniter4\framework\system\Commands\Server\rewrite.php(34): require_once('C:\\wamp64\\www\\v...')
#5 {main}
CRITICAL - 2020-05-26 17:09:41 --> Class 'App\Controllers\KorisnikModel' not found
#0 C:\wamp64\www\vaseputovanje\vaseputovanje\vendor\codeigniter4\framework\system\CodeIgniter.php(910): App\Controllers\Administrator->dohv()
#1 C:\wamp64\www\vaseputovanje\vaseputovanje\vendor\codeigniter4\framework\system\CodeIgniter.php(398): CodeIgniter\CodeIgniter->runController(Object(App\Controllers\Administrator))
#2 C:\wamp64\www\vaseputovanje\vaseputovanje\vendor\codeigniter4\framework\system\CodeIgniter.php(306): CodeIgniter\CodeIgniter->handleRequest(NULL, Object(Config\Cache), false)
#3 C:\wamp64\www\vaseputovanje\vaseputovanje\public\index.php(45): CodeIgniter\CodeIgniter->run()
#4 C:\wamp64\www\vaseputovanje\vaseputovanje\vendor\codeigniter4\framework\system\Commands\Server\rewrite.php(34): require_once('C:\\wamp64\\www\\v...')
#5 {main}
CRITICAL - 2020-05-26 17:12:20 --> Class 'App\Controllers\KorisnikModel' not found
#0 C:\wamp64\www\vaseputovanje\vaseputovanje\vendor\codeigniter4\framework\system\CodeIgniter.php(910): App\Controllers\Administrator->dohv()
#1 C:\wamp64\www\vaseputovanje\vaseputovanje\vendor\codeigniter4\framework\system\CodeIgniter.php(398): CodeIgniter\CodeIgniter->runController(Object(App\Controllers\Administrator))
#2 C:\wamp64\www\vaseputovanje\vaseputovanje\vendor\codeigniter4\framework\system\CodeIgniter.php(306): CodeIgniter\CodeIgniter->handleRequest(NULL, Object(Config\Cache), false)
#3 C:\wamp64\www\vaseputovanje\vaseputovanje\public\index.php(45): CodeIgniter\CodeIgniter->run()
#4 C:\wamp64\www\vaseputovanje\vaseputovanje\vendor\codeigniter4\framework\system\Commands\Server\rewrite.php(34): require_once('C:\\wamp64\\www\\v...')
#5 {main}
CRITICAL - 2020-05-26 17:12:21 --> Class 'App\Controllers\KorisnikModel' not found
#0 C:\wamp64\www\vaseputovanje\vaseputovanje\vendor\codeigniter4\framework\system\CodeIgniter.php(910): App\Controllers\Administrator->dohv()
#1 C:\wamp64\www\vaseputovanje\vaseputovanje\vendor\codeigniter4\framework\system\CodeIgniter.php(398): CodeIgniter\CodeIgniter->runController(Object(App\Controllers\Administrator))
#2 C:\wamp64\www\vaseputovanje\vaseputovanje\vendor\codeigniter4\framework\system\CodeIgniter.php(306): CodeIgniter\CodeIgniter->handleRequest(NULL, Object(Config\Cache), false)
#3 C:\wamp64\www\vaseputovanje\vaseputovanje\public\index.php(45): CodeIgniter\CodeIgniter->run()
#4 C:\wamp64\www\vaseputovanje\vaseputovanje\vendor\codeigniter4\framework\system\Commands\Server\rewrite.php(34): require_once('C:\\wamp64\\www\\v...')
#5 {main}
CRITICAL - 2020-05-26 17:12:45 --> Class 'App\Controllers\KorisnikModel' not found
#0 C:\wamp64\www\vaseputovanje\vaseputovanje\vendor\codeigniter4\framework\system\CodeIgniter.php(910): App\Controllers\Administrator->dohv()
#1 C:\wamp64\www\vaseputovanje\vaseputovanje\vendor\codeigniter4\framework\system\CodeIgniter.php(398): CodeIgniter\CodeIgniter->runController(Object(App\Controllers\Administrator))
#2 C:\wamp64\www\vaseputovanje\vaseputovanje\vendor\codeigniter4\framework\system\CodeIgniter.php(306): CodeIgniter\CodeIgniter->handleRequest(NULL, Object(Config\Cache), false)
#3 C:\wamp64\www\vaseputovanje\vaseputovanje\public\index.php(45): CodeIgniter\CodeIgniter->run()
#4 C:\wamp64\www\vaseputovanje\vaseputovanje\vendor\codeigniter4\framework\system\Commands\Server\rewrite.php(34): require_once('C:\\wamp64\\www\\v...')
#5 {main}
CRITICAL - 2020-05-26 17:14:01 --> Class 'App\Controllers\KorisnikModel' not found
#0 C:\wamp64\www\vaseputovanje\vaseputovanje\vendor\codeigniter4\framework\system\CodeIgniter.php(910): App\Controllers\Administrator->dohv()
#1 C:\wamp64\www\vaseputovanje\vaseputovanje\vendor\codeigniter4\framework\system\CodeIgniter.php(398): CodeIgniter\CodeIgniter->runController(Object(App\Controllers\Administrator))
#2 C:\wamp64\www\vaseputovanje\vaseputovanje\vendor\codeigniter4\framework\system\CodeIgniter.php(306): CodeIgniter\CodeIgniter->handleRequest(NULL, Object(Config\Cache), false)
#3 C:\wamp64\www\vaseputovanje\vaseputovanje\public\index.php(45): CodeIgniter\CodeIgniter->run()
#4 C:\wamp64\www\vaseputovanje\vaseputovanje\vendor\codeigniter4\framework\system\Commands\Server\rewrite.php(34): require_once('C:\\wamp64\\www\\v...')
#5 {main}
CRITICAL - 2020-05-26 17:14:16 --> Class 'App\Controllers\KorisnikModel' not found
#0 C:\wamp64\www\vaseputovanje\vaseputovanje\vendor\codeigniter4\framework\system\CodeIgniter.php(910): App\Controllers\Administrator->dohv()
#1 C:\wamp64\www\vaseputovanje\vaseputovanje\vendor\codeigniter4\framework\system\CodeIgniter.php(398): CodeIgniter\CodeIgniter->runController(Object(App\Controllers\Administrator))
#2 C:\wamp64\www\vaseputovanje\vaseputovanje\vendor\codeigniter4\framework\system\CodeIgniter.php(306): CodeIgniter\CodeIgniter->handleRequest(NULL, Object(Config\Cache), false)
#3 C:\wamp64\www\vaseputovanje\vaseputovanje\public\index.php(45): CodeIgniter\CodeIgniter->run()
#4 C:\wamp64\www\vaseputovanje\vaseputovanje\vendor\codeigniter4\framework\system\Commands\Server\rewrite.php(34): require_once('C:\\wamp64\\www\\v...')
#5 {main}
CRITICAL - 2020-05-26 17:14:45 --> Class 'App\Controllers\KorisnikModel' not found
#0 C:\wamp64\www\vaseputovanje\vaseputovanje\vendor\codeigniter4\framework\system\CodeIgniter.php(910): App\Controllers\Administrator->dohv()
#1 C:\wamp64\www\vaseputovanje\vaseputovanje\vendor\codeigniter4\framework\system\CodeIgniter.php(398): CodeIgniter\CodeIgniter->runController(Object(App\Controllers\Administrator))
#2 C:\wamp64\www\vaseputovanje\vaseputovanje\vendor\codeigniter4\framework\system\CodeIgniter.php(306): CodeIgniter\CodeIgniter->handleRequest(NULL, Object(Config\Cache), false)
#3 C:\wamp64\www\vaseputovanje\vaseputovanje\public\index.php(45): CodeIgniter\CodeIgniter->run()
#4 C:\wamp64\www\vaseputovanje\vaseputovanje\vendor\codeigniter4\framework\system\Commands\Server\rewrite.php(34): require_once('C:\\wamp64\\www\\v...')
#5 {main}
CRITICAL - 2020-05-26 17:15:07 --> Class 'App\Controllers\KorisnikModel' not found
#0 C:\wamp64\www\vaseputovanje\vaseputovanje\vendor\codeigniter4\framework\system\CodeIgniter.php(910): App\Controllers\Administrator->dohv()
#1 C:\wamp64\www\vaseputovanje\vaseputovanje\vendor\codeigniter4\framework\system\CodeIgniter.php(398): CodeIgniter\CodeIgniter->runController(Object(App\Controllers\Administrator))
#2 C:\wamp64\www\vaseputovanje\vaseputovanje\vendor\codeigniter4\framework\system\CodeIgniter.php(306): CodeIgniter\CodeIgniter->handleRequest(NULL, Object(Config\Cache), false)
#3 C:\wamp64\www\vaseputovanje\vaseputovanje\public\index.php(45): CodeIgniter\CodeIgniter->run()
#4 C:\wamp64\www\vaseputovanje\vaseputovanje\vendor\codeigniter4\framework\system\Commands\Server\rewrite.php(34): require_once('C:\\wamp64\\www\\v...')
#5 {main}
CRITICAL - 2020-05-26 17:22:30 --> Undefined index: q
#0 C:\wamp64\www\vaseputovanje\vaseputovanje\app\Controllers\Administrator.php(68): CodeIgniter\Debug\Exceptions->errorHandler(8, 'Undefined index...', 'C:\\wamp64\\www\\v...', 68, Array)
#1 C:\wamp64\www\vaseputovanje\vaseputovanje\vendor\codeigniter4\framework\system\CodeIgniter.php(910): App\Controllers\Administrator->dohV()
#2 C:\wamp64\www\vaseputovanje\vaseputovanje\vendor\codeigniter4\framework\system\CodeIgniter.php(398): CodeIgniter\CodeIgniter->runController(Object(App\Controllers\Administrator))
#3 C:\wamp64\www\vaseputovanje\vaseputovanje\vendor\codeigniter4\framework\system\CodeIgniter.php(306): CodeIgniter\CodeIgniter->handleRequest(NULL, Object(Config\Cache), false)
#4 C:\wamp64\www\vaseputovanje\vaseputovanje\public\index.php(45): CodeIgniter\CodeIgniter->run()
#5 C:\wamp64\www\vaseputovanje\vaseputovanje\vendor\codeigniter4\framework\system\Commands\Server\rewrite.php(34): require_once('C:\\wamp64\\www\\v...')
#6 {main}
CRITICAL - 2020-05-26 17:25:51 --> Undefined variable: Username
#0 C:\wamp64\www\vaseputovanje\vaseputovanje\app\Controllers\Administrator.php(73): CodeIgniter\Debug\Exceptions->errorHandler(8, 'Undefined varia...', 'C:\\wamp64\\www\\v...', 73, Array)
#1 C:\wamp64\www\vaseputovanje\vaseputovanje\vendor\codeigniter4\framework\system\CodeIgniter.php(910): App\Controllers\Administrator->dohV()
#2 C:\wamp64\www\vaseputovanje\vaseputovanje\vendor\codeigniter4\framework\system\CodeIgniter.php(398): CodeIgniter\CodeIgniter->runController(Object(App\Controllers\Administrator))
#3 C:\wamp64\www\vaseputovanje\vaseputovanje\vendor\codeigniter4\framework\system\CodeIgniter.php(306): CodeIgniter\CodeIgniter->handleRequest(NULL, Object(Config\Cache), false)
#4 C:\wamp64\www\vaseputovanje\vaseputovanje\public\index.php(45): CodeIgniter\CodeIgniter->run()
#5 C:\wamp64\www\vaseputovanje\vaseputovanje\vendor\codeigniter4\framework\system\Commands\Server\rewrite.php(34): require_once('C:\\wamp64\\www\\v...')
#6 {main}
CRITICAL - 2020-05-26 17:26:29 --> Undefined variable: Username
#0 C:\wamp64\www\vaseputovanje\vaseputovanje\app\Controllers\Administrator.php(73): CodeIgniter\Debug\Exceptions->errorHandler(8, 'Undefined varia...', 'C:\\wamp64\\www\\v...', 73, Array)
#1 C:\wamp64\www\vaseputovanje\vaseputovanje\vendor\codeigniter4\framework\system\CodeIgniter.php(910): App\Controllers\Administrator->dohV()
#2 C:\wamp64\www\vaseputovanje\vaseputovanje\vendor\codeigniter4\framework\system\CodeIgniter.php(398): CodeIgniter\CodeIgniter->runController(Object(App\Controllers\Administrator))
#3 C:\wamp64\www\vaseputovanje\vaseputovanje\vendor\codeigniter4\framework\system\CodeIgniter.php(306): CodeIgniter\CodeIgniter->handleRequest(NULL, Object(Config\Cache), false)
#4 C:\wamp64\www\vaseputovanje\vaseputovanje\public\index.php(45): CodeIgniter\CodeIgniter->run()
#5 C:\wamp64\www\vaseputovanje\vaseputovanje\vendor\codeigniter4\framework\system\Commands\Server\rewrite.php(34): require_once('C:\\wamp64\\www\\v...')
#6 {main}
CRITICAL - 2020-05-26 17:45:03 --> syntax error, unexpected '$q' (T_VARIABLE)
#0 C:\wamp64\www\vaseputovanje\vaseputovanje\vendor\codeigniter4\framework\system\Router\Router.php(192): CodeIgniter\Router\Router->autoRoute('Administrator/i...')
#1 C:\wamp64\www\vaseputovanje\vaseputovanje\vendor\codeigniter4\framework\system\CodeIgniter.php(785): CodeIgniter\Router\Router->handle('Administrator/i...')
#2 C:\wamp64\www\vaseputovanje\vaseputovanje\vendor\codeigniter4\framework\system\CodeIgniter.php(358): CodeIgniter\CodeIgniter->tryToRouteIt(Object(CodeIgniter\Router\RouteCollection))
#3 C:\wamp64\www\vaseputovanje\vaseputovanje\vendor\codeigniter4\framework\system\CodeIgniter.php(306): CodeIgniter\CodeIgniter->handleRequest(NULL, Object(Config\Cache), false)
#4 C:\wamp64\www\vaseputovanje\vaseputovanje\public\index.php(45): CodeIgniter\CodeIgniter->run()
#5 C:\wamp64\www\vaseputovanje\vaseputovanje\vendor\codeigniter4\framework\system\Commands\Server\rewrite.php(34): require_once('C:\\wamp64\\www\\v...')
#6 {main}
CRITICAL - 2020-05-26 18:05:54 --> Invalid file: stranice/ajaxsearch .php
#0 C:\wamp64\www\vaseputovanje\vaseputovanje\vendor\codeigniter4\framework\system\View\View.php(224): CodeIgniter\Exceptions\FrameworkException::forInvalidFile('stranice/ajaxse...')
#1 C:\wamp64\www\vaseputovanje\vaseputovanje\vendor\codeigniter4\framework\system\Common.php(1071): CodeIgniter\View\View->render('stranice/ajaxse...', Array, true)
#2 C:\wamp64\www\vaseputovanje\vaseputovanje\app\Controllers\AjaxController.php(34): view('stranice/ajaxse...', Array)
#3 C:\wamp64\www\vaseputovanje\vaseputovanje\vendor\codeigniter4\framework\system\CodeIgniter.php(910): App\Controllers\AjaxController->index()
#4 C:\wamp64\www\vaseputovanje\vaseputovanje\vendor\codeigniter4\framework\system\CodeIgniter.php(398): CodeIgniter\CodeIgniter->runController(Object(App\Controllers\AjaxController))
#5 C:\wamp64\www\vaseputovanje\vaseputovanje\vendor\codeigniter4\framework\system\CodeIgniter.php(306): CodeIgniter\CodeIgniter->handleRequest(NULL, Object(Config\Cache), false)
#6 C:\wamp64\www\vaseputovanje\vaseputovanje\public\index.php(45): CodeIgniter\CodeIgniter->run()
#7 C:\wamp64\www\vaseputovanje\vaseputovanje\vendor\codeigniter4\framework\system\Commands\Server\rewrite.php(34): require_once('C:\\wamp64\\www\\v...')
#8 {main}
