CRITICAL - 2020-05-15 05:34:40 --> No connection could be made because the target machine actively refused it.

#0 C:\wamp64\www\etfvest\vendor\codeigniter4\framework\system\Database\BaseConnection.php(377): CodeIgniter\Database\MySQLi\Connection->connect(false)
#1 C:\wamp64\www\etfvest\vendor\codeigniter4\framework\system\Database\BaseConnection.php(643): CodeIgniter\Database\BaseConnection->initialize()
#2 C:\wamp64\www\etfvest\vendor\codeigniter4\framework\system\Database\BaseBuilder.php(1819): CodeIgniter\Database\BaseConnection->query('SELECT *\nFROM `...', Array, false)
#3 C:\wamp64\www\etfvest\vendor\codeigniter4\framework\system\Model.php(445): CodeIgniter\Database\BaseBuilder->get()
#4 C:\wamp64\www\etfvest\app\Controllers\BaseController.php(53): CodeIgniter\Model->findAll()
#5 C:\wamp64\www\etfvest\vendor\codeigniter4\framework\system\CodeIgniter.php(910): App\Controllers\BaseController->index()
#6 C:\wamp64\www\etfvest\vendor\codeigniter4\framework\system\CodeIgniter.php(398): CodeIgniter\CodeIgniter->runController(Object(App\Controllers\Gost))
#7 C:\wamp64\www\etfvest\vendor\codeigniter4\framework\system\CodeIgniter.php(306): CodeIgniter\CodeIgniter->handleRequest(NULL, Object(Config\Cache), false)
#8 C:\wamp64\www\etfvest\public\index.php(45): CodeIgniter\CodeIgniter->run()
#9 C:\wamp64\www\etfvest\vendor\codeigniter4\framework\system\Commands\Server\rewrite.php(34): require_once('C:\\wamp64\\www\\e...')
#10 {main}
CRITICAL - 2020-05-15 05:35:45 --> No connection could be made because the target machine actively refused it.

#0 C:\wamp64\www\etfvest\vendor\codeigniter4\framework\system\Database\BaseConnection.php(377): CodeIgniter\Database\MySQLi\Connection->connect(false)
#1 C:\wamp64\www\etfvest\vendor\codeigniter4\framework\system\Database\BaseConnection.php(643): CodeIgniter\Database\BaseConnection->initialize()
#2 C:\wamp64\www\etfvest\vendor\codeigniter4\framework\system\Database\BaseBuilder.php(1819): CodeIgniter\Database\BaseConnection->query('SELECT *\nFROM `...', Array, false)
#3 C:\wamp64\www\etfvest\vendor\codeigniter4\framework\system\Model.php(445): CodeIgniter\Database\BaseBuilder->get()
#4 C:\wamp64\www\etfvest\app\Controllers\BaseController.php(53): CodeIgniter\Model->findAll()
#5 C:\wamp64\www\etfvest\vendor\codeigniter4\framework\system\CodeIgniter.php(910): App\Controllers\BaseController->index()
#6 C:\wamp64\www\etfvest\vendor\codeigniter4\framework\system\CodeIgniter.php(398): CodeIgniter\CodeIgniter->runController(Object(App\Controllers\Gost))
#7 C:\wamp64\www\etfvest\vendor\codeigniter4\framework\system\CodeIgniter.php(306): CodeIgniter\CodeIgniter->handleRequest(NULL, Object(Config\Cache), false)
#8 C:\wamp64\www\etfvest\public\index.php(45): CodeIgniter\CodeIgniter->run()
#9 C:\wamp64\www\etfvest\vendor\codeigniter4\framework\system\Commands\Server\rewrite.php(34): require_once('C:\\wamp64\\www\\e...')
#10 {main}
CRITICAL - 2020-05-15 05:37:02 --> No connection could be made because the target machine actively refused it.

#0 C:\wamp64\www\etfvest\vendor\codeigniter4\framework\system\Database\BaseConnection.php(377): CodeIgniter\Database\MySQLi\Connection->connect(false)
#1 C:\wamp64\www\etfvest\vendor\codeigniter4\framework\system\Database\BaseConnection.php(643): CodeIgniter\Database\BaseConnection->initialize()
#2 C:\wamp64\www\etfvest\vendor\codeigniter4\framework\system\Database\BaseBuilder.php(1819): CodeIgniter\Database\BaseConnection->query('SELECT *\nFROM `...', Array, false)
#3 C:\wamp64\www\etfvest\vendor\codeigniter4\framework\system\Model.php(445): CodeIgniter\Database\BaseBuilder->get()
#4 C:\wamp64\www\etfvest\app\Controllers\BaseController.php(53): CodeIgniter\Model->findAll()
#5 C:\wamp64\www\etfvest\vendor\codeigniter4\framework\system\CodeIgniter.php(910): App\Controllers\BaseController->index()
#6 C:\wamp64\www\etfvest\vendor\codeigniter4\framework\system\CodeIgniter.php(398): CodeIgniter\CodeIgniter->runController(Object(App\Controllers\Gost))
#7 C:\wamp64\www\etfvest\vendor\codeigniter4\framework\system\CodeIgniter.php(306): CodeIgniter\CodeIgniter->handleRequest(NULL, Object(Config\Cache), false)
#8 C:\wamp64\www\etfvest\public\index.php(45): CodeIgniter\CodeIgniter->run()
#9 C:\wamp64\www\etfvest\vendor\codeigniter4\framework\system\Commands\Server\rewrite.php(34): require_once('C:\\wamp64\\www\\e...')
#10 {main}
CRITICAL - 2020-05-15 05:42:52 --> Undefined property: App\Controllers\Gost::$validation
#0 C:\wamp64\www\etfvest\app\Controllers\Gost.php(21): CodeIgniter\Debug\Exceptions->errorHandler(8, 'Undefined prope...', 'C:\\wamp64\\www\\e...', 21, Array)
#1 C:\wamp64\www\etfvest\vendor\codeigniter4\framework\system\CodeIgniter.php(910): App\Controllers\Gost->kreirajNalog()
#2 C:\wamp64\www\etfvest\vendor\codeigniter4\framework\system\CodeIgniter.php(398): CodeIgniter\CodeIgniter->runController(Object(App\Controllers\Gost))
#3 C:\wamp64\www\etfvest\vendor\codeigniter4\framework\system\CodeIgniter.php(306): CodeIgniter\CodeIgniter->handleRequest(NULL, Object(Config\Cache), false)
#4 C:\wamp64\www\etfvest\public\index.php(45): CodeIgniter\CodeIgniter->run()
#5 C:\wamp64\www\etfvest\vendor\codeigniter4\framework\system\Commands\Server\rewrite.php(34): require_once('C:\\wamp64\\www\\e...')
#6 {main}
CRITICAL - 2020-05-15 05:43:56 --> Undefined variable: validation
#0 C:\wamp64\www\etfvest\app\Controllers\Gost.php(21): CodeIgniter\Debug\Exceptions->errorHandler(8, 'Undefined varia...', 'C:\\wamp64\\www\\e...', 21, Array)
#1 C:\wamp64\www\etfvest\vendor\codeigniter4\framework\system\CodeIgniter.php(910): App\Controllers\Gost->kreirajNalog()
#2 C:\wamp64\www\etfvest\vendor\codeigniter4\framework\system\CodeIgniter.php(398): CodeIgniter\CodeIgniter->runController(Object(App\Controllers\Gost))
#3 C:\wamp64\www\etfvest\vendor\codeigniter4\framework\system\CodeIgniter.php(306): CodeIgniter\CodeIgniter->handleRequest(NULL, Object(Config\Cache), false)
#4 C:\wamp64\www\etfvest\public\index.php(45): CodeIgniter\CodeIgniter->run()
#5 C:\wamp64\www\etfvest\vendor\codeigniter4\framework\system\Commands\Server\rewrite.php(34): require_once('C:\\wamp64\\www\\e...')
#6 {main}
CRITICAL - 2020-05-15 12:14:04 --> Undefined variable: validation
#0 C:\wamp64\www\etfvest\app\Controllers\Gost.php(23): CodeIgniter\Debug\Exceptions->errorHandler(8, 'Undefined varia...', 'C:\\wamp64\\www\\e...', 23, Array)
#1 C:\wamp64\www\etfvest\vendor\codeigniter4\framework\system\CodeIgniter.php(910): App\Controllers\Gost->kreirajNalog()
#2 C:\wamp64\www\etfvest\vendor\codeigniter4\framework\system\CodeIgniter.php(398): CodeIgniter\CodeIgniter->runController(Object(App\Controllers\Gost))
#3 C:\wamp64\www\etfvest\vendor\codeigniter4\framework\system\CodeIgniter.php(306): CodeIgniter\CodeIgniter->handleRequest(NULL, Object(Config\Cache), false)
#4 C:\wamp64\www\etfvest\public\index.php(45): CodeIgniter\CodeIgniter->run()
#5 C:\wamp64\www\etfvest\vendor\codeigniter4\framework\system\Commands\Server\rewrite.php(34): require_once('C:\\wamp64\\www\\e...')
#6 {main}
CRITICAL - 2020-05-15 12:14:46 --> Undefined variable: validation
#0 C:\wamp64\www\etfvest\app\Controllers\Gost.php(23): CodeIgniter\Debug\Exceptions->errorHandler(8, 'Undefined varia...', 'C:\\wamp64\\www\\e...', 23, Array)
#1 C:\wamp64\www\etfvest\vendor\codeigniter4\framework\system\CodeIgniter.php(910): App\Controllers\Gost->kreirajNalog()
#2 C:\wamp64\www\etfvest\vendor\codeigniter4\framework\system\CodeIgniter.php(398): CodeIgniter\CodeIgniter->runController(Object(App\Controllers\Gost))
#3 C:\wamp64\www\etfvest\vendor\codeigniter4\framework\system\CodeIgniter.php(306): CodeIgniter\CodeIgniter->handleRequest(NULL, Object(Config\Cache), false)
#4 C:\wamp64\www\etfvest\public\index.php(45): CodeIgniter\CodeIgniter->run()
#5 C:\wamp64\www\etfvest\vendor\codeigniter4\framework\system\Commands\Server\rewrite.php(34): require_once('C:\\wamp64\\www\\e...')
#6 {main}
CRITICAL - 2020-05-15 12:14:51 --> Undefined variable: validation
#0 C:\wamp64\www\etfvest\app\Controllers\Gost.php(23): CodeIgniter\Debug\Exceptions->errorHandler(8, 'Undefined varia...', 'C:\\wamp64\\www\\e...', 23, Array)
#1 C:\wamp64\www\etfvest\vendor\codeigniter4\framework\system\CodeIgniter.php(910): App\Controllers\Gost->kreirajNalog()
#2 C:\wamp64\www\etfvest\vendor\codeigniter4\framework\system\CodeIgniter.php(398): CodeIgniter\CodeIgniter->runController(Object(App\Controllers\Gost))
#3 C:\wamp64\www\etfvest\vendor\codeigniter4\framework\system\CodeIgniter.php(306): CodeIgniter\CodeIgniter->handleRequest(NULL, Object(Config\Cache), false)
#4 C:\wamp64\www\etfvest\public\index.php(45): CodeIgniter\CodeIgniter->run()
#5 C:\wamp64\www\etfvest\vendor\codeigniter4\framework\system\Commands\Server\rewrite.php(34): require_once('C:\\wamp64\\www\\e...')
#6 {main}
CRITICAL - 2020-05-15 15:31:43 --> Class 'App\Controllers\KorisnikModel' not found
#0 C:\wamp64\www\etfvest\etfvest\vendor\codeigniter4\framework\system\CodeIgniter.php(910): App\Controllers\Gost->loginSubmit()
#1 C:\wamp64\www\etfvest\etfvest\vendor\codeigniter4\framework\system\CodeIgniter.php(398): CodeIgniter\CodeIgniter->runController(Object(App\Controllers\Gost))
#2 C:\wamp64\www\etfvest\etfvest\vendor\codeigniter4\framework\system\CodeIgniter.php(306): CodeIgniter\CodeIgniter->handleRequest(NULL, Object(Config\Cache), false)
#3 C:\wamp64\www\etfvest\etfvest\public\index.php(45): CodeIgniter\CodeIgniter->run()
#4 C:\wamp64\www\etfvest\etfvest\vendor\codeigniter4\framework\system\Commands\Server\rewrite.php(34): require_once('C:\\wamp64\\www\\e...')
#5 {main}
CRITICAL - 2020-05-15 15:46:27 --> Cannot declare class App\Models\KorisnikModel, because the name is already in use
#0 [internal function]: CodeIgniter\Debug\Exceptions->shutdownHandler()
#1 {main}
CRITICAL - 2020-05-15 16:13:51 --> Allowed memory size of 134217728 bytes exhausted (tried to allocate 20480 bytes)
#0 [internal function]: CodeIgniter\Debug\Exceptions->shutdownHandler()
#1 {main}
CRITICAL - 2020-05-15 16:16:07 --> Allowed memory size of 134217728 bytes exhausted (tried to allocate 20480 bytes)
#0 [internal function]: CodeIgniter\Debug\Exceptions->shutdownHandler()
#1 {main}
CRITICAL - 2020-05-15 16:16:54 --> Allowed memory size of 134217728 bytes exhausted (tried to allocate 20480 bytes)
#0 [internal function]: CodeIgniter\Debug\Exceptions->shutdownHandler()
#1 {main}
CRITICAL - 2020-05-15 16:18:40 --> Allowed memory size of 134217728 bytes exhausted (tried to allocate 20480 bytes)
#0 [internal function]: CodeIgniter\Debug\Exceptions->shutdownHandler()
#1 {main}
CRITICAL - 2020-05-15 16:20:20 --> Allowed memory size of 134217728 bytes exhausted (tried to allocate 20480 bytes)
#0 [internal function]: CodeIgniter\Debug\Exceptions->shutdownHandler()
#1 {main}
CRITICAL - 2020-05-15 16:23:35 --> Allowed memory size of 134217728 bytes exhausted (tried to allocate 20480 bytes)
#0 [internal function]: CodeIgniter\Debug\Exceptions->shutdownHandler()
#1 {main}
CRITICAL - 2020-05-15 16:25:12 --> Column 'Ime' cannot be null
#0 C:\wamp64\www\etfvest\etfvest\vendor\codeigniter4\framework\system\Database\MySQLi\Connection.php(330): mysqli->query('INSERT INTO `ko...')
#1 C:\wamp64\www\etfvest\etfvest\vendor\codeigniter4\framework\system\Database\BaseConnection.php(738): CodeIgniter\Database\MySQLi\Connection->execute('INSERT INTO `ko...')
#2 C:\wamp64\www\etfvest\etfvest\vendor\codeigniter4\framework\system\Database\BaseConnection.php(666): CodeIgniter\Database\BaseConnection->simpleQuery('INSERT INTO `ko...')
#3 C:\wamp64\www\etfvest\etfvest\vendor\codeigniter4\framework\system\Database\BaseBuilder.php(2206): CodeIgniter\Database\BaseConnection->query('INSERT INTO `ko...', Array, false)
#4 C:\wamp64\www\etfvest\etfvest\vendor\codeigniter4\framework\system\Model.php(722): CodeIgniter\Database\BaseBuilder->insert()
#5 C:\wamp64\www\etfvest\etfvest\app\Controllers\Gost.php(90): CodeIgniter\Model->insert(Array)
#6 C:\wamp64\www\etfvest\etfvest\vendor\codeigniter4\framework\system\CodeIgniter.php(910): App\Controllers\Gost->kreirajNalog()
#7 C:\wamp64\www\etfvest\etfvest\vendor\codeigniter4\framework\system\CodeIgniter.php(398): CodeIgniter\CodeIgniter->runController(Object(App\Controllers\Gost))
#8 C:\wamp64\www\etfvest\etfvest\vendor\codeigniter4\framework\system\CodeIgniter.php(306): CodeIgniter\CodeIgniter->handleRequest(NULL, Object(Config\Cache), false)
#9 C:\wamp64\www\etfvest\etfvest\public\index.php(45): CodeIgniter\CodeIgniter->run()
#10 C:\wamp64\www\etfvest\etfvest\vendor\codeigniter4\framework\system\Commands\Server\rewrite.php(34): require_once('C:\\wamp64\\www\\e...')
#11 {main}
CRITICAL - 2020-05-15 16:26:12 --> Call to undefined method CodeIgniter\Session\Session::getVar()
#0 C:\wamp64\www\etfvest\etfvest\vendor\codeigniter4\framework\system\CodeIgniter.php(910): App\Controllers\Gost->kreirajNalog()
#1 C:\wamp64\www\etfvest\etfvest\vendor\codeigniter4\framework\system\CodeIgniter.php(398): CodeIgniter\CodeIgniter->runController(Object(App\Controllers\Gost))
#2 C:\wamp64\www\etfvest\etfvest\vendor\codeigniter4\framework\system\CodeIgniter.php(306): CodeIgniter\CodeIgniter->handleRequest(NULL, Object(Config\Cache), false)
#3 C:\wamp64\www\etfvest\etfvest\public\index.php(45): CodeIgniter\CodeIgniter->run()
#4 C:\wamp64\www\etfvest\etfvest\vendor\codeigniter4\framework\system\Commands\Server\rewrite.php(34): require_once('C:\\wamp64\\www\\e...')
#5 {main}
CRITICAL - 2020-05-15 16:26:39 --> Call to undefined method CodeIgniter\Session\Session::getVar()
#0 C:\wamp64\www\etfvest\etfvest\vendor\codeigniter4\framework\system\CodeIgniter.php(910): App\Controllers\Gost->kreirajNalog()
#1 C:\wamp64\www\etfvest\etfvest\vendor\codeigniter4\framework\system\CodeIgniter.php(398): CodeIgniter\CodeIgniter->runController(Object(App\Controllers\Gost))
#2 C:\wamp64\www\etfvest\etfvest\vendor\codeigniter4\framework\system\CodeIgniter.php(306): CodeIgniter\CodeIgniter->handleRequest(NULL, Object(Config\Cache), false)
#3 C:\wamp64\www\etfvest\etfvest\public\index.php(45): CodeIgniter\CodeIgniter->run()
#4 C:\wamp64\www\etfvest\etfvest\vendor\codeigniter4\framework\system\Commands\Server\rewrite.php(34): require_once('C:\\wamp64\\www\\e...')
#5 {main}
CRITICAL - 2020-05-15 16:30:19 --> Allowed memory size of 134217728 bytes exhausted (tried to allocate 8388616 bytes)
#0 [internal function]: CodeIgniter\Debug\Exceptions->shutdownHandler()
#1 {main}
CRITICAL - 2020-05-15 16:31:41 --> Allowed memory size of 134217728 bytes exhausted (tried to allocate 2097160 bytes)
#0 [internal function]: CodeIgniter\Debug\Exceptions->shutdownHandler()
#1 {main}
CRITICAL - 2020-05-15 16:34:01 --> Duplicate entry 'danilodrobnjak' for key 'PRIMARY'
#0 C:\wamp64\www\etfvest\etfvest\vendor\codeigniter4\framework\system\Database\MySQLi\Connection.php(330): mysqli->query('INSERT INTO `ko...')
#1 C:\wamp64\www\etfvest\etfvest\vendor\codeigniter4\framework\system\Database\BaseConnection.php(738): CodeIgniter\Database\MySQLi\Connection->execute('INSERT INTO `ko...')
#2 C:\wamp64\www\etfvest\etfvest\vendor\codeigniter4\framework\system\Database\BaseConnection.php(666): CodeIgniter\Database\BaseConnection->simpleQuery('INSERT INTO `ko...')
#3 C:\wamp64\www\etfvest\etfvest\vendor\codeigniter4\framework\system\Database\BaseBuilder.php(2206): CodeIgniter\Database\BaseConnection->query('INSERT INTO `ko...', Array, false)
#4 C:\wamp64\www\etfvest\etfvest\vendor\codeigniter4\framework\system\Model.php(722): CodeIgniter\Database\BaseBuilder->insert()
#5 C:\wamp64\www\etfvest\etfvest\app\Controllers\Gost.php(91): CodeIgniter\Model->insert(Array)
#6 C:\wamp64\www\etfvest\etfvest\vendor\codeigniter4\framework\system\CodeIgniter.php(910): App\Controllers\Gost->kreirajNalog()
#7 C:\wamp64\www\etfvest\etfvest\vendor\codeigniter4\framework\system\CodeIgniter.php(398): CodeIgniter\CodeIgniter->runController(Object(App\Controllers\Gost))
#8 C:\wamp64\www\etfvest\etfvest\vendor\codeigniter4\framework\system\CodeIgniter.php(306): CodeIgniter\CodeIgniter->handleRequest(NULL, Object(Config\Cache), false)
#9 C:\wamp64\www\etfvest\etfvest\public\index.php(45): CodeIgniter\CodeIgniter->run()
#10 C:\wamp64\www\etfvest\etfvest\vendor\codeigniter4\framework\system\Commands\Server\rewrite.php(34): require_once('C:\\wamp64\\www\\e...')
#11 {main}
