CRITICAL - 2020-05-19 05:36:59 --> Undefined variable: destinacije
#0 C:\wamp64\www\vpnb\vpnb\etfvest\app\Views\stranice\dodavanjePutovanja.php(30): CodeIgniter\Debug\Exceptions->errorHandler(8, 'Undefined varia...', 'C:\\wamp64\\www\\v...', 30, Array)
#1 C:\wamp64\www\vpnb\vpnb\etfvest\vendor\codeigniter4\framework\system\View\View.php(236): include('C:\\wamp64\\www\\v...')
#2 C:\wamp64\www\vpnb\vpnb\etfvest\vendor\codeigniter4\framework\system\Common.php(1071): CodeIgniter\View\View->render('stranice/dodava...', Array, true)
#3 C:\wamp64\www\vpnb\vpnb\etfvest\app\Controllers\KorisnikM.php(20): view('stranice/dodava...', Array)
#4 C:\wamp64\www\vpnb\vpnb\etfvest\app\Controllers\KorisnikM.php(87): App\Controllers\KorisnikM->prikaz('dodavanjePutova...', Array)
#5 C:\wamp64\www\vpnb\vpnb\etfvest\vendor\codeigniter4\framework\system\CodeIgniter.php(910): App\Controllers\KorisnikM->dodajPutovanje()
#6 C:\wamp64\www\vpnb\vpnb\etfvest\vendor\codeigniter4\framework\system\CodeIgniter.php(398): CodeIgniter\CodeIgniter->runController(Object(App\Controllers\KorisnikM))
#7 C:\wamp64\www\vpnb\vpnb\etfvest\vendor\codeigniter4\framework\system\CodeIgniter.php(306): CodeIgniter\CodeIgniter->handleRequest(NULL, Object(Config\Cache), false)
#8 C:\wamp64\www\vpnb\vpnb\etfvest\public\index.php(45): CodeIgniter\CodeIgniter->run()
#9 C:\wamp64\www\vpnb\vpnb\etfvest\vendor\codeigniter4\framework\system\Commands\Server\rewrite.php(34): require_once('C:\\wamp64\\www\\v...')
#10 {main}
CRITICAL - 2020-05-19 05:40:45 --> Class 'App\Controllers\DestinacijeModel' not found
#0 C:\wamp64\www\vpnb\vpnb\etfvest\vendor\codeigniter4\framework\system\CodeIgniter.php(910): App\Controllers\KorisnikM->dodajPutovanje()
#1 C:\wamp64\www\vpnb\vpnb\etfvest\vendor\codeigniter4\framework\system\CodeIgniter.php(398): CodeIgniter\CodeIgniter->runController(Object(App\Controllers\KorisnikM))
#2 C:\wamp64\www\vpnb\vpnb\etfvest\vendor\codeigniter4\framework\system\CodeIgniter.php(306): CodeIgniter\CodeIgniter->handleRequest(NULL, Object(Config\Cache), false)
#3 C:\wamp64\www\vpnb\vpnb\etfvest\public\index.php(45): CodeIgniter\CodeIgniter->run()
#4 C:\wamp64\www\vpnb\vpnb\etfvest\vendor\codeigniter4\framework\system\Commands\Server\rewrite.php(34): require_once('C:\\wamp64\\www\\v...')
#5 {main}
CRITICAL - 2020-05-19 05:42:20 --> Invalid file: stranice/dodajPutovanja.php
#0 C:\wamp64\www\vpnb\vpnb\etfvest\vendor\codeigniter4\framework\system\View\View.php(224): CodeIgniter\Exceptions\FrameworkException::forInvalidFile('stranice/dodajP...')
#1 C:\wamp64\www\vpnb\vpnb\etfvest\vendor\codeigniter4\framework\system\Common.php(1071): CodeIgniter\View\View->render('stranice/dodajP...', Array, true)
#2 C:\wamp64\www\vpnb\vpnb\etfvest\app\Controllers\KorisnikM.php(20): view('stranice/dodajP...', Array)
#3 C:\wamp64\www\vpnb\vpnb\etfvest\app\Controllers\KorisnikM.php(90): App\Controllers\KorisnikM->prikaz('dodajPutovanja', Array)
#4 C:\wamp64\www\vpnb\vpnb\etfvest\vendor\codeigniter4\framework\system\CodeIgniter.php(910): App\Controllers\KorisnikM->dodajPutovanje()
#5 C:\wamp64\www\vpnb\vpnb\etfvest\vendor\codeigniter4\framework\system\CodeIgniter.php(398): CodeIgniter\CodeIgniter->runController(Object(App\Controllers\KorisnikM))
#6 C:\wamp64\www\vpnb\vpnb\etfvest\vendor\codeigniter4\framework\system\CodeIgniter.php(306): CodeIgniter\CodeIgniter->handleRequest(NULL, Object(Config\Cache), false)
#7 C:\wamp64\www\vpnb\vpnb\etfvest\public\index.php(45): CodeIgniter\CodeIgniter->run()
#8 C:\wamp64\www\vpnb\vpnb\etfvest\vendor\codeigniter4\framework\system\Commands\Server\rewrite.php(34): require_once('C:\\wamp64\\www\\v...')
#9 {main}
CRITICAL - 2020-05-19 05:43:27 --> Invalid file: stranice/dodajPutovanja.php
#0 C:\wamp64\www\vpnb\vpnb\etfvest\vendor\codeigniter4\framework\system\View\View.php(224): CodeIgniter\Exceptions\FrameworkException::forInvalidFile('stranice/dodajP...')
#1 C:\wamp64\www\vpnb\vpnb\etfvest\vendor\codeigniter4\framework\system\Common.php(1071): CodeIgniter\View\View->render('stranice/dodajP...', Array, true)
#2 C:\wamp64\www\vpnb\vpnb\etfvest\app\Controllers\KorisnikM.php(20): view('stranice/dodajP...', Array)
#3 C:\wamp64\www\vpnb\vpnb\etfvest\app\Controllers\KorisnikM.php(90): App\Controllers\KorisnikM->prikaz('dodajPutovanja', Array)
#4 C:\wamp64\www\vpnb\vpnb\etfvest\vendor\codeigniter4\framework\system\CodeIgniter.php(910): App\Controllers\KorisnikM->dodajPutovanje()
#5 C:\wamp64\www\vpnb\vpnb\etfvest\vendor\codeigniter4\framework\system\CodeIgniter.php(398): CodeIgniter\CodeIgniter->runController(Object(App\Controllers\KorisnikM))
#6 C:\wamp64\www\vpnb\vpnb\etfvest\vendor\codeigniter4\framework\system\CodeIgniter.php(306): CodeIgniter\CodeIgniter->handleRequest(NULL, Object(Config\Cache), false)
#7 C:\wamp64\www\vpnb\vpnb\etfvest\public\index.php(45): CodeIgniter\CodeIgniter->run()
#8 C:\wamp64\www\vpnb\vpnb\etfvest\vendor\codeigniter4\framework\system\Commands\Server\rewrite.php(34): require_once('C:\\wamp64\\www\\v...')
#9 {main}
CRITICAL - 2020-05-19 06:03:15 --> Undefined variable: putovaoModelModel
#0 C:\wamp64\www\vpnb\vpnb\etfvest\app\Controllers\KorisnikM.php(123): CodeIgniter\Debug\Exceptions->errorHandler(8, 'Undefined varia...', 'C:\\wamp64\\www\\v...', 123, Array)
#1 C:\wamp64\www\vpnb\vpnb\etfvest\vendor\codeigniter4\framework\system\CodeIgniter.php(910): App\Controllers\KorisnikM->dodajPutsubmit()
#2 C:\wamp64\www\vpnb\vpnb\etfvest\vendor\codeigniter4\framework\system\CodeIgniter.php(398): CodeIgniter\CodeIgniter->runController(Object(App\Controllers\KorisnikM))
#3 C:\wamp64\www\vpnb\vpnb\etfvest\vendor\codeigniter4\framework\system\CodeIgniter.php(306): CodeIgniter\CodeIgniter->handleRequest(NULL, Object(Config\Cache), false)
#4 C:\wamp64\www\vpnb\vpnb\etfvest\public\index.php(45): CodeIgniter\CodeIgniter->run()
#5 C:\wamp64\www\vpnb\vpnb\etfvest\vendor\codeigniter4\framework\system\Commands\Server\rewrite.php(34): require_once('C:\\wamp64\\www\\v...')
#6 {main}
CRITICAL - 2020-05-19 06:03:34 --> Undefined variable: dest
#0 C:\wamp64\www\vpnb\vpnb\etfvest\app\Controllers\KorisnikM.php(127): CodeIgniter\Debug\Exceptions->errorHandler(8, 'Undefined varia...', 'C:\\wamp64\\www\\v...', 127, Array)
#1 C:\wamp64\www\vpnb\vpnb\etfvest\vendor\codeigniter4\framework\system\CodeIgniter.php(910): App\Controllers\KorisnikM->dodajPutsubmit()
#2 C:\wamp64\www\vpnb\vpnb\etfvest\vendor\codeigniter4\framework\system\CodeIgniter.php(398): CodeIgniter\CodeIgniter->runController(Object(App\Controllers\KorisnikM))
#3 C:\wamp64\www\vpnb\vpnb\etfvest\vendor\codeigniter4\framework\system\CodeIgniter.php(306): CodeIgniter\CodeIgniter->handleRequest(NULL, Object(Config\Cache), false)
#4 C:\wamp64\www\vpnb\vpnb\etfvest\public\index.php(45): CodeIgniter\CodeIgniter->run()
#5 C:\wamp64\www\vpnb\vpnb\etfvest\vendor\codeigniter4\framework\system\Commands\Server\rewrite.php(34): require_once('C:\\wamp64\\www\\v...')
#6 {main}
CRITICAL - 2020-05-19 06:03:51 --> Object of class stdClass could not be converted to string
#0 [internal function]: CodeIgniter\Debug\Exceptions->errorHandler(4096, 'Object of class...', 'C:\\wamp64\\www\\v...', 443, Array)
#1 C:\wamp64\www\vpnb\vpnb\etfvest\vendor\codeigniter4\framework\system\Database\Query.php(443): strtr('INSERT INTO `je...', Array)
#2 C:\wamp64\www\vpnb\vpnb\etfvest\vendor\codeigniter4\framework\system\Database\Query.php(404): CodeIgniter\Database\Query->matchNamedBinds('INSERT INTO `je...', Array)
#3 C:\wamp64\www\vpnb\vpnb\etfvest\vendor\codeigniter4\framework\system\Database\Query.php(197): CodeIgniter\Database\Query->compileBinds()
#4 C:\wamp64\www\vpnb\vpnb\etfvest\vendor\codeigniter4\framework\system\Database\BaseConnection.php(666): CodeIgniter\Database\Query->getQuery()
#5 C:\wamp64\www\vpnb\vpnb\etfvest\vendor\codeigniter4\framework\system\Database\BaseBuilder.php(2206): CodeIgniter\Database\BaseConnection->query('INSERT INTO `je...', Array, false)
#6 C:\wamp64\www\vpnb\vpnb\etfvest\vendor\codeigniter4\framework\system\Model.php(722): CodeIgniter\Database\BaseBuilder->insert()
#7 C:\wamp64\www\vpnb\vpnb\etfvest\app\Controllers\KorisnikM.php(128): CodeIgniter\Model->insert(Array)
#8 C:\wamp64\www\vpnb\vpnb\etfvest\vendor\codeigniter4\framework\system\CodeIgniter.php(910): App\Controllers\KorisnikM->dodajPutsubmit()
#9 C:\wamp64\www\vpnb\vpnb\etfvest\vendor\codeigniter4\framework\system\CodeIgniter.php(398): CodeIgniter\CodeIgniter->runController(Object(App\Controllers\KorisnikM))
#10 C:\wamp64\www\vpnb\vpnb\etfvest\vendor\codeigniter4\framework\system\CodeIgniter.php(306): CodeIgniter\CodeIgniter->handleRequest(NULL, Object(Config\Cache), false)
#11 C:\wamp64\www\vpnb\vpnb\etfvest\public\index.php(45): CodeIgniter\CodeIgniter->run()
#12 C:\wamp64\www\vpnb\vpnb\etfvest\vendor\codeigniter4\framework\system\Commands\Server\rewrite.php(34): require_once('C:\\wamp64\\www\\v...')
#13 {main}
CRITICAL - 2020-05-19 06:05:00 --> Object of class stdClass could not be converted to string
#0 [internal function]: CodeIgniter\Debug\Exceptions->errorHandler(4096, 'Object of class...', 'C:\\wamp64\\www\\v...', 443, Array)
#1 C:\wamp64\www\vpnb\vpnb\etfvest\vendor\codeigniter4\framework\system\Database\Query.php(443): strtr('INSERT INTO `je...', Array)
#2 C:\wamp64\www\vpnb\vpnb\etfvest\vendor\codeigniter4\framework\system\Database\Query.php(404): CodeIgniter\Database\Query->matchNamedBinds('INSERT INTO `je...', Array)
#3 C:\wamp64\www\vpnb\vpnb\etfvest\vendor\codeigniter4\framework\system\Database\Query.php(197): CodeIgniter\Database\Query->compileBinds()
#4 C:\wamp64\www\vpnb\vpnb\etfvest\vendor\codeigniter4\framework\system\Database\BaseConnection.php(666): CodeIgniter\Database\Query->getQuery()
#5 C:\wamp64\www\vpnb\vpnb\etfvest\vendor\codeigniter4\framework\system\Database\BaseBuilder.php(2206): CodeIgniter\Database\BaseConnection->query('INSERT INTO `je...', Array, false)
#6 C:\wamp64\www\vpnb\vpnb\etfvest\vendor\codeigniter4\framework\system\Model.php(722): CodeIgniter\Database\BaseBuilder->insert()
#7 C:\wamp64\www\vpnb\vpnb\etfvest\app\Controllers\KorisnikM.php(128): CodeIgniter\Model->insert(Array)
#8 C:\wamp64\www\vpnb\vpnb\etfvest\vendor\codeigniter4\framework\system\CodeIgniter.php(910): App\Controllers\KorisnikM->dodajPutsubmit()
#9 C:\wamp64\www\vpnb\vpnb\etfvest\vendor\codeigniter4\framework\system\CodeIgniter.php(398): CodeIgniter\CodeIgniter->runController(Object(App\Controllers\KorisnikM))
#10 C:\wamp64\www\vpnb\vpnb\etfvest\vendor\codeigniter4\framework\system\CodeIgniter.php(306): CodeIgniter\CodeIgniter->handleRequest(NULL, Object(Config\Cache), false)
#11 C:\wamp64\www\vpnb\vpnb\etfvest\public\index.php(45): CodeIgniter\CodeIgniter->run()
#12 C:\wamp64\www\vpnb\vpnb\etfvest\vendor\codeigniter4\framework\system\Commands\Server\rewrite.php(34): require_once('C:\\wamp64\\www\\v...')
#13 {main}
CRITICAL - 2020-05-19 06:07:10 --> Object of class stdClass could not be converted to string
#0 [internal function]: CodeIgniter\Debug\Exceptions->errorHandler(4096, 'Object of class...', 'C:\\wamp64\\www\\v...', 443, Array)
#1 C:\wamp64\www\vpnb\vpnb\etfvest\vendor\codeigniter4\framework\system\Database\Query.php(443): strtr('INSERT INTO `je...', Array)
#2 C:\wamp64\www\vpnb\vpnb\etfvest\vendor\codeigniter4\framework\system\Database\Query.php(404): CodeIgniter\Database\Query->matchNamedBinds('INSERT INTO `je...', Array)
#3 C:\wamp64\www\vpnb\vpnb\etfvest\vendor\codeigniter4\framework\system\Database\Query.php(197): CodeIgniter\Database\Query->compileBinds()
#4 C:\wamp64\www\vpnb\vpnb\etfvest\vendor\codeigniter4\framework\system\Database\BaseConnection.php(666): CodeIgniter\Database\Query->getQuery()
#5 C:\wamp64\www\vpnb\vpnb\etfvest\vendor\codeigniter4\framework\system\Database\BaseBuilder.php(2206): CodeIgniter\Database\BaseConnection->query('INSERT INTO `je...', Array, false)
#6 C:\wamp64\www\vpnb\vpnb\etfvest\vendor\codeigniter4\framework\system\Model.php(722): CodeIgniter\Database\BaseBuilder->insert()
#7 C:\wamp64\www\vpnb\vpnb\etfvest\app\Controllers\KorisnikM.php(128): CodeIgniter\Model->insert(Array)
#8 C:\wamp64\www\vpnb\vpnb\etfvest\vendor\codeigniter4\framework\system\CodeIgniter.php(910): App\Controllers\KorisnikM->dodajPutsubmit()
#9 C:\wamp64\www\vpnb\vpnb\etfvest\vendor\codeigniter4\framework\system\CodeIgniter.php(398): CodeIgniter\CodeIgniter->runController(Object(App\Controllers\KorisnikM))
#10 C:\wamp64\www\vpnb\vpnb\etfvest\vendor\codeigniter4\framework\system\CodeIgniter.php(306): CodeIgniter\CodeIgniter->handleRequest(NULL, Object(Config\Cache), false)
#11 C:\wamp64\www\vpnb\vpnb\etfvest\public\index.php(45): CodeIgniter\CodeIgniter->run()
#12 C:\wamp64\www\vpnb\vpnb\etfvest\vendor\codeigniter4\framework\system\Commands\Server\rewrite.php(34): require_once('C:\\wamp64\\www\\v...')
#13 {main}
CRITICAL - 2020-05-19 06:07:55 --> syntax error, unexpected ')', expecting ']'
#0 C:\wamp64\www\vpnb\vpnb\etfvest\vendor\codeigniter4\framework\system\Router\Router.php(192): CodeIgniter\Router\Router->autoRoute('KorisnikM/dodaj...')
#1 C:\wamp64\www\vpnb\vpnb\etfvest\vendor\codeigniter4\framework\system\CodeIgniter.php(785): CodeIgniter\Router\Router->handle('KorisnikM/dodaj...')
#2 C:\wamp64\www\vpnb\vpnb\etfvest\vendor\codeigniter4\framework\system\CodeIgniter.php(358): CodeIgniter\CodeIgniter->tryToRouteIt(Object(CodeIgniter\Router\RouteCollection))
#3 C:\wamp64\www\vpnb\vpnb\etfvest\vendor\codeigniter4\framework\system\CodeIgniter.php(306): CodeIgniter\CodeIgniter->handleRequest(NULL, Object(Config\Cache), false)
#4 C:\wamp64\www\vpnb\vpnb\etfvest\public\index.php(45): CodeIgniter\CodeIgniter->run()
#5 C:\wamp64\www\vpnb\vpnb\etfvest\vendor\codeigniter4\framework\system\Commands\Server\rewrite.php(34): require_once('C:\\wamp64\\www\\v...')
#6 {main}
CRITICAL - 2020-05-19 06:08:42 --> Object of class stdClass could not be converted to string
#0 [internal function]: CodeIgniter\Debug\Exceptions->errorHandler(4096, 'Object of class...', 'C:\\wamp64\\www\\v...', 443, Array)
#1 C:\wamp64\www\vpnb\vpnb\etfvest\vendor\codeigniter4\framework\system\Database\Query.php(443): strtr('INSERT INTO `je...', Array)
#2 C:\wamp64\www\vpnb\vpnb\etfvest\vendor\codeigniter4\framework\system\Database\Query.php(404): CodeIgniter\Database\Query->matchNamedBinds('INSERT INTO `je...', Array)
#3 C:\wamp64\www\vpnb\vpnb\etfvest\vendor\codeigniter4\framework\system\Database\Query.php(197): CodeIgniter\Database\Query->compileBinds()
#4 C:\wamp64\www\vpnb\vpnb\etfvest\vendor\codeigniter4\framework\system\Database\BaseConnection.php(666): CodeIgniter\Database\Query->getQuery()
#5 C:\wamp64\www\vpnb\vpnb\etfvest\vendor\codeigniter4\framework\system\Database\BaseBuilder.php(2206): CodeIgniter\Database\BaseConnection->query('INSERT INTO `je...', Array, false)
#6 C:\wamp64\www\vpnb\vpnb\etfvest\vendor\codeigniter4\framework\system\Model.php(722): CodeIgniter\Database\BaseBuilder->insert()
#7 C:\wamp64\www\vpnb\vpnb\etfvest\app\Controllers\KorisnikM.php(131): CodeIgniter\Model->insert(Array)
#8 C:\wamp64\www\vpnb\vpnb\etfvest\vendor\codeigniter4\framework\system\CodeIgniter.php(910): App\Controllers\KorisnikM->dodajPutsubmit()
#9 C:\wamp64\www\vpnb\vpnb\etfvest\vendor\codeigniter4\framework\system\CodeIgniter.php(398): CodeIgniter\CodeIgniter->runController(Object(App\Controllers\KorisnikM))
#10 C:\wamp64\www\vpnb\vpnb\etfvest\vendor\codeigniter4\framework\system\CodeIgniter.php(306): CodeIgniter\CodeIgniter->handleRequest(NULL, Object(Config\Cache), false)
#11 C:\wamp64\www\vpnb\vpnb\etfvest\public\index.php(45): CodeIgniter\CodeIgniter->run()
#12 C:\wamp64\www\vpnb\vpnb\etfvest\vendor\codeigniter4\framework\system\Commands\Server\rewrite.php(34): require_once('C:\\wamp64\\www\\v...')
#13 {main}
CRITICAL - 2020-05-19 06:10:57 --> Duplicate entry '0' for key 'PRIMARY'
#0 C:\wamp64\www\vpnb\vpnb\etfvest\vendor\codeigniter4\framework\system\Database\MySQLi\Connection.php(330): mysqli->query('INSERT INTO `je...')
#1 C:\wamp64\www\vpnb\vpnb\etfvest\vendor\codeigniter4\framework\system\Database\BaseConnection.php(738): CodeIgniter\Database\MySQLi\Connection->execute('INSERT INTO `je...')
#2 C:\wamp64\www\vpnb\vpnb\etfvest\vendor\codeigniter4\framework\system\Database\BaseConnection.php(666): CodeIgniter\Database\BaseConnection->simpleQuery('INSERT INTO `je...')
#3 C:\wamp64\www\vpnb\vpnb\etfvest\vendor\codeigniter4\framework\system\Database\BaseBuilder.php(2206): CodeIgniter\Database\BaseConnection->query('INSERT INTO `je...', Array, false)
#4 C:\wamp64\www\vpnb\vpnb\etfvest\vendor\codeigniter4\framework\system\Model.php(722): CodeIgniter\Database\BaseBuilder->insert()
#5 C:\wamp64\www\vpnb\vpnb\etfvest\app\Controllers\KorisnikM.php(130): CodeIgniter\Model->insert(Array)
#6 C:\wamp64\www\vpnb\vpnb\etfvest\vendor\codeigniter4\framework\system\CodeIgniter.php(910): App\Controllers\KorisnikM->dodajPutsubmit()
#7 C:\wamp64\www\vpnb\vpnb\etfvest\vendor\codeigniter4\framework\system\CodeIgniter.php(398): CodeIgniter\CodeIgniter->runController(Object(App\Controllers\KorisnikM))
#8 C:\wamp64\www\vpnb\vpnb\etfvest\vendor\codeigniter4\framework\system\CodeIgniter.php(306): CodeIgniter\CodeIgniter->handleRequest(NULL, Object(Config\Cache), false)
#9 C:\wamp64\www\vpnb\vpnb\etfvest\public\index.php(45): CodeIgniter\CodeIgniter->run()
#10 C:\wamp64\www\vpnb\vpnb\etfvest\vendor\codeigniter4\framework\system\Commands\Server\rewrite.php(34): require_once('C:\\wamp64\\www\\v...')
#11 {main}
CRITICAL - 2020-05-19 06:13:28 --> Object of class stdClass could not be converted to string
#0 [internal function]: CodeIgniter\Debug\Exceptions->errorHandler(4096, 'Object of class...', 'C:\\wamp64\\www\\v...', 443, Array)
#1 C:\wamp64\www\vpnb\vpnb\etfvest\vendor\codeigniter4\framework\system\Database\Query.php(443): strtr('INSERT INTO `je...', Array)
#2 C:\wamp64\www\vpnb\vpnb\etfvest\vendor\codeigniter4\framework\system\Database\Query.php(404): CodeIgniter\Database\Query->matchNamedBinds('INSERT INTO `je...', Array)
#3 C:\wamp64\www\vpnb\vpnb\etfvest\vendor\codeigniter4\framework\system\Database\Query.php(197): CodeIgniter\Database\Query->compileBinds()
#4 C:\wamp64\www\vpnb\vpnb\etfvest\vendor\codeigniter4\framework\system\Database\BaseConnection.php(666): CodeIgniter\Database\Query->getQuery()
#5 C:\wamp64\www\vpnb\vpnb\etfvest\vendor\codeigniter4\framework\system\Database\BaseBuilder.php(2206): CodeIgniter\Database\BaseConnection->query('INSERT INTO `je...', Array, false)
#6 C:\wamp64\www\vpnb\vpnb\etfvest\vendor\codeigniter4\framework\system\Model.php(722): CodeIgniter\Database\BaseBuilder->insert()
#7 C:\wamp64\www\vpnb\vpnb\etfvest\app\Controllers\KorisnikM.php(126): CodeIgniter\Model->insert(Array)
#8 C:\wamp64\www\vpnb\vpnb\etfvest\vendor\codeigniter4\framework\system\CodeIgniter.php(910): App\Controllers\KorisnikM->dodajPutsubmit()
#9 C:\wamp64\www\vpnb\vpnb\etfvest\vendor\codeigniter4\framework\system\CodeIgniter.php(398): CodeIgniter\CodeIgniter->runController(Object(App\Controllers\KorisnikM))
#10 C:\wamp64\www\vpnb\vpnb\etfvest\vendor\codeigniter4\framework\system\CodeIgniter.php(306): CodeIgniter\CodeIgniter->handleRequest(NULL, Object(Config\Cache), false)
#11 C:\wamp64\www\vpnb\vpnb\etfvest\public\index.php(45): CodeIgniter\CodeIgniter->run()
#12 C:\wamp64\www\vpnb\vpnb\etfvest\vendor\codeigniter4\framework\system\Commands\Server\rewrite.php(34): require_once('C:\\wamp64\\www\\v...')
#13 {main}
CRITICAL - 2020-05-19 06:14:02 --> Object of class stdClass could not be converted to string
#0 C:\wamp64\www\vpnb\vpnb\etfvest\app\Controllers\KorisnikM.php(123): CodeIgniter\Debug\Exceptions->errorHandler(4096, 'Object of class...', 'C:\\wamp64\\www\\v...', 123, Array)
#1 C:\wamp64\www\vpnb\vpnb\etfvest\vendor\codeigniter4\framework\system\CodeIgniter.php(910): App\Controllers\KorisnikM->dodajPutsubmit()
#2 C:\wamp64\www\vpnb\vpnb\etfvest\vendor\codeigniter4\framework\system\CodeIgniter.php(398): CodeIgniter\CodeIgniter->runController(Object(App\Controllers\KorisnikM))
#3 C:\wamp64\www\vpnb\vpnb\etfvest\vendor\codeigniter4\framework\system\CodeIgniter.php(306): CodeIgniter\CodeIgniter->handleRequest(NULL, Object(Config\Cache), false)
#4 C:\wamp64\www\vpnb\vpnb\etfvest\public\index.php(45): CodeIgniter\CodeIgniter->run()
#5 C:\wamp64\www\vpnb\vpnb\etfvest\vendor\codeigniter4\framework\system\Commands\Server\rewrite.php(34): require_once('C:\\wamp64\\www\\v...')
#6 {main}
CRITICAL - 2020-05-19 06:16:37 --> Duplicate entry 'markomarkovic-0' for key 'PRIMARY'
#0 C:\wamp64\www\vpnb\vpnb\etfvest\vendor\codeigniter4\framework\system\Database\MySQLi\Connection.php(330): mysqli->query('INSERT INTO `je...')
#1 C:\wamp64\www\vpnb\vpnb\etfvest\vendor\codeigniter4\framework\system\Database\BaseConnection.php(738): CodeIgniter\Database\MySQLi\Connection->execute('INSERT INTO `je...')
#2 C:\wamp64\www\vpnb\vpnb\etfvest\vendor\codeigniter4\framework\system\Database\BaseConnection.php(666): CodeIgniter\Database\BaseConnection->simpleQuery('INSERT INTO `je...')
#3 C:\wamp64\www\vpnb\vpnb\etfvest\vendor\codeigniter4\framework\system\Database\BaseBuilder.php(2206): CodeIgniter\Database\BaseConnection->query('INSERT INTO `je...', Array, false)
#4 C:\wamp64\www\vpnb\vpnb\etfvest\vendor\codeigniter4\framework\system\Model.php(722): CodeIgniter\Database\BaseBuilder->insert()
#5 C:\wamp64\www\vpnb\vpnb\etfvest\app\Controllers\KorisnikM.php(129): CodeIgniter\Model->insert(Array)
#6 C:\wamp64\www\vpnb\vpnb\etfvest\vendor\codeigniter4\framework\system\CodeIgniter.php(910): App\Controllers\KorisnikM->dodajPutsubmit()
#7 C:\wamp64\www\vpnb\vpnb\etfvest\vendor\codeigniter4\framework\system\CodeIgniter.php(398): CodeIgniter\CodeIgniter->runController(Object(App\Controllers\KorisnikM))
#8 C:\wamp64\www\vpnb\vpnb\etfvest\vendor\codeigniter4\framework\system\CodeIgniter.php(306): CodeIgniter\CodeIgniter->handleRequest(NULL, Object(Config\Cache), false)
#9 C:\wamp64\www\vpnb\vpnb\etfvest\public\index.php(45): CodeIgniter\CodeIgniter->run()
#10 C:\wamp64\www\vpnb\vpnb\etfvest\vendor\codeigniter4\framework\system\Commands\Server\rewrite.php(34): require_once('C:\\wamp64\\www\\v...')
#11 {main}
CRITICAL - 2020-05-19 06:24:10 --> Duplicate entry 'teslan-0' for key 'PRIMARY'
#0 C:\wamp64\www\vpnb\vpnb\etfvest\vendor\codeigniter4\framework\system\Database\MySQLi\Connection.php(330): mysqli->query('INSERT INTO `je...')
#1 C:\wamp64\www\vpnb\vpnb\etfvest\vendor\codeigniter4\framework\system\Database\BaseConnection.php(738): CodeIgniter\Database\MySQLi\Connection->execute('INSERT INTO `je...')
#2 C:\wamp64\www\vpnb\vpnb\etfvest\vendor\codeigniter4\framework\system\Database\BaseConnection.php(666): CodeIgniter\Database\BaseConnection->simpleQuery('INSERT INTO `je...')
#3 C:\wamp64\www\vpnb\vpnb\etfvest\vendor\codeigniter4\framework\system\Database\BaseBuilder.php(2206): CodeIgniter\Database\BaseConnection->query('INSERT INTO `je...', Array, false)
#4 C:\wamp64\www\vpnb\vpnb\etfvest\vendor\codeigniter4\framework\system\Model.php(722): CodeIgniter\Database\BaseBuilder->insert()
#5 C:\wamp64\www\vpnb\vpnb\etfvest\app\Controllers\KorisnikM.php(139): CodeIgniter\Model->insert(Array)
#6 C:\wamp64\www\vpnb\vpnb\etfvest\vendor\codeigniter4\framework\system\CodeIgniter.php(910): App\Controllers\KorisnikM->dodajPutsubmit()
#7 C:\wamp64\www\vpnb\vpnb\etfvest\vendor\codeigniter4\framework\system\CodeIgniter.php(398): CodeIgniter\CodeIgniter->runController(Object(App\Controllers\KorisnikM))
#8 C:\wamp64\www\vpnb\vpnb\etfvest\vendor\codeigniter4\framework\system\CodeIgniter.php(306): CodeIgniter\CodeIgniter->handleRequest(NULL, Object(Config\Cache), false)
#9 C:\wamp64\www\vpnb\vpnb\etfvest\public\index.php(45): CodeIgniter\CodeIgniter->run()
#10 C:\wamp64\www\vpnb\vpnb\etfvest\vendor\codeigniter4\framework\system\Commands\Server\rewrite.php(34): require_once('C:\\wamp64\\www\\v...')
#11 {main}
CRITICAL - 2020-05-19 06:36:36 --> Duplicate entry 'teslan-0' for key 'PRIMARY'
#0 C:\wamp64\www\vpnb\vpnb\etfvest\vendor\codeigniter4\framework\system\Database\MySQLi\Connection.php(330): mysqli->query('INSERT INTO `je...')
#1 C:\wamp64\www\vpnb\vpnb\etfvest\vendor\codeigniter4\framework\system\Database\BaseConnection.php(738): CodeIgniter\Database\MySQLi\Connection->execute('INSERT INTO `je...')
#2 C:\wamp64\www\vpnb\vpnb\etfvest\vendor\codeigniter4\framework\system\Database\BaseConnection.php(666): CodeIgniter\Database\BaseConnection->simpleQuery('INSERT INTO `je...')
#3 C:\wamp64\www\vpnb\vpnb\etfvest\vendor\codeigniter4\framework\system\Database\BaseBuilder.php(2206): CodeIgniter\Database\BaseConnection->query('INSERT INTO `je...', Array, false)
#4 C:\wamp64\www\vpnb\vpnb\etfvest\vendor\codeigniter4\framework\system\Model.php(722): CodeIgniter\Database\BaseBuilder->insert()
#5 C:\wamp64\www\vpnb\vpnb\etfvest\app\Controllers\KorisnikM.php(139): CodeIgniter\Model->insert(Array)
#6 C:\wamp64\www\vpnb\vpnb\etfvest\vendor\codeigniter4\framework\system\CodeIgniter.php(910): App\Controllers\KorisnikM->dodajPutsubmit()
#7 C:\wamp64\www\vpnb\vpnb\etfvest\vendor\codeigniter4\framework\system\CodeIgniter.php(398): CodeIgniter\CodeIgniter->runController(Object(App\Controllers\KorisnikM))
#8 C:\wamp64\www\vpnb\vpnb\etfvest\vendor\codeigniter4\framework\system\CodeIgniter.php(306): CodeIgniter\CodeIgniter->handleRequest(NULL, Object(Config\Cache), false)
#9 C:\wamp64\www\vpnb\vpnb\etfvest\public\index.php(45): CodeIgniter\CodeIgniter->run()
#10 C:\wamp64\www\vpnb\vpnb\etfvest\vendor\codeigniter4\framework\system\Commands\Server\rewrite.php(34): require_once('C:\\wamp64\\www\\v...')
#11 {main}
CRITICAL - 2020-05-19 06:46:51 --> Unknown column 'Username' in 'field list'
#0 C:\wamp64\www\vpnb\vpnb\etfvest\vendor\codeigniter4\framework\system\Database\MySQLi\Connection.php(330): mysqli->query('INSERT INTO `je...')
#1 C:\wamp64\www\vpnb\vpnb\etfvest\vendor\codeigniter4\framework\system\Database\BaseConnection.php(738): CodeIgniter\Database\MySQLi\Connection->execute('INSERT INTO `je...')
#2 C:\wamp64\www\vpnb\vpnb\etfvest\vendor\codeigniter4\framework\system\Database\BaseConnection.php(666): CodeIgniter\Database\BaseConnection->simpleQuery('INSERT INTO `je...')
#3 C:\wamp64\www\vpnb\vpnb\etfvest\vendor\codeigniter4\framework\system\Database\BaseBuilder.php(2206): CodeIgniter\Database\BaseConnection->query('INSERT INTO `je...', Array, false)
#4 C:\wamp64\www\vpnb\vpnb\etfvest\vendor\codeigniter4\framework\system\Model.php(722): CodeIgniter\Database\BaseBuilder->insert()
#5 C:\wamp64\www\vpnb\vpnb\etfvest\app\Controllers\KorisnikM.php(139): CodeIgniter\Model->insert(Array)
#6 C:\wamp64\www\vpnb\vpnb\etfvest\vendor\codeigniter4\framework\system\CodeIgniter.php(910): App\Controllers\KorisnikM->dodajPutsubmit()
#7 C:\wamp64\www\vpnb\vpnb\etfvest\vendor\codeigniter4\framework\system\CodeIgniter.php(398): CodeIgniter\CodeIgniter->runController(Object(App\Controllers\KorisnikM))
#8 C:\wamp64\www\vpnb\vpnb\etfvest\vendor\codeigniter4\framework\system\CodeIgniter.php(306): CodeIgniter\CodeIgniter->handleRequest(NULL, Object(Config\Cache), false)
#9 C:\wamp64\www\vpnb\vpnb\etfvest\public\index.php(45): CodeIgniter\CodeIgniter->run()
#10 C:\wamp64\www\vpnb\vpnb\etfvest\vendor\codeigniter4\framework\system\Commands\Server\rewrite.php(34): require_once('C:\\wamp64\\www\\v...')
#11 {main}
CRITICAL - 2020-05-19 06:48:09 --> Unknown column 'Username' in 'field list'
#0 C:\wamp64\www\vpnb\vpnb\etfvest\vendor\codeigniter4\framework\system\Database\MySQLi\Connection.php(330): mysqli->query('INSERT INTO `je...')
#1 C:\wamp64\www\vpnb\vpnb\etfvest\vendor\codeigniter4\framework\system\Database\BaseConnection.php(738): CodeIgniter\Database\MySQLi\Connection->execute('INSERT INTO `je...')
#2 C:\wamp64\www\vpnb\vpnb\etfvest\vendor\codeigniter4\framework\system\Database\BaseConnection.php(666): CodeIgniter\Database\BaseConnection->simpleQuery('INSERT INTO `je...')
#3 C:\wamp64\www\vpnb\vpnb\etfvest\vendor\codeigniter4\framework\system\Database\BaseBuilder.php(2206): CodeIgniter\Database\BaseConnection->query('INSERT INTO `je...', Array, false)
#4 C:\wamp64\www\vpnb\vpnb\etfvest\vendor\codeigniter4\framework\system\Model.php(722): CodeIgniter\Database\BaseBuilder->insert()
#5 C:\wamp64\www\vpnb\vpnb\etfvest\app\Controllers\KorisnikM.php(139): CodeIgniter\Model->insert(Array)
#6 C:\wamp64\www\vpnb\vpnb\etfvest\vendor\codeigniter4\framework\system\CodeIgniter.php(910): App\Controllers\KorisnikM->dodajPutsubmit()
#7 C:\wamp64\www\vpnb\vpnb\etfvest\vendor\codeigniter4\framework\system\CodeIgniter.php(398): CodeIgniter\CodeIgniter->runController(Object(App\Controllers\KorisnikM))
#8 C:\wamp64\www\vpnb\vpnb\etfvest\vendor\codeigniter4\framework\system\CodeIgniter.php(306): CodeIgniter\CodeIgniter->handleRequest(NULL, Object(Config\Cache), false)
#9 C:\wamp64\www\vpnb\vpnb\etfvest\public\index.php(45): CodeIgniter\CodeIgniter->run()
#10 C:\wamp64\www\vpnb\vpnb\etfvest\vendor\codeigniter4\framework\system\Commands\Server\rewrite.php(34): require_once('C:\\wamp64\\www\\v...')
#11 {main}
CRITICAL - 2020-05-19 07:02:37 --> Trying to get property 'idDestinacije' of non-object
#0 C:\wamp64\www\vpnb\vpnb\etfvest\app\Controllers\KorisnikM.php(134): CodeIgniter\Debug\Exceptions->errorHandler(8, 'Trying to get p...', 'C:\\wamp64\\www\\v...', 134, Array)
#1 C:\wamp64\www\vpnb\vpnb\etfvest\vendor\codeigniter4\framework\system\CodeIgniter.php(910): App\Controllers\KorisnikM->dodajPutsubmit()
#2 C:\wamp64\www\vpnb\vpnb\etfvest\vendor\codeigniter4\framework\system\CodeIgniter.php(398): CodeIgniter\CodeIgniter->runController(Object(App\Controllers\KorisnikM))
#3 C:\wamp64\www\vpnb\vpnb\etfvest\vendor\codeigniter4\framework\system\CodeIgniter.php(306): CodeIgniter\CodeIgniter->handleRequest(NULL, Object(Config\Cache), false)
#4 C:\wamp64\www\vpnb\vpnb\etfvest\public\index.php(45): CodeIgniter\CodeIgniter->run()
#5 C:\wamp64\www\vpnb\vpnb\etfvest\vendor\codeigniter4\framework\system\Commands\Server\rewrite.php(34): require_once('C:\\wamp64\\www\\v...')
#6 {main}
CRITICAL - 2020-05-19 07:02:49 --> Undefined property: stdClass::$idDestinacije
#0 C:\wamp64\www\vpnb\vpnb\etfvest\app\Controllers\KorisnikM.php(134): CodeIgniter\Debug\Exceptions->errorHandler(8, 'Undefined prope...', 'C:\\wamp64\\www\\v...', 134, Array)
#1 C:\wamp64\www\vpnb\vpnb\etfvest\vendor\codeigniter4\framework\system\CodeIgniter.php(910): App\Controllers\KorisnikM->dodajPutsubmit()
#2 C:\wamp64\www\vpnb\vpnb\etfvest\vendor\codeigniter4\framework\system\CodeIgniter.php(398): CodeIgniter\CodeIgniter->runController(Object(App\Controllers\KorisnikM))
#3 C:\wamp64\www\vpnb\vpnb\etfvest\vendor\codeigniter4\framework\system\CodeIgniter.php(306): CodeIgniter\CodeIgniter->handleRequest(NULL, Object(Config\Cache), false)
#4 C:\wamp64\www\vpnb\vpnb\etfvest\public\index.php(45): CodeIgniter\CodeIgniter->run()
#5 C:\wamp64\www\vpnb\vpnb\etfvest\vendor\codeigniter4\framework\system\Commands\Server\rewrite.php(34): require_once('C:\\wamp64\\www\\v...')
#6 {main}
CRITICAL - 2020-05-19 07:31:33 --> Trying to get property 'checked' of non-object
#0 C:\wamp64\www\vpnb\vpnb\etfvest\app\Controllers\KorisnikM.php(137): CodeIgniter\Debug\Exceptions->errorHandler(8, 'Trying to get p...', 'C:\\wamp64\\www\\v...', 137, Array)
#1 C:\wamp64\www\vpnb\vpnb\etfvest\vendor\codeigniter4\framework\system\CodeIgniter.php(910): App\Controllers\KorisnikM->dodajPutsubmit()
#2 C:\wamp64\www\vpnb\vpnb\etfvest\vendor\codeigniter4\framework\system\CodeIgniter.php(398): CodeIgniter\CodeIgniter->runController(Object(App\Controllers\KorisnikM))
#3 C:\wamp64\www\vpnb\vpnb\etfvest\vendor\codeigniter4\framework\system\CodeIgniter.php(306): CodeIgniter\CodeIgniter->handleRequest(NULL, Object(Config\Cache), false)
#4 C:\wamp64\www\vpnb\vpnb\etfvest\public\index.php(45): CodeIgniter\CodeIgniter->run()
#5 C:\wamp64\www\vpnb\vpnb\etfvest\vendor\codeigniter4\framework\system\Commands\Server\rewrite.php(34): require_once('C:\\wamp64\\www\\v...')
#6 {main}
CRITICAL - 2020-05-19 07:51:20 --> Duplicate entry '5-7' for key 'PRIMARY'
#0 C:\wamp64\www\vpnb\vpnb\etfvest\vendor\codeigniter4\framework\system\Database\MySQLi\Connection.php(330): mysqli->query('INSERT INTO `se...')
#1 C:\wamp64\www\vpnb\vpnb\etfvest\vendor\codeigniter4\framework\system\Database\BaseConnection.php(738): CodeIgniter\Database\MySQLi\Connection->execute('INSERT INTO `se...')
#2 C:\wamp64\www\vpnb\vpnb\etfvest\vendor\codeigniter4\framework\system\Database\BaseConnection.php(666): CodeIgniter\Database\BaseConnection->simpleQuery('INSERT INTO `se...')
#3 C:\wamp64\www\vpnb\vpnb\etfvest\vendor\codeigniter4\framework\system\Database\BaseBuilder.php(2206): CodeIgniter\Database\BaseConnection->query('INSERT INTO `se...', Array, false)
#4 C:\wamp64\www\vpnb\vpnb\etfvest\vendor\codeigniter4\framework\system\Model.php(722): CodeIgniter\Database\BaseBuilder->insert()
#5 C:\wamp64\www\vpnb\vpnb\etfvest\app\Controllers\KorisnikM.php(180): CodeIgniter\Model->insert(Array)
#6 C:\wamp64\www\vpnb\vpnb\etfvest\vendor\codeigniter4\framework\system\CodeIgniter.php(910): App\Controllers\KorisnikM->dodajPutsubmit()
#7 C:\wamp64\www\vpnb\vpnb\etfvest\vendor\codeigniter4\framework\system\CodeIgniter.php(398): CodeIgniter\CodeIgniter->runController(Object(App\Controllers\KorisnikM))
#8 C:\wamp64\www\vpnb\vpnb\etfvest\vendor\codeigniter4\framework\system\CodeIgniter.php(306): CodeIgniter\CodeIgniter->handleRequest(NULL, Object(Config\Cache), false)
#9 C:\wamp64\www\vpnb\vpnb\etfvest\public\index.php(45): CodeIgniter\CodeIgniter->run()
#10 C:\wamp64\www\vpnb\vpnb\etfvest\vendor\codeigniter4\framework\system\Commands\Server\rewrite.php(34): require_once('C:\\wamp64\\www\\v...')
#11 {main}
CRITICAL - 2020-05-19 08:08:04 --> Undefined variable: primaryKey
#0 C:\wamp64\www\vpnb\vpnb\etfvest\app\Models\KomentarModel.php(15): CodeIgniter\Debug\Exceptions->errorHandler(8, 'Undefined varia...', 'C:\\wamp64\\www\\v...', 15, Array)
#1 C:\wamp64\www\vpnb\vpnb\etfvest\app\Controllers\KorisnikM.php(173): App\Models\KomentarModel->dohVID()
#2 C:\wamp64\www\vpnb\vpnb\etfvest\vendor\codeigniter4\framework\system\CodeIgniter.php(910): App\Controllers\KorisnikM->dodajPutsubmit()
#3 C:\wamp64\www\vpnb\vpnb\etfvest\vendor\codeigniter4\framework\system\CodeIgniter.php(398): CodeIgniter\CodeIgniter->runController(Object(App\Controllers\KorisnikM))
#4 C:\wamp64\www\vpnb\vpnb\etfvest\vendor\codeigniter4\framework\system\CodeIgniter.php(306): CodeIgniter\CodeIgniter->handleRequest(NULL, Object(Config\Cache), false)
#5 C:\wamp64\www\vpnb\vpnb\etfvest\public\index.php(45): CodeIgniter\CodeIgniter->run()
#6 C:\wamp64\www\vpnb\vpnb\etfvest\vendor\codeigniter4\framework\system\Commands\Server\rewrite.php(34): require_once('C:\\wamp64\\www\\v...')
#7 {main}
CRITICAL - 2020-05-19 08:08:24 --> Column 'IdKom' cannot be null
#0 C:\wamp64\www\vpnb\vpnb\etfvest\vendor\codeigniter4\framework\system\Database\MySQLi\Connection.php(330): mysqli->query('INSERT INTO `se...')
#1 C:\wamp64\www\vpnb\vpnb\etfvest\vendor\codeigniter4\framework\system\Database\BaseConnection.php(738): CodeIgniter\Database\MySQLi\Connection->execute('INSERT INTO `se...')
#2 C:\wamp64\www\vpnb\vpnb\etfvest\vendor\codeigniter4\framework\system\Database\BaseConnection.php(666): CodeIgniter\Database\BaseConnection->simpleQuery('INSERT INTO `se...')
#3 C:\wamp64\www\vpnb\vpnb\etfvest\vendor\codeigniter4\framework\system\Database\BaseBuilder.php(2206): CodeIgniter\Database\BaseConnection->query('INSERT INTO `se...', Array, false)
#4 C:\wamp64\www\vpnb\vpnb\etfvest\vendor\codeigniter4\framework\system\Model.php(722): CodeIgniter\Database\BaseBuilder->insert()
#5 C:\wamp64\www\vpnb\vpnb\etfvest\app\Controllers\KorisnikM.php(180): CodeIgniter\Model->insert(Array)
#6 C:\wamp64\www\vpnb\vpnb\etfvest\vendor\codeigniter4\framework\system\CodeIgniter.php(910): App\Controllers\KorisnikM->dodajPutsubmit()
#7 C:\wamp64\www\vpnb\vpnb\etfvest\vendor\codeigniter4\framework\system\CodeIgniter.php(398): CodeIgniter\CodeIgniter->runController(Object(App\Controllers\KorisnikM))
#8 C:\wamp64\www\vpnb\vpnb\etfvest\vendor\codeigniter4\framework\system\CodeIgniter.php(306): CodeIgniter\CodeIgniter->handleRequest(NULL, Object(Config\Cache), false)
#9 C:\wamp64\www\vpnb\vpnb\etfvest\public\index.php(45): CodeIgniter\CodeIgniter->run()
#10 C:\wamp64\www\vpnb\vpnb\etfvest\vendor\codeigniter4\framework\system\Commands\Server\rewrite.php(34): require_once('C:\\wamp64\\www\\v...')
#11 {main}
CRITICAL - 2020-05-19 08:10:29 --> Column 'IdKom' cannot be null
#0 C:\wamp64\www\vpnb\vpnb\etfvest\vendor\codeigniter4\framework\system\Database\MySQLi\Connection.php(330): mysqli->query('INSERT INTO `se...')
#1 C:\wamp64\www\vpnb\vpnb\etfvest\vendor\codeigniter4\framework\system\Database\BaseConnection.php(738): CodeIgniter\Database\MySQLi\Connection->execute('INSERT INTO `se...')
#2 C:\wamp64\www\vpnb\vpnb\etfvest\vendor\codeigniter4\framework\system\Database\BaseConnection.php(666): CodeIgniter\Database\BaseConnection->simpleQuery('INSERT INTO `se...')
#3 C:\wamp64\www\vpnb\vpnb\etfvest\vendor\codeigniter4\framework\system\Database\BaseBuilder.php(2206): CodeIgniter\Database\BaseConnection->query('INSERT INTO `se...', Array, false)
#4 C:\wamp64\www\vpnb\vpnb\etfvest\vendor\codeigniter4\framework\system\Model.php(722): CodeIgniter\Database\BaseBuilder->insert()
#5 C:\wamp64\www\vpnb\vpnb\etfvest\app\Controllers\KorisnikM.php(180): CodeIgniter\Model->insert(Array)
#6 C:\wamp64\www\vpnb\vpnb\etfvest\vendor\codeigniter4\framework\system\CodeIgniter.php(910): App\Controllers\KorisnikM->dodajPutsubmit()
#7 C:\wamp64\www\vpnb\vpnb\etfvest\vendor\codeigniter4\framework\system\CodeIgniter.php(398): CodeIgniter\CodeIgniter->runController(Object(App\Controllers\KorisnikM))
#8 C:\wamp64\www\vpnb\vpnb\etfvest\vendor\codeigniter4\framework\system\CodeIgniter.php(306): CodeIgniter\CodeIgniter->handleRequest(NULL, Object(Config\Cache), false)
#9 C:\wamp64\www\vpnb\vpnb\etfvest\public\index.php(45): CodeIgniter\CodeIgniter->run()
#10 C:\wamp64\www\vpnb\vpnb\etfvest\vendor\codeigniter4\framework\system\Commands\Server\rewrite.php(34): require_once('C:\\wamp64\\www\\v...')
#11 {main}
CRITICAL - 2020-05-19 08:10:33 --> Column 'IdKom' cannot be null
#0 C:\wamp64\www\vpnb\vpnb\etfvest\vendor\codeigniter4\framework\system\Database\MySQLi\Connection.php(330): mysqli->query('INSERT INTO `se...')
#1 C:\wamp64\www\vpnb\vpnb\etfvest\vendor\codeigniter4\framework\system\Database\BaseConnection.php(738): CodeIgniter\Database\MySQLi\Connection->execute('INSERT INTO `se...')
#2 C:\wamp64\www\vpnb\vpnb\etfvest\vendor\codeigniter4\framework\system\Database\BaseConnection.php(666): CodeIgniter\Database\BaseConnection->simpleQuery('INSERT INTO `se...')
#3 C:\wamp64\www\vpnb\vpnb\etfvest\vendor\codeigniter4\framework\system\Database\BaseBuilder.php(2206): CodeIgniter\Database\BaseConnection->query('INSERT INTO `se...', Array, false)
#4 C:\wamp64\www\vpnb\vpnb\etfvest\vendor\codeigniter4\framework\system\Model.php(722): CodeIgniter\Database\BaseBuilder->insert()
#5 C:\wamp64\www\vpnb\vpnb\etfvest\app\Controllers\KorisnikM.php(180): CodeIgniter\Model->insert(Array)
#6 C:\wamp64\www\vpnb\vpnb\etfvest\vendor\codeigniter4\framework\system\CodeIgniter.php(910): App\Controllers\KorisnikM->dodajPutsubmit()
#7 C:\wamp64\www\vpnb\vpnb\etfvest\vendor\codeigniter4\framework\system\CodeIgniter.php(398): CodeIgniter\CodeIgniter->runController(Object(App\Controllers\KorisnikM))
#8 C:\wamp64\www\vpnb\vpnb\etfvest\vendor\codeigniter4\framework\system\CodeIgniter.php(306): CodeIgniter\CodeIgniter->handleRequest(NULL, Object(Config\Cache), false)
#9 C:\wamp64\www\vpnb\vpnb\etfvest\public\index.php(45): CodeIgniter\CodeIgniter->run()
#10 C:\wamp64\www\vpnb\vpnb\etfvest\vendor\codeigniter4\framework\system\Commands\Server\rewrite.php(34): require_once('C:\\wamp64\\www\\v...')
#11 {main}
CRITICAL - 2020-05-19 08:15:44 --> Undefined variable: primaryKey
#0 C:\wamp64\www\vpnb\vpnb\etfvest\app\Controllers\KorisnikM.php(173): CodeIgniter\Debug\Exceptions->errorHandler(8, 'Undefined varia...', 'C:\\wamp64\\www\\v...', 173, Array)
#1 C:\wamp64\www\vpnb\vpnb\etfvest\vendor\codeigniter4\framework\system\CodeIgniter.php(910): App\Controllers\KorisnikM->dodajPutsubmit()
#2 C:\wamp64\www\vpnb\vpnb\etfvest\vendor\codeigniter4\framework\system\CodeIgniter.php(398): CodeIgniter\CodeIgniter->runController(Object(App\Controllers\KorisnikM))
#3 C:\wamp64\www\vpnb\vpnb\etfvest\vendor\codeigniter4\framework\system\CodeIgniter.php(306): CodeIgniter\CodeIgniter->handleRequest(NULL, Object(Config\Cache), false)
#4 C:\wamp64\www\vpnb\vpnb\etfvest\public\index.php(45): CodeIgniter\CodeIgniter->run()
#5 C:\wamp64\www\vpnb\vpnb\etfvest\vendor\codeigniter4\framework\system\Commands\Server\rewrite.php(34): require_once('C:\\wamp64\\www\\v...')
#6 {main}
CRITICAL - 2020-05-19 08:16:05 --> Use of undefined constant IdKom - assumed 'IdKom' (this will throw an Error in a future version of PHP)
#0 C:\wamp64\www\vpnb\vpnb\etfvest\app\Controllers\KorisnikM.php(173): CodeIgniter\Debug\Exceptions->errorHandler(2, 'Use of undefine...', 'C:\\wamp64\\www\\v...', 173, Array)
#1 C:\wamp64\www\vpnb\vpnb\etfvest\vendor\codeigniter4\framework\system\CodeIgniter.php(910): App\Controllers\KorisnikM->dodajPutsubmit()
#2 C:\wamp64\www\vpnb\vpnb\etfvest\vendor\codeigniter4\framework\system\CodeIgniter.php(398): CodeIgniter\CodeIgniter->runController(Object(App\Controllers\KorisnikM))
#3 C:\wamp64\www\vpnb\vpnb\etfvest\vendor\codeigniter4\framework\system\CodeIgniter.php(306): CodeIgniter\CodeIgniter->handleRequest(NULL, Object(Config\Cache), false)
#4 C:\wamp64\www\vpnb\vpnb\etfvest\public\index.php(45): CodeIgniter\CodeIgniter->run()
#5 C:\wamp64\www\vpnb\vpnb\etfvest\vendor\codeigniter4\framework\system\Commands\Server\rewrite.php(34): require_once('C:\\wamp64\\www\\v...')
#6 {main}
CRITICAL - 2020-05-19 08:16:15 --> Argument 1 passed to CodeIgniter\Database\BaseBuilder::get() must be of the type int or null, string given, called in C:\wamp64\www\vpnb\vpnb\etfvest\vendor\codeigniter4\framework\system\Model.php on line 1702
#0 C:\wamp64\www\vpnb\vpnb\etfvest\vendor\codeigniter4\framework\system\Model.php(1702): CodeIgniter\Database\BaseBuilder->get('IdKom')
#1 C:\wamp64\www\vpnb\vpnb\etfvest\app\Controllers\KorisnikM.php(173): CodeIgniter\Model->__call('get', Array)
#2 C:\wamp64\www\vpnb\vpnb\etfvest\vendor\codeigniter4\framework\system\CodeIgniter.php(910): App\Controllers\KorisnikM->dodajPutsubmit()
#3 C:\wamp64\www\vpnb\vpnb\etfvest\vendor\codeigniter4\framework\system\CodeIgniter.php(398): CodeIgniter\CodeIgniter->runController(Object(App\Controllers\KorisnikM))
#4 C:\wamp64\www\vpnb\vpnb\etfvest\vendor\codeigniter4\framework\system\CodeIgniter.php(306): CodeIgniter\CodeIgniter->handleRequest(NULL, Object(Config\Cache), false)
#5 C:\wamp64\www\vpnb\vpnb\etfvest\public\index.php(45): CodeIgniter\CodeIgniter->run()
#6 C:\wamp64\www\vpnb\vpnb\etfvest\vendor\codeigniter4\framework\system\Commands\Server\rewrite.php(34): require_once('C:\\wamp64\\www\\v...')
#7 {main}
CRITICAL - 2020-05-19 08:19:17 --> Trying to get property 'IdKom' of non-object
#0 C:\wamp64\www\vpnb\vpnb\etfvest\app\Controllers\KorisnikM.php(175): CodeIgniter\Debug\Exceptions->errorHandler(8, 'Trying to get p...', 'C:\\wamp64\\www\\v...', 175, Array)
#1 C:\wamp64\www\vpnb\vpnb\etfvest\vendor\codeigniter4\framework\system\CodeIgniter.php(910): App\Controllers\KorisnikM->dodajPutsubmit()
#2 C:\wamp64\www\vpnb\vpnb\etfvest\vendor\codeigniter4\framework\system\CodeIgniter.php(398): CodeIgniter\CodeIgniter->runController(Object(App\Controllers\KorisnikM))
#3 C:\wamp64\www\vpnb\vpnb\etfvest\vendor\codeigniter4\framework\system\CodeIgniter.php(306): CodeIgniter\CodeIgniter->handleRequest(NULL, Object(Config\Cache), false)
#4 C:\wamp64\www\vpnb\vpnb\etfvest\public\index.php(45): CodeIgniter\CodeIgniter->run()
#5 C:\wamp64\www\vpnb\vpnb\etfvest\vendor\codeigniter4\framework\system\Commands\Server\rewrite.php(34): require_once('C:\\wamp64\\www\\v...')
#6 {main}
CRITICAL - 2020-05-19 08:19:38 --> Trying to get property 'IdKom' of non-object
#0 C:\wamp64\www\vpnb\vpnb\etfvest\app\Controllers\KorisnikM.php(175): CodeIgniter\Debug\Exceptions->errorHandler(8, 'Trying to get p...', 'C:\\wamp64\\www\\v...', 175, Array)
#1 C:\wamp64\www\vpnb\vpnb\etfvest\vendor\codeigniter4\framework\system\CodeIgniter.php(910): App\Controllers\KorisnikM->dodajPutsubmit()
#2 C:\wamp64\www\vpnb\vpnb\etfvest\vendor\codeigniter4\framework\system\CodeIgniter.php(398): CodeIgniter\CodeIgniter->runController(Object(App\Controllers\KorisnikM))
#3 C:\wamp64\www\vpnb\vpnb\etfvest\vendor\codeigniter4\framework\system\CodeIgniter.php(306): CodeIgniter\CodeIgniter->handleRequest(NULL, Object(Config\Cache), false)
#4 C:\wamp64\www\vpnb\vpnb\etfvest\public\index.php(45): CodeIgniter\CodeIgniter->run()
#5 C:\wamp64\www\vpnb\vpnb\etfvest\vendor\codeigniter4\framework\system\Commands\Server\rewrite.php(34): require_once('C:\\wamp64\\www\\v...')
#6 {main}
CRITICAL - 2020-05-19 08:20:59 --> Trying to get property 'IdKom' of non-object
#0 C:\wamp64\www\vpnb\vpnb\etfvest\app\Controllers\KorisnikM.php(175): CodeIgniter\Debug\Exceptions->errorHandler(8, 'Trying to get p...', 'C:\\wamp64\\www\\v...', 175, Array)
#1 C:\wamp64\www\vpnb\vpnb\etfvest\vendor\codeigniter4\framework\system\CodeIgniter.php(910): App\Controllers\KorisnikM->dodajPutsubmit()
#2 C:\wamp64\www\vpnb\vpnb\etfvest\vendor\codeigniter4\framework\system\CodeIgniter.php(398): CodeIgniter\CodeIgniter->runController(Object(App\Controllers\KorisnikM))
#3 C:\wamp64\www\vpnb\vpnb\etfvest\vendor\codeigniter4\framework\system\CodeIgniter.php(306): CodeIgniter\CodeIgniter->handleRequest(NULL, Object(Config\Cache), false)
#4 C:\wamp64\www\vpnb\vpnb\etfvest\public\index.php(45): CodeIgniter\CodeIgniter->run()
#5 C:\wamp64\www\vpnb\vpnb\etfvest\vendor\codeigniter4\framework\system\Commands\Server\rewrite.php(34): require_once('C:\\wamp64\\www\\v...')
#6 {main}
CRITICAL - 2020-05-19 08:21:14 --> syntax error, unexpected ''IdKom'' (T_CONSTANT_ENCAPSED_STRING), expecting identifier (T_STRING) or variable (T_VARIABLE) or '{' or '$'
#0 C:\wamp64\www\vpnb\vpnb\etfvest\vendor\codeigniter4\framework\system\Router\Router.php(192): CodeIgniter\Router\Router->autoRoute('KorisnikM/dodaj...')
#1 C:\wamp64\www\vpnb\vpnb\etfvest\vendor\codeigniter4\framework\system\CodeIgniter.php(785): CodeIgniter\Router\Router->handle('KorisnikM/dodaj...')
#2 C:\wamp64\www\vpnb\vpnb\etfvest\vendor\codeigniter4\framework\system\CodeIgniter.php(358): CodeIgniter\CodeIgniter->tryToRouteIt(Object(CodeIgniter\Router\RouteCollection))
#3 C:\wamp64\www\vpnb\vpnb\etfvest\vendor\codeigniter4\framework\system\CodeIgniter.php(306): CodeIgniter\CodeIgniter->handleRequest(NULL, Object(Config\Cache), false)
#4 C:\wamp64\www\vpnb\vpnb\etfvest\public\index.php(45): CodeIgniter\CodeIgniter->run()
#5 C:\wamp64\www\vpnb\vpnb\etfvest\vendor\codeigniter4\framework\system\Commands\Server\rewrite.php(34): require_once('C:\\wamp64\\www\\v...')
#6 {main}
CRITICAL - 2020-05-19 08:22:07 --> Call to a member function get() on null
#0 C:\wamp64\www\vpnb\vpnb\etfvest\vendor\codeigniter4\framework\system\CodeIgniter.php(910): App\Controllers\KorisnikM->dodajPutsubmit()
#1 C:\wamp64\www\vpnb\vpnb\etfvest\vendor\codeigniter4\framework\system\CodeIgniter.php(398): CodeIgniter\CodeIgniter->runController(Object(App\Controllers\KorisnikM))
#2 C:\wamp64\www\vpnb\vpnb\etfvest\vendor\codeigniter4\framework\system\CodeIgniter.php(306): CodeIgniter\CodeIgniter->handleRequest(NULL, Object(Config\Cache), false)
#3 C:\wamp64\www\vpnb\vpnb\etfvest\public\index.php(45): CodeIgniter\CodeIgniter->run()
#4 C:\wamp64\www\vpnb\vpnb\etfvest\vendor\codeigniter4\framework\system\Commands\Server\rewrite.php(34): require_once('C:\\wamp64\\www\\v...')
#5 {main}
CRITICAL - 2020-05-19 08:22:22 --> Trying to get property 'IdKom' of non-object
#0 C:\wamp64\www\vpnb\vpnb\etfvest\app\Controllers\KorisnikM.php(175): CodeIgniter\Debug\Exceptions->errorHandler(8, 'Trying to get p...', 'C:\\wamp64\\www\\v...', 175, Array)
#1 C:\wamp64\www\vpnb\vpnb\etfvest\vendor\codeigniter4\framework\system\CodeIgniter.php(910): App\Controllers\KorisnikM->dodajPutsubmit()
#2 C:\wamp64\www\vpnb\vpnb\etfvest\vendor\codeigniter4\framework\system\CodeIgniter.php(398): CodeIgniter\CodeIgniter->runController(Object(App\Controllers\KorisnikM))
#3 C:\wamp64\www\vpnb\vpnb\etfvest\vendor\codeigniter4\framework\system\CodeIgniter.php(306): CodeIgniter\CodeIgniter->handleRequest(NULL, Object(Config\Cache), false)
#4 C:\wamp64\www\vpnb\vpnb\etfvest\public\index.php(45): CodeIgniter\CodeIgniter->run()
#5 C:\wamp64\www\vpnb\vpnb\etfvest\vendor\codeigniter4\framework\system\Commands\Server\rewrite.php(34): require_once('C:\\wamp64\\www\\v...')
#6 {main}
CRITICAL - 2020-05-19 09:38:22 --> Column 'IdKom' cannot be null
#0 C:\wamp64\www\vpnb\vpnb\etfvest\vendor\codeigniter4\framework\system\Database\MySQLi\Connection.php(330): mysqli->query('INSERT INTO `se...')
#1 C:\wamp64\www\vpnb\vpnb\etfvest\vendor\codeigniter4\framework\system\Database\BaseConnection.php(738): CodeIgniter\Database\MySQLi\Connection->execute('INSERT INTO `se...')
#2 C:\wamp64\www\vpnb\vpnb\etfvest\vendor\codeigniter4\framework\system\Database\BaseConnection.php(666): CodeIgniter\Database\BaseConnection->simpleQuery('INSERT INTO `se...')
#3 C:\wamp64\www\vpnb\vpnb\etfvest\vendor\codeigniter4\framework\system\Database\BaseBuilder.php(2206): CodeIgniter\Database\BaseConnection->query('INSERT INTO `se...', Array, false)
#4 C:\wamp64\www\vpnb\vpnb\etfvest\vendor\codeigniter4\framework\system\Model.php(722): CodeIgniter\Database\BaseBuilder->insert()
#5 C:\wamp64\www\vpnb\vpnb\etfvest\app\Controllers\KorisnikM.php(178): CodeIgniter\Model->insert(Array)
#6 C:\wamp64\www\vpnb\vpnb\etfvest\vendor\codeigniter4\framework\system\CodeIgniter.php(910): App\Controllers\KorisnikM->dodajPutsubmit()
#7 C:\wamp64\www\vpnb\vpnb\etfvest\vendor\codeigniter4\framework\system\CodeIgniter.php(398): CodeIgniter\CodeIgniter->runController(Object(App\Controllers\KorisnikM))
#8 C:\wamp64\www\vpnb\vpnb\etfvest\vendor\codeigniter4\framework\system\CodeIgniter.php(306): CodeIgniter\CodeIgniter->handleRequest(NULL, Object(Config\Cache), false)
#9 C:\wamp64\www\vpnb\vpnb\etfvest\public\index.php(45): CodeIgniter\CodeIgniter->run()
#10 C:\wamp64\www\vpnb\vpnb\etfvest\vendor\codeigniter4\framework\system\Commands\Server\rewrite.php(34): require_once('C:\\wamp64\\www\\v...')
#11 {main}
CRITICAL - 2020-05-19 09:46:39 --> Call to a member function findAll() on null
#0 C:\wamp64\www\vpnb\vpnb\etfvest\vendor\codeigniter4\framework\system\CodeIgniter.php(910): App\Controllers\KorisnikM->dodajPutsubmit()
#1 C:\wamp64\www\vpnb\vpnb\etfvest\vendor\codeigniter4\framework\system\CodeIgniter.php(398): CodeIgniter\CodeIgniter->runController(Object(App\Controllers\KorisnikM))
#2 C:\wamp64\www\vpnb\vpnb\etfvest\vendor\codeigniter4\framework\system\CodeIgniter.php(306): CodeIgniter\CodeIgniter->handleRequest(NULL, Object(Config\Cache), false)
#3 C:\wamp64\www\vpnb\vpnb\etfvest\public\index.php(45): CodeIgniter\CodeIgniter->run()
#4 C:\wamp64\www\vpnb\vpnb\etfvest\vendor\codeigniter4\framework\system\Commands\Server\rewrite.php(34): require_once('C:\\wamp64\\www\\v...')
#5 {main}
CRITICAL - 2020-05-19 09:48:29 --> Undefined offset: 0
#0 C:\wamp64\www\vpnb\vpnb\etfvest\app\Controllers\KorisnikM.php(180): CodeIgniter\Debug\Exceptions->errorHandler(8, 'Undefined offse...', 'C:\\wamp64\\www\\v...', 180, Array)
#1 C:\wamp64\www\vpnb\vpnb\etfvest\vendor\codeigniter4\framework\system\CodeIgniter.php(910): App\Controllers\KorisnikM->dodajPutsubmit()
#2 C:\wamp64\www\vpnb\vpnb\etfvest\vendor\codeigniter4\framework\system\CodeIgniter.php(398): CodeIgniter\CodeIgniter->runController(Object(App\Controllers\KorisnikM))
#3 C:\wamp64\www\vpnb\vpnb\etfvest\vendor\codeigniter4\framework\system\CodeIgniter.php(306): CodeIgniter\CodeIgniter->handleRequest(NULL, Object(Config\Cache), false)
#4 C:\wamp64\www\vpnb\vpnb\etfvest\public\index.php(45): CodeIgniter\CodeIgniter->run()
#5 C:\wamp64\www\vpnb\vpnb\etfvest\vendor\codeigniter4\framework\system\Commands\Server\rewrite.php(34): require_once('C:\\wamp64\\www\\v...')
#6 {main}
CRITICAL - 2020-05-19 09:48:49 --> Trying to get property 'Username' of non-object
#0 C:\wamp64\www\vpnb\vpnb\etfvest\app\Controllers\KorisnikM.php(180): CodeIgniter\Debug\Exceptions->errorHandler(8, 'Trying to get p...', 'C:\\wamp64\\www\\v...', 180, Array)
#1 C:\wamp64\www\vpnb\vpnb\etfvest\vendor\codeigniter4\framework\system\CodeIgniter.php(910): App\Controllers\KorisnikM->dodajPutsubmit()
#2 C:\wamp64\www\vpnb\vpnb\etfvest\vendor\codeigniter4\framework\system\CodeIgniter.php(398): CodeIgniter\CodeIgniter->runController(Object(App\Controllers\KorisnikM))
#3 C:\wamp64\www\vpnb\vpnb\etfvest\vendor\codeigniter4\framework\system\CodeIgniter.php(306): CodeIgniter\CodeIgniter->handleRequest(NULL, Object(Config\Cache), false)
#4 C:\wamp64\www\vpnb\vpnb\etfvest\public\index.php(45): CodeIgniter\CodeIgniter->run()
#5 C:\wamp64\www\vpnb\vpnb\etfvest\vendor\codeigniter4\framework\system\Commands\Server\rewrite.php(34): require_once('C:\\wamp64\\www\\v...')
#6 {main}
CRITICAL - 2020-05-19 09:49:15 --> Trying to get property 'Username' of non-object
#0 C:\wamp64\www\vpnb\vpnb\etfvest\app\Controllers\KorisnikM.php(180): CodeIgniter\Debug\Exceptions->errorHandler(8, 'Trying to get p...', 'C:\\wamp64\\www\\v...', 180, Array)
#1 C:\wamp64\www\vpnb\vpnb\etfvest\vendor\codeigniter4\framework\system\CodeIgniter.php(910): App\Controllers\KorisnikM->dodajPutsubmit()
#2 C:\wamp64\www\vpnb\vpnb\etfvest\vendor\codeigniter4\framework\system\CodeIgniter.php(398): CodeIgniter\CodeIgniter->runController(Object(App\Controllers\KorisnikM))
#3 C:\wamp64\www\vpnb\vpnb\etfvest\vendor\codeigniter4\framework\system\CodeIgniter.php(306): CodeIgniter\CodeIgniter->handleRequest(NULL, Object(Config\Cache), false)
#4 C:\wamp64\www\vpnb\vpnb\etfvest\public\index.php(45): CodeIgniter\CodeIgniter->run()
#5 C:\wamp64\www\vpnb\vpnb\etfvest\vendor\codeigniter4\framework\system\Commands\Server\rewrite.php(34): require_once('C:\\wamp64\\www\\v...')
#6 {main}
CRITICAL - 2020-05-19 09:49:41 --> Array to string conversion
#0 C:\wamp64\www\vpnb\vpnb\etfvest\app\Controllers\KorisnikM.php(184): CodeIgniter\Debug\Exceptions->errorHandler(8, 'Array to string...', 'C:\\wamp64\\www\\v...', 184, Array)
#1 C:\wamp64\www\vpnb\vpnb\etfvest\vendor\codeigniter4\framework\system\CodeIgniter.php(910): App\Controllers\KorisnikM->dodajPutsubmit()
#2 C:\wamp64\www\vpnb\vpnb\etfvest\vendor\codeigniter4\framework\system\CodeIgniter.php(398): CodeIgniter\CodeIgniter->runController(Object(App\Controllers\KorisnikM))
#3 C:\wamp64\www\vpnb\vpnb\etfvest\vendor\codeigniter4\framework\system\CodeIgniter.php(306): CodeIgniter\CodeIgniter->handleRequest(NULL, Object(Config\Cache), false)
#4 C:\wamp64\www\vpnb\vpnb\etfvest\public\index.php(45): CodeIgniter\CodeIgniter->run()
#5 C:\wamp64\www\vpnb\vpnb\etfvest\vendor\codeigniter4\framework\system\Commands\Server\rewrite.php(34): require_once('C:\\wamp64\\www\\v...')
#6 {main}
CRITICAL - 2020-05-19 09:49:53 --> Undefined offset: 0
#0 C:\wamp64\www\vpnb\vpnb\etfvest\app\Controllers\KorisnikM.php(184): CodeIgniter\Debug\Exceptions->errorHandler(8, 'Undefined offse...', 'C:\\wamp64\\www\\v...', 184, Array)
#1 C:\wamp64\www\vpnb\vpnb\etfvest\vendor\codeigniter4\framework\system\CodeIgniter.php(910): App\Controllers\KorisnikM->dodajPutsubmit()
#2 C:\wamp64\www\vpnb\vpnb\etfvest\vendor\codeigniter4\framework\system\CodeIgniter.php(398): CodeIgniter\CodeIgniter->runController(Object(App\Controllers\KorisnikM))
#3 C:\wamp64\www\vpnb\vpnb\etfvest\vendor\codeigniter4\framework\system\CodeIgniter.php(306): CodeIgniter\CodeIgniter->handleRequest(NULL, Object(Config\Cache), false)
#4 C:\wamp64\www\vpnb\vpnb\etfvest\public\index.php(45): CodeIgniter\CodeIgniter->run()
#5 C:\wamp64\www\vpnb\vpnb\etfvest\vendor\codeigniter4\framework\system\Commands\Server\rewrite.php(34): require_once('C:\\wamp64\\www\\v...')
#6 {main}
CRITICAL - 2020-05-19 09:51:58 --> Undefined offset: 0
#0 C:\wamp64\www\vpnb\vpnb\etfvest\app\Controllers\KorisnikM.php(184): CodeIgniter\Debug\Exceptions->errorHandler(8, 'Undefined offse...', 'C:\\wamp64\\www\\v...', 184, Array)
#1 C:\wamp64\www\vpnb\vpnb\etfvest\vendor\codeigniter4\framework\system\CodeIgniter.php(910): App\Controllers\KorisnikM->dodajPutsubmit()
#2 C:\wamp64\www\vpnb\vpnb\etfvest\vendor\codeigniter4\framework\system\CodeIgniter.php(398): CodeIgniter\CodeIgniter->runController(Object(App\Controllers\KorisnikM))
#3 C:\wamp64\www\vpnb\vpnb\etfvest\vendor\codeigniter4\framework\system\CodeIgniter.php(306): CodeIgniter\CodeIgniter->handleRequest(NULL, Object(Config\Cache), false)
#4 C:\wamp64\www\vpnb\vpnb\etfvest\public\index.php(45): CodeIgniter\CodeIgniter->run()
#5 C:\wamp64\www\vpnb\vpnb\etfvest\vendor\codeigniter4\framework\system\Commands\Server\rewrite.php(34): require_once('C:\\wamp64\\www\\v...')
#6 {main}
CRITICAL - 2020-05-19 09:52:02 --> Undefined offset: 0
#0 C:\wamp64\www\vpnb\vpnb\etfvest\app\Controllers\KorisnikM.php(184): CodeIgniter\Debug\Exceptions->errorHandler(8, 'Undefined offse...', 'C:\\wamp64\\www\\v...', 184, Array)
#1 C:\wamp64\www\vpnb\vpnb\etfvest\vendor\codeigniter4\framework\system\CodeIgniter.php(910): App\Controllers\KorisnikM->dodajPutsubmit()
#2 C:\wamp64\www\vpnb\vpnb\etfvest\vendor\codeigniter4\framework\system\CodeIgniter.php(398): CodeIgniter\CodeIgniter->runController(Object(App\Controllers\KorisnikM))
#3 C:\wamp64\www\vpnb\vpnb\etfvest\vendor\codeigniter4\framework\system\CodeIgniter.php(306): CodeIgniter\CodeIgniter->handleRequest(NULL, Object(Config\Cache), false)
#4 C:\wamp64\www\vpnb\vpnb\etfvest\public\index.php(45): CodeIgniter\CodeIgniter->run()
#5 C:\wamp64\www\vpnb\vpnb\etfvest\vendor\codeigniter4\framework\system\Commands\Server\rewrite.php(34): require_once('C:\\wamp64\\www\\v...')
#6 {main}
CRITICAL - 2020-05-19 09:52:12 --> Array to string conversion
#0 C:\wamp64\www\vpnb\vpnb\etfvest\app\Controllers\KorisnikM.php(184): CodeIgniter\Debug\Exceptions->errorHandler(8, 'Array to string...', 'C:\\wamp64\\www\\v...', 184, Array)
#1 C:\wamp64\www\vpnb\vpnb\etfvest\vendor\codeigniter4\framework\system\CodeIgniter.php(910): App\Controllers\KorisnikM->dodajPutsubmit()
#2 C:\wamp64\www\vpnb\vpnb\etfvest\vendor\codeigniter4\framework\system\CodeIgniter.php(398): CodeIgniter\CodeIgniter->runController(Object(App\Controllers\KorisnikM))
#3 C:\wamp64\www\vpnb\vpnb\etfvest\vendor\codeigniter4\framework\system\CodeIgniter.php(306): CodeIgniter\CodeIgniter->handleRequest(NULL, Object(Config\Cache), false)
#4 C:\wamp64\www\vpnb\vpnb\etfvest\public\index.php(45): CodeIgniter\CodeIgniter->run()
#5 C:\wamp64\www\vpnb\vpnb\etfvest\vendor\codeigniter4\framework\system\Commands\Server\rewrite.php(34): require_once('C:\\wamp64\\www\\v...')
#6 {main}
CRITICAL - 2020-05-19 09:52:43 --> Array to string conversion
#0 C:\wamp64\www\vpnb\vpnb\etfvest\app\Controllers\KorisnikM.php(184): CodeIgniter\Debug\Exceptions->errorHandler(8, 'Array to string...', 'C:\\wamp64\\www\\v...', 184, Array)
#1 C:\wamp64\www\vpnb\vpnb\etfvest\vendor\codeigniter4\framework\system\CodeIgniter.php(910): App\Controllers\KorisnikM->dodajPutsubmit()
#2 C:\wamp64\www\vpnb\vpnb\etfvest\vendor\codeigniter4\framework\system\CodeIgniter.php(398): CodeIgniter\CodeIgniter->runController(Object(App\Controllers\KorisnikM))
#3 C:\wamp64\www\vpnb\vpnb\etfvest\vendor\codeigniter4\framework\system\CodeIgniter.php(306): CodeIgniter\CodeIgniter->handleRequest(NULL, Object(Config\Cache), false)
#4 C:\wamp64\www\vpnb\vpnb\etfvest\public\index.php(45): CodeIgniter\CodeIgniter->run()
#5 C:\wamp64\www\vpnb\vpnb\etfvest\vendor\codeigniter4\framework\system\Commands\Server\rewrite.php(34): require_once('C:\\wamp64\\www\\v...')
#6 {main}
CRITICAL - 2020-05-19 09:55:57 --> Trying to get property 'Username' of non-object
#0 C:\wamp64\www\vpnb\vpnb\etfvest\app\Controllers\KorisnikM.php(185): CodeIgniter\Debug\Exceptions->errorHandler(8, 'Trying to get p...', 'C:\\wamp64\\www\\v...', 185, Array)
#1 C:\wamp64\www\vpnb\vpnb\etfvest\vendor\codeigniter4\framework\system\CodeIgniter.php(910): App\Controllers\KorisnikM->dodajPutsubmit()
#2 C:\wamp64\www\vpnb\vpnb\etfvest\vendor\codeigniter4\framework\system\CodeIgniter.php(398): CodeIgniter\CodeIgniter->runController(Object(App\Controllers\KorisnikM))
#3 C:\wamp64\www\vpnb\vpnb\etfvest\vendor\codeigniter4\framework\system\CodeIgniter.php(306): CodeIgniter\CodeIgniter->handleRequest(NULL, Object(Config\Cache), false)
#4 C:\wamp64\www\vpnb\vpnb\etfvest\public\index.php(45): CodeIgniter\CodeIgniter->run()
#5 C:\wamp64\www\vpnb\vpnb\etfvest\vendor\codeigniter4\framework\system\Commands\Server\rewrite.php(34): require_once('C:\\wamp64\\www\\v...')
#6 {main}
CRITICAL - 2020-05-19 09:56:35 --> Unknown column 'Komentar' in 'where clause'
#0 C:\wamp64\www\vpnb\vpnb\etfvest\vendor\codeigniter4\framework\system\Database\MySQLi\Connection.php(330): mysqli->query('SELECT *\nFROM `...')
#1 C:\wamp64\www\vpnb\vpnb\etfvest\vendor\codeigniter4\framework\system\Database\BaseConnection.php(738): CodeIgniter\Database\MySQLi\Connection->execute('SELECT *\nFROM `...')
#2 C:\wamp64\www\vpnb\vpnb\etfvest\vendor\codeigniter4\framework\system\Database\BaseConnection.php(666): CodeIgniter\Database\BaseConnection->simpleQuery('SELECT *\nFROM `...')
#3 C:\wamp64\www\vpnb\vpnb\etfvest\vendor\codeigniter4\framework\system\Database\BaseBuilder.php(1819): CodeIgniter\Database\BaseConnection->query('SELECT *\nFROM `...', Array, false)
#4 C:\wamp64\www\vpnb\vpnb\etfvest\vendor\codeigniter4\framework\system\Model.php(387): CodeIgniter\Database\BaseBuilder->get()
#5 C:\wamp64\www\vpnb\vpnb\etfvest\app\Controllers\KorisnikM.php(179): CodeIgniter\Model->find()
#6 C:\wamp64\www\vpnb\vpnb\etfvest\vendor\codeigniter4\framework\system\CodeIgniter.php(910): App\Controllers\KorisnikM->dodajPutsubmit()
#7 C:\wamp64\www\vpnb\vpnb\etfvest\vendor\codeigniter4\framework\system\CodeIgniter.php(398): CodeIgniter\CodeIgniter->runController(Object(App\Controllers\KorisnikM))
#8 C:\wamp64\www\vpnb\vpnb\etfvest\vendor\codeigniter4\framework\system\CodeIgniter.php(306): CodeIgniter\CodeIgniter->handleRequest(NULL, Object(Config\Cache), false)
#9 C:\wamp64\www\vpnb\vpnb\etfvest\public\index.php(45): CodeIgniter\CodeIgniter->run()
#10 C:\wamp64\www\vpnb\vpnb\etfvest\vendor\codeigniter4\framework\system\Commands\Server\rewrite.php(34): require_once('C:\\wamp64\\www\\v...')
#11 {main}
CRITICAL - 2020-05-19 09:59:03 --> Array to string conversion
#0 C:\wamp64\www\vpnb\vpnb\etfvest\app\Controllers\KorisnikM.php(185): CodeIgniter\Debug\Exceptions->errorHandler(8, 'Array to string...', 'C:\\wamp64\\www\\v...', 185, Array)
#1 C:\wamp64\www\vpnb\vpnb\etfvest\vendor\codeigniter4\framework\system\CodeIgniter.php(910): App\Controllers\KorisnikM->dodajPutsubmit()
#2 C:\wamp64\www\vpnb\vpnb\etfvest\vendor\codeigniter4\framework\system\CodeIgniter.php(398): CodeIgniter\CodeIgniter->runController(Object(App\Controllers\KorisnikM))
#3 C:\wamp64\www\vpnb\vpnb\etfvest\vendor\codeigniter4\framework\system\CodeIgniter.php(306): CodeIgniter\CodeIgniter->handleRequest(NULL, Object(Config\Cache), false)
#4 C:\wamp64\www\vpnb\vpnb\etfvest\public\index.php(45): CodeIgniter\CodeIgniter->run()
#5 C:\wamp64\www\vpnb\vpnb\etfvest\vendor\codeigniter4\framework\system\Commands\Server\rewrite.php(34): require_once('C:\\wamp64\\www\\v...')
#6 {main}
CRITICAL - 2020-05-19 09:59:12 --> Object of class stdClass could not be converted to string
#0 C:\wamp64\www\vpnb\vpnb\etfvest\app\Controllers\KorisnikM.php(185): CodeIgniter\Debug\Exceptions->errorHandler(4096, 'Object of class...', 'C:\\wamp64\\www\\v...', 185, Array)
#1 C:\wamp64\www\vpnb\vpnb\etfvest\vendor\codeigniter4\framework\system\CodeIgniter.php(910): App\Controllers\KorisnikM->dodajPutsubmit()
#2 C:\wamp64\www\vpnb\vpnb\etfvest\vendor\codeigniter4\framework\system\CodeIgniter.php(398): CodeIgniter\CodeIgniter->runController(Object(App\Controllers\KorisnikM))
#3 C:\wamp64\www\vpnb\vpnb\etfvest\vendor\codeigniter4\framework\system\CodeIgniter.php(306): CodeIgniter\CodeIgniter->handleRequest(NULL, Object(Config\Cache), false)
#4 C:\wamp64\www\vpnb\vpnb\etfvest\public\index.php(45): CodeIgniter\CodeIgniter->run()
#5 C:\wamp64\www\vpnb\vpnb\etfvest\vendor\codeigniter4\framework\system\Commands\Server\rewrite.php(34): require_once('C:\\wamp64\\www\\v...')
#6 {main}
CRITICAL - 2020-05-19 09:59:32 --> Object of class stdClass could not be converted to string
#0 C:\wamp64\www\vpnb\vpnb\etfvest\app\Controllers\KorisnikM.php(185): CodeIgniter\Debug\Exceptions->errorHandler(4096, 'Object of class...', 'C:\\wamp64\\www\\v...', 185, Array)
#1 C:\wamp64\www\vpnb\vpnb\etfvest\vendor\codeigniter4\framework\system\CodeIgniter.php(910): App\Controllers\KorisnikM->dodajPutsubmit()
#2 C:\wamp64\www\vpnb\vpnb\etfvest\vendor\codeigniter4\framework\system\CodeIgniter.php(398): CodeIgniter\CodeIgniter->runController(Object(App\Controllers\KorisnikM))
#3 C:\wamp64\www\vpnb\vpnb\etfvest\vendor\codeigniter4\framework\system\CodeIgniter.php(306): CodeIgniter\CodeIgniter->handleRequest(NULL, Object(Config\Cache), false)
#4 C:\wamp64\www\vpnb\vpnb\etfvest\public\index.php(45): CodeIgniter\CodeIgniter->run()
#5 C:\wamp64\www\vpnb\vpnb\etfvest\vendor\codeigniter4\framework\system\Commands\Server\rewrite.php(34): require_once('C:\\wamp64\\www\\v...')
#6 {main}
CRITICAL - 2020-05-19 10:00:16 --> Object of class stdClass could not be converted to string
#0 C:\wamp64\www\vpnb\vpnb\etfvest\app\Controllers\KorisnikM.php(188): CodeIgniter\Debug\Exceptions->errorHandler(4096, 'Object of class...', 'C:\\wamp64\\www\\v...', 188, Array)
#1 C:\wamp64\www\vpnb\vpnb\etfvest\vendor\codeigniter4\framework\system\CodeIgniter.php(910): App\Controllers\KorisnikM->dodajPutsubmit()
#2 C:\wamp64\www\vpnb\vpnb\etfvest\vendor\codeigniter4\framework\system\CodeIgniter.php(398): CodeIgniter\CodeIgniter->runController(Object(App\Controllers\KorisnikM))
#3 C:\wamp64\www\vpnb\vpnb\etfvest\vendor\codeigniter4\framework\system\CodeIgniter.php(306): CodeIgniter\CodeIgniter->handleRequest(NULL, Object(Config\Cache), false)
#4 C:\wamp64\www\vpnb\vpnb\etfvest\public\index.php(45): CodeIgniter\CodeIgniter->run()
#5 C:\wamp64\www\vpnb\vpnb\etfvest\vendor\codeigniter4\framework\system\Commands\Server\rewrite.php(34): require_once('C:\\wamp64\\www\\v...')
#6 {main}
CRITICAL - 2020-05-19 10:00:45 --> Undefined property: stdClass::$idKom
#0 C:\wamp64\www\vpnb\vpnb\etfvest\app\Controllers\KorisnikM.php(188): CodeIgniter\Debug\Exceptions->errorHandler(8, 'Undefined prope...', 'C:\\wamp64\\www\\v...', 188, Array)
#1 C:\wamp64\www\vpnb\vpnb\etfvest\vendor\codeigniter4\framework\system\CodeIgniter.php(910): App\Controllers\KorisnikM->dodajPutsubmit()
#2 C:\wamp64\www\vpnb\vpnb\etfvest\vendor\codeigniter4\framework\system\CodeIgniter.php(398): CodeIgniter\CodeIgniter->runController(Object(App\Controllers\KorisnikM))
#3 C:\wamp64\www\vpnb\vpnb\etfvest\vendor\codeigniter4\framework\system\CodeIgniter.php(306): CodeIgniter\CodeIgniter->handleRequest(NULL, Object(Config\Cache), false)
#4 C:\wamp64\www\vpnb\vpnb\etfvest\public\index.php(45): CodeIgniter\CodeIgniter->run()
#5 C:\wamp64\www\vpnb\vpnb\etfvest\vendor\codeigniter4\framework\system\Commands\Server\rewrite.php(34): require_once('C:\\wamp64\\www\\v...')
#6 {main}
CRITICAL - 2020-05-19 10:08:15 --> Undefined offset: 1
#0 C:\wamp64\www\vpnb\vpnb\etfvest\app\Controllers\KorisnikM.php(204): CodeIgniter\Debug\Exceptions->errorHandler(8, 'Undefined offse...', 'C:\\wamp64\\www\\v...', 204, Array)
#1 C:\wamp64\www\vpnb\vpnb\etfvest\vendor\codeigniter4\framework\system\CodeIgniter.php(910): App\Controllers\KorisnikM->dodajPutsubmit()
#2 C:\wamp64\www\vpnb\vpnb\etfvest\vendor\codeigniter4\framework\system\CodeIgniter.php(398): CodeIgniter\CodeIgniter->runController(Object(App\Controllers\KorisnikM))
#3 C:\wamp64\www\vpnb\vpnb\etfvest\vendor\codeigniter4\framework\system\CodeIgniter.php(306): CodeIgniter\CodeIgniter->handleRequest(NULL, Object(Config\Cache), false)
#4 C:\wamp64\www\vpnb\vpnb\etfvest\public\index.php(45): CodeIgniter\CodeIgniter->run()
#5 C:\wamp64\www\vpnb\vpnb\etfvest\vendor\codeigniter4\framework\system\Commands\Server\rewrite.php(34): require_once('C:\\wamp64\\www\\v...')
#6 {main}
CRITICAL - 2020-05-19 10:08:47 --> Undefined offset: 2
#0 C:\wamp64\www\vpnb\vpnb\etfvest\app\Controllers\KorisnikM.php(200): CodeIgniter\Debug\Exceptions->errorHandler(8, 'Undefined offse...', 'C:\\wamp64\\www\\v...', 200, Array)
#1 C:\wamp64\www\vpnb\vpnb\etfvest\vendor\codeigniter4\framework\system\CodeIgniter.php(910): App\Controllers\KorisnikM->dodajPutsubmit()
#2 C:\wamp64\www\vpnb\vpnb\etfvest\vendor\codeigniter4\framework\system\CodeIgniter.php(398): CodeIgniter\CodeIgniter->runController(Object(App\Controllers\KorisnikM))
#3 C:\wamp64\www\vpnb\vpnb\etfvest\vendor\codeigniter4\framework\system\CodeIgniter.php(306): CodeIgniter\CodeIgniter->handleRequest(NULL, Object(Config\Cache), false)
#4 C:\wamp64\www\vpnb\vpnb\etfvest\public\index.php(45): CodeIgniter\CodeIgniter->run()
#5 C:\wamp64\www\vpnb\vpnb\etfvest\vendor\codeigniter4\framework\system\Commands\Server\rewrite.php(34): require_once('C:\\wamp64\\www\\v...')
#6 {main}
CRITICAL - 2020-05-19 10:08:58 --> Use of undefined constant i - assumed 'i' (this will throw an Error in a future version of PHP)
#0 C:\wamp64\www\vpnb\vpnb\etfvest\app\Controllers\KorisnikM.php(200): CodeIgniter\Debug\Exceptions->errorHandler(2, 'Use of undefine...', 'C:\\wamp64\\www\\v...', 200, Array)
#1 C:\wamp64\www\vpnb\vpnb\etfvest\vendor\codeigniter4\framework\system\CodeIgniter.php(910): App\Controllers\KorisnikM->dodajPutsubmit()
#2 C:\wamp64\www\vpnb\vpnb\etfvest\vendor\codeigniter4\framework\system\CodeIgniter.php(398): CodeIgniter\CodeIgniter->runController(Object(App\Controllers\KorisnikM))
#3 C:\wamp64\www\vpnb\vpnb\etfvest\vendor\codeigniter4\framework\system\CodeIgniter.php(306): CodeIgniter\CodeIgniter->handleRequest(NULL, Object(Config\Cache), false)
#4 C:\wamp64\www\vpnb\vpnb\etfvest\public\index.php(45): CodeIgniter\CodeIgniter->run()
#5 C:\wamp64\www\vpnb\vpnb\etfvest\vendor\codeigniter4\framework\system\Commands\Server\rewrite.php(34): require_once('C:\\wamp64\\www\\v...')
#6 {main}
CRITICAL - 2020-05-19 10:10:17 --> Call to undefined function App\Controllers\push()
#0 C:\wamp64\www\vpnb\vpnb\etfvest\vendor\codeigniter4\framework\system\CodeIgniter.php(910): App\Controllers\KorisnikM->dodajPutsubmit()
#1 C:\wamp64\www\vpnb\vpnb\etfvest\vendor\codeigniter4\framework\system\CodeIgniter.php(398): CodeIgniter\CodeIgniter->runController(Object(App\Controllers\KorisnikM))
#2 C:\wamp64\www\vpnb\vpnb\etfvest\vendor\codeigniter4\framework\system\CodeIgniter.php(306): CodeIgniter\CodeIgniter->handleRequest(NULL, Object(Config\Cache), false)
#3 C:\wamp64\www\vpnb\vpnb\etfvest\public\index.php(45): CodeIgniter\CodeIgniter->run()
#4 C:\wamp64\www\vpnb\vpnb\etfvest\vendor\codeigniter4\framework\system\Commands\Server\rewrite.php(34): require_once('C:\\wamp64\\www\\v...')
#5 {main}
CRITICAL - 2020-05-19 12:08:18 --> Invalid file: stranice/adminIzbacivanje.php
#0 C:\wamp64\www\vpnb\vpnb\etfvest\vendor\codeigniter4\framework\system\View\View.php(224): CodeIgniter\Exceptions\FrameworkException::forInvalidFile('stranice/adminI...')
#1 C:\wamp64\www\vpnb\vpnb\etfvest\vendor\codeigniter4\framework\system\Common.php(1071): CodeIgniter\View\View->render('stranice/adminI...', Array, true)
#2 C:\wamp64\www\vpnb\vpnb\etfvest\app\Controllers\Administrator.php(23): view('stranice/adminI...', Array)
#3 C:\wamp64\www\vpnb\vpnb\etfvest\app\Controllers\Administrator.php(16): App\Controllers\Administrator->prikaz('adminIzbacivanj...', Array)
#4 C:\wamp64\www\vpnb\vpnb\etfvest\vendor\codeigniter4\framework\system\CodeIgniter.php(910): App\Controllers\Administrator->izbacivanje()
#5 C:\wamp64\www\vpnb\vpnb\etfvest\vendor\codeigniter4\framework\system\CodeIgniter.php(398): CodeIgniter\CodeIgniter->runController(Object(App\Controllers\Administrator))
#6 C:\wamp64\www\vpnb\vpnb\etfvest\vendor\codeigniter4\framework\system\CodeIgniter.php(306): CodeIgniter\CodeIgniter->handleRequest(NULL, Object(Config\Cache), false)
#7 C:\wamp64\www\vpnb\vpnb\etfvest\public\index.php(45): CodeIgniter\CodeIgniter->run()
#8 C:\wamp64\www\vpnb\vpnb\etfvest\vendor\codeigniter4\framework\system\Commands\Server\rewrite.php(34): require_once('C:\\wamp64\\www\\v...')
#9 {main}
CRITICAL - 2020-05-19 17:36:31 --> Undefined property: App\Controllers\KorisnikM::$KorisnikModel
#0 C:\wamp64\www\vaseputovanje\app\Controllers\KorisnikM.php(17): CodeIgniter\Debug\Exceptions->errorHandler(8, 'Undefined prope...', 'C:\\wamp64\\www\\v...', 17, Array)
#1 C:\wamp64\www\vaseputovanje\vendor\codeigniter4\framework\system\CodeIgniter.php(910): App\Controllers\KorisnikM->index()
#2 C:\wamp64\www\vaseputovanje\vendor\codeigniter4\framework\system\CodeIgniter.php(398): CodeIgniter\CodeIgniter->runController(Object(App\Controllers\KorisnikM))
#3 C:\wamp64\www\vaseputovanje\vendor\codeigniter4\framework\system\CodeIgniter.php(306): CodeIgniter\CodeIgniter->handleRequest(NULL, Object(Config\Cache), false)
#4 C:\wamp64\www\vaseputovanje\public\index.php(45): CodeIgniter\CodeIgniter->run()
#5 C:\wamp64\www\vaseputovanje\vendor\codeigniter4\framework\system\Commands\Server\rewrite.php(34): require_once('C:\\wamp64\\www\\v...')
#6 {main}
CRITICAL - 2020-05-19 17:38:42 --> Call to undefined method CodeIgniter\Database\MySQLi\Result::result_array()
#0 C:\wamp64\www\vaseputovanje\app\Controllers\KorisnikM.php(17): App\Models\KorisnikModel->customQuery()
#1 C:\wamp64\www\vaseputovanje\vendor\codeigniter4\framework\system\CodeIgniter.php(910): App\Controllers\KorisnikM->index()
#2 C:\wamp64\www\vaseputovanje\vendor\codeigniter4\framework\system\CodeIgniter.php(398): CodeIgniter\CodeIgniter->runController(Object(App\Controllers\KorisnikM))
#3 C:\wamp64\www\vaseputovanje\vendor\codeigniter4\framework\system\CodeIgniter.php(306): CodeIgniter\CodeIgniter->handleRequest(NULL, Object(Config\Cache), false)
#4 C:\wamp64\www\vaseputovanje\public\index.php(45): CodeIgniter\CodeIgniter->run()
#5 C:\wamp64\www\vaseputovanje\vendor\codeigniter4\framework\system\Commands\Server\rewrite.php(34): require_once('C:\\wamp64\\www\\v...')
#6 {main}
CRITICAL - 2020-05-19 17:40:40 --> Object of class App\Models\KorisnikModel could not be converted to string
#0 C:\wamp64\www\vaseputovanje\app\Controllers\KorisnikM.php(17): CodeIgniter\Debug\Exceptions->errorHandler(4096, 'Object of class...', 'C:\\wamp64\\www\\v...', 17, Array)
#1 C:\wamp64\www\vaseputovanje\vendor\codeigniter4\framework\system\CodeIgniter.php(910): App\Controllers\KorisnikM->index()
#2 C:\wamp64\www\vaseputovanje\vendor\codeigniter4\framework\system\CodeIgniter.php(398): CodeIgniter\CodeIgniter->runController(Object(App\Controllers\KorisnikM))
#3 C:\wamp64\www\vaseputovanje\vendor\codeigniter4\framework\system\CodeIgniter.php(306): CodeIgniter\CodeIgniter->handleRequest(NULL, Object(Config\Cache), false)
#4 C:\wamp64\www\vaseputovanje\public\index.php(45): CodeIgniter\CodeIgniter->run()
#5 C:\wamp64\www\vaseputovanje\vendor\codeigniter4\framework\system\Commands\Server\rewrite.php(34): require_once('C:\\wamp64\\www\\v...')
#6 {main}
CRITICAL - 2020-05-19 17:41:00 --> Object of class App\Controllers\KorisnikM could not be converted to string
#0 C:\wamp64\www\vaseputovanje\app\Controllers\KorisnikM.php(17): CodeIgniter\Debug\Exceptions->errorHandler(4096, 'Object of class...', 'C:\\wamp64\\www\\v...', 17, Array)
#1 C:\wamp64\www\vaseputovanje\vendor\codeigniter4\framework\system\CodeIgniter.php(910): App\Controllers\KorisnikM->index()
#2 C:\wamp64\www\vaseputovanje\vendor\codeigniter4\framework\system\CodeIgniter.php(398): CodeIgniter\CodeIgniter->runController(Object(App\Controllers\KorisnikM))
#3 C:\wamp64\www\vaseputovanje\vendor\codeigniter4\framework\system\CodeIgniter.php(306): CodeIgniter\CodeIgniter->handleRequest(NULL, Object(Config\Cache), false)
#4 C:\wamp64\www\vaseputovanje\public\index.php(45): CodeIgniter\CodeIgniter->run()
#5 C:\wamp64\www\vaseputovanje\vendor\codeigniter4\framework\system\Commands\Server\rewrite.php(34): require_once('C:\\wamp64\\www\\v...')
#6 {main}
CRITICAL - 2020-05-19 17:41:05 --> Object of class App\Controllers\KorisnikM could not be converted to string
#0 C:\wamp64\www\vaseputovanje\app\Controllers\KorisnikM.php(17): CodeIgniter\Debug\Exceptions->errorHandler(4096, 'Object of class...', 'C:\\wamp64\\www\\v...', 17, Array)
#1 C:\wamp64\www\vaseputovanje\vendor\codeigniter4\framework\system\CodeIgniter.php(910): App\Controllers\KorisnikM->index()
#2 C:\wamp64\www\vaseputovanje\vendor\codeigniter4\framework\system\CodeIgniter.php(398): CodeIgniter\CodeIgniter->runController(Object(App\Controllers\KorisnikM))
#3 C:\wamp64\www\vaseputovanje\vendor\codeigniter4\framework\system\CodeIgniter.php(306): CodeIgniter\CodeIgniter->handleRequest(NULL, Object(Config\Cache), false)
#4 C:\wamp64\www\vaseputovanje\public\index.php(45): CodeIgniter\CodeIgniter->run()
#5 C:\wamp64\www\vaseputovanje\vendor\codeigniter4\framework\system\Commands\Server\rewrite.php(34): require_once('C:\\wamp64\\www\\v...')
#6 {main}
CRITICAL - 2020-05-19 17:49:20 --> Call to undefined method CodeIgniter\Database\MySQLi\Result::result_array()
#0 C:\wamp64\www\vaseputovanje\vendor\codeigniter4\framework\system\CodeIgniter.php(910): App\Controllers\KorisnikM->index()
#1 C:\wamp64\www\vaseputovanje\vendor\codeigniter4\framework\system\CodeIgniter.php(398): CodeIgniter\CodeIgniter->runController(Object(App\Controllers\KorisnikM))
#2 C:\wamp64\www\vaseputovanje\vendor\codeigniter4\framework\system\CodeIgniter.php(306): CodeIgniter\CodeIgniter->handleRequest(NULL, Object(Config\Cache), false)
#3 C:\wamp64\www\vaseputovanje\public\index.php(45): CodeIgniter\CodeIgniter->run()
#4 C:\wamp64\www\vaseputovanje\vendor\codeigniter4\framework\system\Commands\Server\rewrite.php(34): require_once('C:\\wamp64\\www\\v...')
#5 {main}
CRITICAL - 2020-05-19 17:57:51 --> Wrong parameter count for mysqli_stmt::bind_param()
#0 [internal function]: CodeIgniter\Debug\Exceptions->errorHandler(2, 'Wrong parameter...', 'C:\\wamp64\\www\\v...', 117, Array)
#1 C:\wamp64\www\vaseputovanje\vendor\codeigniter4\framework\system\Database\MySQLi\PreparedQuery.php(117): mysqli_stmt->bind_param('')
#2 C:\wamp64\www\vaseputovanje\vendor\codeigniter4\framework\system\Database\BasePreparedQuery.php(164): CodeIgniter\Database\MySQLi\PreparedQuery->_execute(Array)
#3 C:\wamp64\www\vaseputovanje\app\Controllers\KorisnikM.php(29): CodeIgniter\Database\BasePreparedQuery->execute()
#4 C:\wamp64\www\vaseputovanje\vendor\codeigniter4\framework\system\CodeIgniter.php(910): App\Controllers\KorisnikM->index()
#5 C:\wamp64\www\vaseputovanje\vendor\codeigniter4\framework\system\CodeIgniter.php(398): CodeIgniter\CodeIgniter->runController(Object(App\Controllers\KorisnikM))
#6 C:\wamp64\www\vaseputovanje\vendor\codeigniter4\framework\system\CodeIgniter.php(306): CodeIgniter\CodeIgniter->handleRequest(NULL, Object(Config\Cache), false)
#7 C:\wamp64\www\vaseputovanje\public\index.php(45): CodeIgniter\CodeIgniter->run()
#8 C:\wamp64\www\vaseputovanje\vendor\codeigniter4\framework\system\Commands\Server\rewrite.php(34): require_once('C:\\wamp64\\www\\v...')
#9 {main}
CRITICAL - 2020-05-19 18:00:58 --> Wrong parameter count for mysqli_stmt::bind_param()
#0 [internal function]: CodeIgniter\Debug\Exceptions->errorHandler(2, 'Wrong parameter...', 'C:\\wamp64\\www\\v...', 117, Array)
#1 C:\wamp64\www\vaseputovanje\vendor\codeigniter4\framework\system\Database\MySQLi\PreparedQuery.php(117): mysqli_stmt->bind_param('')
#2 C:\wamp64\www\vaseputovanje\vendor\codeigniter4\framework\system\Database\BasePreparedQuery.php(164): CodeIgniter\Database\MySQLi\PreparedQuery->_execute(Array)
#3 C:\wamp64\www\vaseputovanje\app\Controllers\KorisnikM.php(29): CodeIgniter\Database\BasePreparedQuery->execute()
#4 C:\wamp64\www\vaseputovanje\vendor\codeigniter4\framework\system\CodeIgniter.php(910): App\Controllers\KorisnikM->index()
#5 C:\wamp64\www\vaseputovanje\vendor\codeigniter4\framework\system\CodeIgniter.php(398): CodeIgniter\CodeIgniter->runController(Object(App\Controllers\KorisnikM))
#6 C:\wamp64\www\vaseputovanje\vendor\codeigniter4\framework\system\CodeIgniter.php(306): CodeIgniter\CodeIgniter->handleRequest(NULL, Object(Config\Cache), false)
#7 C:\wamp64\www\vaseputovanje\public\index.php(45): CodeIgniter\CodeIgniter->run()
#8 C:\wamp64\www\vaseputovanje\vendor\codeigniter4\framework\system\Commands\Server\rewrite.php(34): require_once('C:\\wamp64\\www\\v...')
#9 {main}
CRITICAL - 2020-05-19 18:23:28 --> Call to undefined method CodeIgniter\Database\MySQLi\Result::result()
#0 C:\wamp64\www\vaseputovanje\vendor\codeigniter4\framework\system\CodeIgniter.php(910): App\Controllers\KorisnikM->index()
#1 C:\wamp64\www\vaseputovanje\vendor\codeigniter4\framework\system\CodeIgniter.php(398): CodeIgniter\CodeIgniter->runController(Object(App\Controllers\KorisnikM))
#2 C:\wamp64\www\vaseputovanje\vendor\codeigniter4\framework\system\CodeIgniter.php(306): CodeIgniter\CodeIgniter->handleRequest(NULL, Object(Config\Cache), false)
#3 C:\wamp64\www\vaseputovanje\public\index.php(45): CodeIgniter\CodeIgniter->run()
#4 C:\wamp64\www\vaseputovanje\vendor\codeigniter4\framework\system\Commands\Server\rewrite.php(34): require_once('C:\\wamp64\\www\\v...')
#5 {main}
CRITICAL - 2020-05-19 18:24:54 --> Call to undefined method CodeIgniter\Database\MySQLi\Result::result()
#0 C:\wamp64\www\vaseputovanje\vendor\codeigniter4\framework\system\CodeIgniter.php(910): App\Controllers\KorisnikM->index()
#1 C:\wamp64\www\vaseputovanje\vendor\codeigniter4\framework\system\CodeIgniter.php(398): CodeIgniter\CodeIgniter->runController(Object(App\Controllers\KorisnikM))
#2 C:\wamp64\www\vaseputovanje\vendor\codeigniter4\framework\system\CodeIgniter.php(306): CodeIgniter\CodeIgniter->handleRequest(NULL, Object(Config\Cache), false)
#3 C:\wamp64\www\vaseputovanje\public\index.php(45): CodeIgniter\CodeIgniter->run()
#4 C:\wamp64\www\vaseputovanje\vendor\codeigniter4\framework\system\Commands\Server\rewrite.php(34): require_once('C:\\wamp64\\www\\v...')
#5 {main}
CRITICAL - 2020-05-19 18:35:40 --> syntax error, unexpected 'private' (T_PRIVATE), expecting '{'
#0 C:\wamp64\www\vaseputovanje\vendor\codeigniter4\framework\system\Router\Router.php(192): CodeIgniter\Router\Router->autoRoute('KorisnikM/index')
#1 C:\wamp64\www\vaseputovanje\vendor\codeigniter4\framework\system\CodeIgniter.php(785): CodeIgniter\Router\Router->handle('KorisnikM/index')
#2 C:\wamp64\www\vaseputovanje\vendor\codeigniter4\framework\system\CodeIgniter.php(358): CodeIgniter\CodeIgniter->tryToRouteIt(Object(CodeIgniter\Router\RouteCollection))
#3 C:\wamp64\www\vaseputovanje\vendor\codeigniter4\framework\system\CodeIgniter.php(306): CodeIgniter\CodeIgniter->handleRequest(NULL, Object(Config\Cache), false)
#4 C:\wamp64\www\vaseputovanje\public\index.php(45): CodeIgniter\CodeIgniter->run()
#5 C:\wamp64\www\vaseputovanje\vendor\codeigniter4\framework\system\Commands\Server\rewrite.php(34): require_once('C:\\wamp64\\www\\v...')
#6 {main}
