CRITICAL - 2020-05-24 10:23:12 --> Unknown database 'vaseputovanjenasabriga'
#0 C:\wamp64\www\vaseputovanje\vaseputovanje\vendor\codeigniter4\framework\system\Database\BaseConnection.php(377): CodeIgniter\Database\MySQLi\Connection->connect(false)
#1 C:\wamp64\www\vaseputovanje\vaseputovanje\vendor\codeigniter4\framework\system\Database\BaseConnection.php(643): CodeIgniter\Database\BaseConnection->initialize()
#2 C:\wamp64\www\vaseputovanje\vaseputovanje\vendor\codeigniter4\framework\system\Database\BaseBuilder.php(1819): CodeIgniter\Database\BaseConnection->query('SELECT *\nFROM `...', Array, false)
#3 C:\wamp64\www\vaseputovanje\vaseputovanje\vendor\codeigniter4\framework\system\Model.php(381): CodeIgniter\Database\BaseBuilder->get()
#4 C:\wamp64\www\vaseputovanje\vaseputovanje\app\Controllers\Gost.php(129): CodeIgniter\Model->find('stefanrasta')
#5 C:\wamp64\www\vaseputovanje\vaseputovanje\vendor\codeigniter4\framework\system\CodeIgniter.php(910): App\Controllers\Gost->loginSubmit()
#6 C:\wamp64\www\vaseputovanje\vaseputovanje\vendor\codeigniter4\framework\system\CodeIgniter.php(398): CodeIgniter\CodeIgniter->runController(Object(App\Controllers\Gost))
#7 C:\wamp64\www\vaseputovanje\vaseputovanje\vendor\codeigniter4\framework\system\CodeIgniter.php(306): CodeIgniter\CodeIgniter->handleRequest(NULL, Object(Config\Cache), false)
#8 C:\wamp64\www\vaseputovanje\vaseputovanje\public\index.php(45): CodeIgniter\CodeIgniter->run()
#9 C:\wamp64\www\vaseputovanje\vaseputovanje\vendor\codeigniter4\framework\system\Commands\Server\rewrite.php(34): require_once('C:\\wamp64\\www\\v...')
#10 {main}
CRITICAL - 2020-05-24 10:42:43 --> Object of class stdClass could not be converted to string
#0 [internal function]: CodeIgniter\Debug\Exceptions->errorHandler(4096, 'Object of class...', 'C:\\wamp64\\www\\v...', 443, Array)
#1 C:\wamp64\www\vaseputovanje\vaseputovanje\vendor\codeigniter4\framework\system\Database\Query.php(443): strtr('SELECT *\nFROM `...', Array)
#2 C:\wamp64\www\vaseputovanje\vaseputovanje\vendor\codeigniter4\framework\system\Database\Query.php(404): CodeIgniter\Database\Query->matchNamedBinds('SELECT *\nFROM `...', Array)
#3 C:\wamp64\www\vaseputovanje\vaseputovanje\vendor\codeigniter4\framework\system\Database\Query.php(197): CodeIgniter\Database\Query->compileBinds()
#4 C:\wamp64\www\vaseputovanje\vaseputovanje\vendor\codeigniter4\framework\system\Database\BaseConnection.php(666): CodeIgniter\Database\Query->getQuery()
#5 C:\wamp64\www\vaseputovanje\vaseputovanje\vendor\codeigniter4\framework\system\Database\BaseBuilder.php(1819): CodeIgniter\Database\BaseConnection->query('SELECT *\nFROM `...', Array, false)
#6 C:\wamp64\www\vaseputovanje\vaseputovanje\vendor\codeigniter4\framework\system\Model.php(445): CodeIgniter\Database\BaseBuilder->get()
#7 C:\wamp64\www\vaseputovanje\vaseputovanje\app\Controllers\KorisnikM.php(126): CodeIgniter\Model->findAll()
#8 C:\wamp64\www\vaseputovanje\vaseputovanje\vendor\codeigniter4\framework\system\CodeIgniter.php(910): App\Controllers\KorisnikM->zahtevPozitivan()
#9 C:\wamp64\www\vaseputovanje\vaseputovanje\vendor\codeigniter4\framework\system\CodeIgniter.php(398): CodeIgniter\CodeIgniter->runController(Object(App\Controllers\KorisnikM))
#10 C:\wamp64\www\vaseputovanje\vaseputovanje\vendor\codeigniter4\framework\system\CodeIgniter.php(306): CodeIgniter\CodeIgniter->handleRequest(NULL, Object(Config\Cache), false)
#11 C:\wamp64\www\vaseputovanje\vaseputovanje\public\index.php(45): CodeIgniter\CodeIgniter->run()
#12 C:\wamp64\www\vaseputovanje\vaseputovanje\vendor\codeigniter4\framework\system\Commands\Server\rewrite.php(34): require_once('C:\\wamp64\\www\\v...')
#13 {main}
CRITICAL - 2020-05-24 10:43:47 --> Object of class stdClass could not be converted to string
#0 [internal function]: CodeIgniter\Debug\Exceptions->errorHandler(4096, 'Object of class...', 'C:\\wamp64\\www\\v...', 443, Array)
#1 C:\wamp64\www\vaseputovanje\vaseputovanje\vendor\codeigniter4\framework\system\Database\Query.php(443): strtr('SELECT *\nFROM `...', Array)
#2 C:\wamp64\www\vaseputovanje\vaseputovanje\vendor\codeigniter4\framework\system\Database\Query.php(404): CodeIgniter\Database\Query->matchNamedBinds('SELECT *\nFROM `...', Array)
#3 C:\wamp64\www\vaseputovanje\vaseputovanje\vendor\codeigniter4\framework\system\Database\Query.php(197): CodeIgniter\Database\Query->compileBinds()
#4 C:\wamp64\www\vaseputovanje\vaseputovanje\vendor\codeigniter4\framework\system\Database\BaseConnection.php(666): CodeIgniter\Database\Query->getQuery()
#5 C:\wamp64\www\vaseputovanje\vaseputovanje\vendor\codeigniter4\framework\system\Database\BaseBuilder.php(1819): CodeIgniter\Database\BaseConnection->query('SELECT *\nFROM `...', Array, false)
#6 C:\wamp64\www\vaseputovanje\vaseputovanje\vendor\codeigniter4\framework\system\Model.php(445): CodeIgniter\Database\BaseBuilder->get()
#7 C:\wamp64\www\vaseputovanje\vaseputovanje\app\Controllers\KorisnikM.php(126): CodeIgniter\Model->findAll()
#8 C:\wamp64\www\vaseputovanje\vaseputovanje\vendor\codeigniter4\framework\system\CodeIgniter.php(910): App\Controllers\KorisnikM->zahtevPozitivan()
#9 C:\wamp64\www\vaseputovanje\vaseputovanje\vendor\codeigniter4\framework\system\CodeIgniter.php(398): CodeIgniter\CodeIgniter->runController(Object(App\Controllers\KorisnikM))
#10 C:\wamp64\www\vaseputovanje\vaseputovanje\vendor\codeigniter4\framework\system\CodeIgniter.php(306): CodeIgniter\CodeIgniter->handleRequest(NULL, Object(Config\Cache), false)
#11 C:\wamp64\www\vaseputovanje\vaseputovanje\public\index.php(45): CodeIgniter\CodeIgniter->run()
#12 C:\wamp64\www\vaseputovanje\vaseputovanje\vendor\codeigniter4\framework\system\Commands\Server\rewrite.php(34): require_once('C:\\wamp64\\www\\v...')
#13 {main}
CRITICAL - 2020-05-24 10:43:52 --> Object of class stdClass could not be converted to string
#0 [internal function]: CodeIgniter\Debug\Exceptions->errorHandler(4096, 'Object of class...', 'C:\\wamp64\\www\\v...', 443, Array)
#1 C:\wamp64\www\vaseputovanje\vaseputovanje\vendor\codeigniter4\framework\system\Database\Query.php(443): strtr('SELECT *\nFROM `...', Array)
#2 C:\wamp64\www\vaseputovanje\vaseputovanje\vendor\codeigniter4\framework\system\Database\Query.php(404): CodeIgniter\Database\Query->matchNamedBinds('SELECT *\nFROM `...', Array)
#3 C:\wamp64\www\vaseputovanje\vaseputovanje\vendor\codeigniter4\framework\system\Database\Query.php(197): CodeIgniter\Database\Query->compileBinds()
#4 C:\wamp64\www\vaseputovanje\vaseputovanje\vendor\codeigniter4\framework\system\Database\BaseConnection.php(666): CodeIgniter\Database\Query->getQuery()
#5 C:\wamp64\www\vaseputovanje\vaseputovanje\vendor\codeigniter4\framework\system\Database\BaseBuilder.php(1819): CodeIgniter\Database\BaseConnection->query('SELECT *\nFROM `...', Array, false)
#6 C:\wamp64\www\vaseputovanje\vaseputovanje\vendor\codeigniter4\framework\system\Model.php(445): CodeIgniter\Database\BaseBuilder->get()
#7 C:\wamp64\www\vaseputovanje\vaseputovanje\app\Controllers\KorisnikM.php(126): CodeIgniter\Model->findAll()
#8 C:\wamp64\www\vaseputovanje\vaseputovanje\vendor\codeigniter4\framework\system\CodeIgniter.php(910): App\Controllers\KorisnikM->zahtevPozitivan()
#9 C:\wamp64\www\vaseputovanje\vaseputovanje\vendor\codeigniter4\framework\system\CodeIgniter.php(398): CodeIgniter\CodeIgniter->runController(Object(App\Controllers\KorisnikM))
#10 C:\wamp64\www\vaseputovanje\vaseputovanje\vendor\codeigniter4\framework\system\CodeIgniter.php(306): CodeIgniter\CodeIgniter->handleRequest(NULL, Object(Config\Cache), false)
#11 C:\wamp64\www\vaseputovanje\vaseputovanje\public\index.php(45): CodeIgniter\CodeIgniter->run()
#12 C:\wamp64\www\vaseputovanje\vaseputovanje\vendor\codeigniter4\framework\system\Commands\Server\rewrite.php(34): require_once('C:\\wamp64\\www\\v...')
#13 {main}
CRITICAL - 2020-05-24 10:44:09 --> Object of class stdClass could not be converted to string
#0 [internal function]: CodeIgniter\Debug\Exceptions->errorHandler(4096, 'Object of class...', 'C:\\wamp64\\www\\v...', 443, Array)
#1 C:\wamp64\www\vaseputovanje\vaseputovanje\vendor\codeigniter4\framework\system\Database\Query.php(443): strtr('SELECT *\nFROM `...', Array)
#2 C:\wamp64\www\vaseputovanje\vaseputovanje\vendor\codeigniter4\framework\system\Database\Query.php(404): CodeIgniter\Database\Query->matchNamedBinds('SELECT *\nFROM `...', Array)
#3 C:\wamp64\www\vaseputovanje\vaseputovanje\vendor\codeigniter4\framework\system\Database\Query.php(197): CodeIgniter\Database\Query->compileBinds()
#4 C:\wamp64\www\vaseputovanje\vaseputovanje\vendor\codeigniter4\framework\system\Database\BaseConnection.php(666): CodeIgniter\Database\Query->getQuery()
#5 C:\wamp64\www\vaseputovanje\vaseputovanje\vendor\codeigniter4\framework\system\Database\BaseBuilder.php(1819): CodeIgniter\Database\BaseConnection->query('SELECT *\nFROM `...', Array, false)
#6 C:\wamp64\www\vaseputovanje\vaseputovanje\vendor\codeigniter4\framework\system\Model.php(445): CodeIgniter\Database\BaseBuilder->get()
#7 C:\wamp64\www\vaseputovanje\vaseputovanje\app\Controllers\KorisnikM.php(126): CodeIgniter\Model->findAll()
#8 C:\wamp64\www\vaseputovanje\vaseputovanje\vendor\codeigniter4\framework\system\CodeIgniter.php(910): App\Controllers\KorisnikM->zahtevPozitivan()
#9 C:\wamp64\www\vaseputovanje\vaseputovanje\vendor\codeigniter4\framework\system\CodeIgniter.php(398): CodeIgniter\CodeIgniter->runController(Object(App\Controllers\KorisnikM))
#10 C:\wamp64\www\vaseputovanje\vaseputovanje\vendor\codeigniter4\framework\system\CodeIgniter.php(306): CodeIgniter\CodeIgniter->handleRequest(NULL, Object(Config\Cache), false)
#11 C:\wamp64\www\vaseputovanje\vaseputovanje\public\index.php(45): CodeIgniter\CodeIgniter->run()
#12 C:\wamp64\www\vaseputovanje\vaseputovanje\vendor\codeigniter4\framework\system\Commands\Server\rewrite.php(34): require_once('C:\\wamp64\\www\\v...')
#13 {main}
CRITICAL - 2020-05-24 10:44:59 --> Object of class stdClass could not be converted to string
#0 [internal function]: CodeIgniter\Debug\Exceptions->errorHandler(4096, 'Object of class...', 'C:\\wamp64\\www\\v...', 443, Array)
#1 C:\wamp64\www\vaseputovanje\vaseputovanje\vendor\codeigniter4\framework\system\Database\Query.php(443): strtr('SELECT *\nFROM `...', Array)
#2 C:\wamp64\www\vaseputovanje\vaseputovanje\vendor\codeigniter4\framework\system\Database\Query.php(404): CodeIgniter\Database\Query->matchNamedBinds('SELECT *\nFROM `...', Array)
#3 C:\wamp64\www\vaseputovanje\vaseputovanje\vendor\codeigniter4\framework\system\Database\Query.php(197): CodeIgniter\Database\Query->compileBinds()
#4 C:\wamp64\www\vaseputovanje\vaseputovanje\vendor\codeigniter4\framework\system\Database\BaseConnection.php(666): CodeIgniter\Database\Query->getQuery()
#5 C:\wamp64\www\vaseputovanje\vaseputovanje\vendor\codeigniter4\framework\system\Database\BaseBuilder.php(1819): CodeIgniter\Database\BaseConnection->query('SELECT *\nFROM `...', Array, false)
#6 C:\wamp64\www\vaseputovanje\vaseputovanje\vendor\codeigniter4\framework\system\Model.php(445): CodeIgniter\Database\BaseBuilder->get()
#7 C:\wamp64\www\vaseputovanje\vaseputovanje\app\Controllers\KorisnikM.php(127): CodeIgniter\Model->findAll()
#8 C:\wamp64\www\vaseputovanje\vaseputovanje\vendor\codeigniter4\framework\system\CodeIgniter.php(910): App\Controllers\KorisnikM->zahtevPozitivan()
#9 C:\wamp64\www\vaseputovanje\vaseputovanje\vendor\codeigniter4\framework\system\CodeIgniter.php(398): CodeIgniter\CodeIgniter->runController(Object(App\Controllers\KorisnikM))
#10 C:\wamp64\www\vaseputovanje\vaseputovanje\vendor\codeigniter4\framework\system\CodeIgniter.php(306): CodeIgniter\CodeIgniter->handleRequest(NULL, Object(Config\Cache), false)
#11 C:\wamp64\www\vaseputovanje\vaseputovanje\public\index.php(45): CodeIgniter\CodeIgniter->run()
#12 C:\wamp64\www\vaseputovanje\vaseputovanje\vendor\codeigniter4\framework\system\Commands\Server\rewrite.php(34): require_once('C:\\wamp64\\www\\v...')
#13 {main}
CRITICAL - 2020-05-24 10:45:49 --> Object of class stdClass could not be converted to string
#0 C:\wamp64\www\vaseputovanje\vaseputovanje\app\Controllers\KorisnikM.php(127): CodeIgniter\Debug\Exceptions->errorHandler(4096, 'Object of class...', 'C:\\wamp64\\www\\v...', 127, Array)
#1 C:\wamp64\www\vaseputovanje\vaseputovanje\vendor\codeigniter4\framework\system\CodeIgniter.php(910): App\Controllers\KorisnikM->zahtevPozitivan()
#2 C:\wamp64\www\vaseputovanje\vaseputovanje\vendor\codeigniter4\framework\system\CodeIgniter.php(398): CodeIgniter\CodeIgniter->runController(Object(App\Controllers\KorisnikM))
#3 C:\wamp64\www\vaseputovanje\vaseputovanje\vendor\codeigniter4\framework\system\CodeIgniter.php(306): CodeIgniter\CodeIgniter->handleRequest(NULL, Object(Config\Cache), false)
#4 C:\wamp64\www\vaseputovanje\vaseputovanje\public\index.php(45): CodeIgniter\CodeIgniter->run()
#5 C:\wamp64\www\vaseputovanje\vaseputovanje\vendor\codeigniter4\framework\system\Commands\Server\rewrite.php(34): require_once('C:\\wamp64\\www\\v...')
#6 {main}
CRITICAL - 2020-05-24 10:46:25 --> Trying to get property 'Username' of non-object
#0 C:\wamp64\www\vaseputovanje\vaseputovanje\app\Controllers\KorisnikM.php(129): CodeIgniter\Debug\Exceptions->errorHandler(8, 'Trying to get p...', 'C:\\wamp64\\www\\v...', 129, Array)
#1 C:\wamp64\www\vaseputovanje\vaseputovanje\vendor\codeigniter4\framework\system\CodeIgniter.php(910): App\Controllers\KorisnikM->zahtevPozitivan()
#2 C:\wamp64\www\vaseputovanje\vaseputovanje\vendor\codeigniter4\framework\system\CodeIgniter.php(398): CodeIgniter\CodeIgniter->runController(Object(App\Controllers\KorisnikM))
#3 C:\wamp64\www\vaseputovanje\vaseputovanje\vendor\codeigniter4\framework\system\CodeIgniter.php(306): CodeIgniter\CodeIgniter->handleRequest(NULL, Object(Config\Cache), false)
#4 C:\wamp64\www\vaseputovanje\vaseputovanje\public\index.php(45): CodeIgniter\CodeIgniter->run()
#5 C:\wamp64\www\vaseputovanje\vaseputovanje\vendor\codeigniter4\framework\system\Commands\Server\rewrite.php(34): require_once('C:\\wamp64\\www\\v...')
#6 {main}
CRITICAL - 2020-05-24 11:56:43 --> Undefined variable: destinacije
#0 C:\wamp64\www\vaseputovanje\vaseputovanje\app\Views\stranice\AdminInbox.php(32): CodeIgniter\Debug\Exceptions->errorHandler(8, 'Undefined varia...', 'C:\\wamp64\\www\\v...', 32, Array)
#1 C:\wamp64\www\vaseputovanje\vaseputovanje\vendor\codeigniter4\framework\system\View\View.php(236): include('C:\\wamp64\\www\\v...')
#2 C:\wamp64\www\vaseputovanje\vaseputovanje\vendor\codeigniter4\framework\system\Common.php(1071): CodeIgniter\View\View->render('stranice/AdminI...', Array, true)
#3 C:\wamp64\www\vaseputovanje\vaseputovanje\app\Controllers\Administrator.php(28): view('stranice/AdminI...', Array)
#4 C:\wamp64\www\vaseputovanje\vaseputovanje\app\Controllers\Administrator.php(59): App\Controllers\Administrator->prikaz1('AdminInbox', Array)
#5 C:\wamp64\www\vaseputovanje\vaseputovanje\vendor\codeigniter4\framework\system\CodeIgniter.php(910): App\Controllers\Administrator->inbox()
#6 C:\wamp64\www\vaseputovanje\vaseputovanje\vendor\codeigniter4\framework\system\CodeIgniter.php(398): CodeIgniter\CodeIgniter->runController(Object(App\Controllers\Administrator))
#7 C:\wamp64\www\vaseputovanje\vaseputovanje\vendor\codeigniter4\framework\system\CodeIgniter.php(306): CodeIgniter\CodeIgniter->handleRequest(NULL, Object(Config\Cache), false)
#8 C:\wamp64\www\vaseputovanje\vaseputovanje\public\index.php(45): CodeIgniter\CodeIgniter->run()
#9 C:\wamp64\www\vaseputovanje\vaseputovanje\vendor\codeigniter4\framework\system\Commands\Server\rewrite.php(34): require_once('C:\\wamp64\\www\\v...')
#10 {main}
CRITICAL - 2020-05-24 14:46:38 --> Undefined property: stdClass::$Zahtev
#0 C:\wamp64\www\vaseputovanje\app\Controllers\KorisnikM.php(133): CodeIgniter\Debug\Exceptions->errorHandler(8, 'Undefined prope...', 'C:\\wamp64\\www\\v...', 133, Array)
#1 C:\wamp64\www\vaseputovanje\vendor\codeigniter4\framework\system\CodeIgniter.php(910): App\Controllers\KorisnikM->zahtevPozitivan()
#2 C:\wamp64\www\vaseputovanje\vendor\codeigniter4\framework\system\CodeIgniter.php(398): CodeIgniter\CodeIgniter->runController(Object(App\Controllers\KorisnikM))
#3 C:\wamp64\www\vaseputovanje\vendor\codeigniter4\framework\system\CodeIgniter.php(306): CodeIgniter\CodeIgniter->handleRequest(NULL, Object(Config\Cache), false)
#4 C:\wamp64\www\vaseputovanje\public\index.php(45): CodeIgniter\CodeIgniter->run()
#5 C:\wamp64\www\vaseputovanje\vendor\codeigniter4\framework\system\Commands\Server\rewrite.php(34): require_once('C:\\wamp64\\www\\v...')
#6 {main}
CRITICAL - 2020-05-24 15:16:06 --> syntax error, unexpected '<', expecting ')'
#0 C:\wamp64\www\vaseputovanje\vendor\codeigniter4\framework\system\Common.php(1071): CodeIgniter\View\View->render('sablon/header_k...', Array, true)
#1 C:\wamp64\www\vaseputovanje\app\Controllers\KorisnikM.php(48): view('sablon/header_k...', Array)
#2 C:\wamp64\www\vaseputovanje\app\Controllers\KorisnikM.php(18): App\Controllers\KorisnikM->prikaz('pocetnaKorisnik', Array)
#3 C:\wamp64\www\vaseputovanje\vendor\codeigniter4\framework\system\CodeIgniter.php(910): App\Controllers\KorisnikM->index()
#4 C:\wamp64\www\vaseputovanje\vendor\codeigniter4\framework\system\CodeIgniter.php(398): CodeIgniter\CodeIgniter->runController(Object(App\Controllers\KorisnikM))
#5 C:\wamp64\www\vaseputovanje\vendor\codeigniter4\framework\system\CodeIgniter.php(306): CodeIgniter\CodeIgniter->handleRequest(NULL, Object(Config\Cache), false)
#6 C:\wamp64\www\vaseputovanje\public\index.php(45): CodeIgniter\CodeIgniter->run()
#7 C:\wamp64\www\vaseputovanje\vendor\codeigniter4\framework\system\Commands\Server\rewrite.php(34): require_once('C:\\wamp64\\www\\v...')
#8 {main}
CRITICAL - 2020-05-24 17:40:12 --> Unknown database 'putovanje'
#0 C:\wamp64\www\vaseputovanje\vendor\codeigniter4\framework\system\Database\BaseConnection.php(377): CodeIgniter\Database\MySQLi\Connection->connect(false)
#1 C:\wamp64\www\vaseputovanje\vendor\codeigniter4\framework\system\Database\BaseConnection.php(643): CodeIgniter\Database\BaseConnection->initialize()
#2 C:\wamp64\www\vaseputovanje\vendor\codeigniter4\framework\system\Database\BaseBuilder.php(1819): CodeIgniter\Database\BaseConnection->query('SELECT *\nFROM `...', Array, false)
#3 C:\wamp64\www\vaseputovanje\vendor\codeigniter4\framework\system\Model.php(381): CodeIgniter\Database\BaseBuilder->get()
#4 C:\wamp64\www\vaseputovanje\app\Controllers\Gost.php(129): CodeIgniter\Model->find('Mmarkomarkovic')
#5 C:\wamp64\www\vaseputovanje\vendor\codeigniter4\framework\system\CodeIgniter.php(910): App\Controllers\Gost->loginSubmit()
#6 C:\wamp64\www\vaseputovanje\vendor\codeigniter4\framework\system\CodeIgniter.php(398): CodeIgniter\CodeIgniter->runController(Object(App\Controllers\Gost))
#7 C:\wamp64\www\vaseputovanje\vendor\codeigniter4\framework\system\CodeIgniter.php(306): CodeIgniter\CodeIgniter->handleRequest(NULL, Object(Config\Cache), false)
#8 C:\wamp64\www\vaseputovanje\public\index.php(45): CodeIgniter\CodeIgniter->run()
#9 C:\wamp64\www\vaseputovanje\vendor\codeigniter4\framework\system\Commands\Server\rewrite.php(34): require_once('C:\\wamp64\\www\\v...')
#10 {main}
