CRITICAL - 2020-06-01 05:19:39 --> Namespace declaration statement has to be the very first statement or after any declare call in the script
#0 [internal function]: CodeIgniter\Debug\Exceptions->shutdownHandler()
#1 {main}
CRITICAL - 2020-06-01 05:19:56 --> Namespace declaration statement has to be the very first statement or after any declare call in the script
#0 [internal function]: CodeIgniter\Debug\Exceptions->shutdownHandler()
#1 {main}
CRITICAL - 2020-06-01 06:29:50 --> You have an error in your SQL syntax; check the manual that corresponds to your MySQL server version for the right syntax to use near 'FORM korisnik WHERE Username='oliverar'' at line 1
#0 C:\wamp64\www\zavrsno\vendor\codeigniter4\framework\system\Database\MySQLi\Connection.php(330): mysqli->query('SELECT * FORM k...')
#1 C:\wamp64\www\zavrsno\vendor\codeigniter4\framework\system\Database\BaseConnection.php(738): CodeIgniter\Database\MySQLi\Connection->execute('SELECT * FORM k...')
#2 C:\wamp64\www\zavrsno\vendor\codeigniter4\framework\system\Database\BaseConnection.php(666): CodeIgniter\Database\BaseConnection->simpleQuery('SELECT * FORM k...')
#3 C:\wamp64\www\zavrsno\app\Controllers\KorisnikM.php(58): CodeIgniter\Database\BaseConnection->query('SELECT * FORM k...')
#4 C:\wamp64\www\zavrsno\vendor\codeigniter4\framework\system\CodeIgniter.php(910): App\Controllers\KorisnikM->promenaLoz()
#5 C:\wamp64\www\zavrsno\vendor\codeigniter4\framework\system\CodeIgniter.php(398): CodeIgniter\CodeIgniter->runController(Object(App\Controllers\KorisnikM))
#6 C:\wamp64\www\zavrsno\vendor\codeigniter4\framework\system\CodeIgniter.php(306): CodeIgniter\CodeIgniter->handleRequest(NULL, Object(Config\Cache), false)
#7 C:\wamp64\www\zavrsno\public\index.php(45): CodeIgniter\CodeIgniter->run()
#8 C:\wamp64\www\zavrsno\vendor\codeigniter4\framework\system\Commands\Server\rewrite.php(34): require_once('C:\\wamp64\\www\\z...')
#9 {main}
CRITICAL - 2020-06-01 10:54:16 --> syntax error, unexpected 'public' (T_PUBLIC)
#0 C:\wamp64\www\zavrsno\vendor\codeigniter4\framework\system\Router\Router.php(192): CodeIgniter\Router\Router->autoRoute('KorisnikM/dodaj...')
#1 C:\wamp64\www\zavrsno\vendor\codeigniter4\framework\system\CodeIgniter.php(785): CodeIgniter\Router\Router->handle('KorisnikM/dodaj...')
#2 C:\wamp64\www\zavrsno\vendor\codeigniter4\framework\system\CodeIgniter.php(358): CodeIgniter\CodeIgniter->tryToRouteIt(Object(CodeIgniter\Router\RouteCollection))
#3 C:\wamp64\www\zavrsno\vendor\codeigniter4\framework\system\CodeIgniter.php(306): CodeIgniter\CodeIgniter->handleRequest(NULL, Object(Config\Cache), false)
#4 C:\wamp64\www\zavrsno\public\index.php(45): CodeIgniter\CodeIgniter->run()
#5 C:\wamp64\www\zavrsno\vendor\codeigniter4\framework\system\Commands\Server\rewrite.php(34): require_once('C:\\wamp64\\www\\z...')
#6 {main}
