CRITICAL - 2020-05-21 09:14:59 --> Call to undefined method App\Controllers\KorisnikM::login()
#0 C:\wamp64\www\vaseputovanje\vendor\codeigniter4\framework\system\CodeIgniter.php(910): App\Controllers\KorisnikM->pretrazi()
#1 C:\wamp64\www\vaseputovanje\vendor\codeigniter4\framework\system\CodeIgniter.php(398): CodeIgniter\CodeIgniter->runController(Object(App\Controllers\KorisnikM))
#2 C:\wamp64\www\vaseputovanje\vendor\codeigniter4\framework\system\CodeIgniter.php(306): CodeIgniter\CodeIgniter->handleRequest(NULL, Object(Config\Cache), false)
#3 C:\wamp64\www\vaseputovanje\public\index.php(45): CodeIgniter\CodeIgniter->run()
#4 C:\wamp64\www\vaseputovanje\vendor\codeigniter4\framework\system\Commands\Server\rewrite.php(34): require_once('C:\\wamp64\\www\\v...')
#5 {main}
CRITICAL - 2020-05-21 09:30:36 --> Object of class CodeIgniter\HTTP\IncomingRequest could not be converted to string
#0 C:\wamp64\www\vaseputovanje\app\Controllers\KorisnikM.php(249): CodeIgniter\Debug\Exceptions->errorHandler(4096, 'Object of class...', 'C:\\wamp64\\www\\v...', 249, Array)
#1 C:\wamp64\www\vaseputovanje\vendor\codeigniter4\framework\system\CodeIgniter.php(910): App\Controllers\KorisnikM->pretrazi()
#2 C:\wamp64\www\vaseputovanje\vendor\codeigniter4\framework\system\CodeIgniter.php(398): CodeIgniter\CodeIgniter->runController(Object(App\Controllers\KorisnikM))
#3 C:\wamp64\www\vaseputovanje\vendor\codeigniter4\framework\system\CodeIgniter.php(306): CodeIgniter\CodeIgniter->handleRequest(NULL, Object(Config\Cache), false)
#4 C:\wamp64\www\vaseputovanje\public\index.php(45): CodeIgniter\CodeIgniter->run()
#5 C:\wamp64\www\vaseputovanje\vendor\codeigniter4\framework\system\Commands\Server\rewrite.php(34): require_once('C:\\wamp64\\www\\v...')
#6 {main}
CRITICAL - 2020-05-21 09:30:57 --> Object of class CodeIgniter\HTTP\IncomingRequest could not be converted to string
#0 C:\wamp64\www\vaseputovanje\app\Controllers\KorisnikM.php(249): CodeIgniter\Debug\Exceptions->errorHandler(4096, 'Object of class...', 'C:\\wamp64\\www\\v...', 249, Array)
#1 C:\wamp64\www\vaseputovanje\vendor\codeigniter4\framework\system\CodeIgniter.php(910): App\Controllers\KorisnikM->pretrazi()
#2 C:\wamp64\www\vaseputovanje\vendor\codeigniter4\framework\system\CodeIgniter.php(398): CodeIgniter\CodeIgniter->runController(Object(App\Controllers\KorisnikM))
#3 C:\wamp64\www\vaseputovanje\vendor\codeigniter4\framework\system\CodeIgniter.php(306): CodeIgniter\CodeIgniter->handleRequest(NULL, Object(Config\Cache), false)
#4 C:\wamp64\www\vaseputovanje\public\index.php(45): CodeIgniter\CodeIgniter->run()
#5 C:\wamp64\www\vaseputovanje\vendor\codeigniter4\framework\system\Commands\Server\rewrite.php(34): require_once('C:\\wamp64\\www\\v...')
#6 {main}
CRITICAL - 2020-05-21 09:58:36 --> syntax error, unexpected '$query' (T_VARIABLE), expecting '('
#0 C:\wamp64\www\vaseputovanje\vendor\codeigniter4\framework\system\Router\Router.php(192): CodeIgniter\Router\Router->autoRoute('KorisnikM/pretr...')
#1 C:\wamp64\www\vaseputovanje\vendor\codeigniter4\framework\system\CodeIgniter.php(785): CodeIgniter\Router\Router->handle('KorisnikM/pretr...')
#2 C:\wamp64\www\vaseputovanje\vendor\codeigniter4\framework\system\CodeIgniter.php(358): CodeIgniter\CodeIgniter->tryToRouteIt(Object(CodeIgniter\Router\RouteCollection))
#3 C:\wamp64\www\vaseputovanje\vendor\codeigniter4\framework\system\CodeIgniter.php(306): CodeIgniter\CodeIgniter->handleRequest(NULL, Object(Config\Cache), false)
#4 C:\wamp64\www\vaseputovanje\public\index.php(45): CodeIgniter\CodeIgniter->run()
#5 C:\wamp64\www\vaseputovanje\vendor\codeigniter4\framework\system\Commands\Server\rewrite.php(34): require_once('C:\\wamp64\\www\\v...')
#6 {main}
CRITICAL - 2020-05-21 09:58:40 --> syntax error, unexpected '$query' (T_VARIABLE), expecting '('
#0 C:\wamp64\www\vaseputovanje\vendor\codeigniter4\framework\system\Router\Router.php(192): CodeIgniter\Router\Router->autoRoute('KorisnikM/index')
#1 C:\wamp64\www\vaseputovanje\vendor\codeigniter4\framework\system\CodeIgniter.php(785): CodeIgniter\Router\Router->handle('KorisnikM/index')
#2 C:\wamp64\www\vaseputovanje\vendor\codeigniter4\framework\system\CodeIgniter.php(358): CodeIgniter\CodeIgniter->tryToRouteIt(Object(CodeIgniter\Router\RouteCollection))
#3 C:\wamp64\www\vaseputovanje\vendor\codeigniter4\framework\system\CodeIgniter.php(306): CodeIgniter\CodeIgniter->handleRequest(NULL, Object(Config\Cache), false)
#4 C:\wamp64\www\vaseputovanje\public\index.php(45): CodeIgniter\CodeIgniter->run()
#5 C:\wamp64\www\vaseputovanje\vendor\codeigniter4\framework\system\Commands\Server\rewrite.php(34): require_once('C:\\wamp64\\www\\v...')
#6 {main}
CRITICAL - 2020-05-21 09:58:45 --> syntax error, unexpected '$query' (T_VARIABLE), expecting '('
#0 C:\wamp64\www\vaseputovanje\vendor\codeigniter4\framework\system\Router\Router.php(192): CodeIgniter\Router\Router->autoRoute('KorisnikM')
#1 C:\wamp64\www\vaseputovanje\vendor\codeigniter4\framework\system\CodeIgniter.php(785): CodeIgniter\Router\Router->handle('KorisnikM')
#2 C:\wamp64\www\vaseputovanje\vendor\codeigniter4\framework\system\CodeIgniter.php(358): CodeIgniter\CodeIgniter->tryToRouteIt(Object(CodeIgniter\Router\RouteCollection))
#3 C:\wamp64\www\vaseputovanje\vendor\codeigniter4\framework\system\CodeIgniter.php(306): CodeIgniter\CodeIgniter->handleRequest(NULL, Object(Config\Cache), false)
#4 C:\wamp64\www\vaseputovanje\public\index.php(45): CodeIgniter\CodeIgniter->run()
#5 C:\wamp64\www\vaseputovanje\vendor\codeigniter4\framework\system\Commands\Server\rewrite.php(34): require_once('C:\\wamp64\\www\\v...')
#6 {main}
CRITICAL - 2020-05-21 09:59:07 --> Unknown column 'Italija' in 'where clause'
#0 C:\wamp64\www\vaseputovanje\vendor\codeigniter4\framework\system\Database\MySQLi\Connection.php(330): mysqli->query('SELECT count(*)...')
#1 C:\wamp64\www\vaseputovanje\vendor\codeigniter4\framework\system\Database\BaseConnection.php(738): CodeIgniter\Database\MySQLi\Connection->execute('SELECT count(*)...')
#2 C:\wamp64\www\vaseputovanje\vendor\codeigniter4\framework\system\Database\BaseConnection.php(666): CodeIgniter\Database\BaseConnection->simpleQuery('SELECT count(*)...')
#3 C:\wamp64\www\vaseputovanje\app\Controllers\KorisnikM.php(24): CodeIgniter\Database\BaseConnection->query('SELECT count(*)...')
#4 C:\wamp64\www\vaseputovanje\vendor\codeigniter4\framework\system\CodeIgniter.php(910): App\Controllers\KorisnikM->index()
#5 C:\wamp64\www\vaseputovanje\vendor\codeigniter4\framework\system\CodeIgniter.php(398): CodeIgniter\CodeIgniter->runController(Object(App\Controllers\KorisnikM))
#6 C:\wamp64\www\vaseputovanje\vendor\codeigniter4\framework\system\CodeIgniter.php(306): CodeIgniter\CodeIgniter->handleRequest(NULL, Object(Config\Cache), false)
#7 C:\wamp64\www\vaseputovanje\public\index.php(45): CodeIgniter\CodeIgniter->run()
#8 C:\wamp64\www\vaseputovanje\vendor\codeigniter4\framework\system\Commands\Server\rewrite.php(34): require_once('C:\\wamp64\\www\\v...')
#9 {main}
CRITICAL - 2020-05-21 09:59:13 --> Unknown column 'Italija' in 'where clause'
#0 C:\wamp64\www\vaseputovanje\vendor\codeigniter4\framework\system\Database\MySQLi\Connection.php(330): mysqli->query('SELECT count(*)...')
#1 C:\wamp64\www\vaseputovanje\vendor\codeigniter4\framework\system\Database\BaseConnection.php(738): CodeIgniter\Database\MySQLi\Connection->execute('SELECT count(*)...')
#2 C:\wamp64\www\vaseputovanje\vendor\codeigniter4\framework\system\Database\BaseConnection.php(666): CodeIgniter\Database\BaseConnection->simpleQuery('SELECT count(*)...')
#3 C:\wamp64\www\vaseputovanje\app\Controllers\KorisnikM.php(24): CodeIgniter\Database\BaseConnection->query('SELECT count(*)...')
#4 C:\wamp64\www\vaseputovanje\vendor\codeigniter4\framework\system\CodeIgniter.php(910): App\Controllers\KorisnikM->index()
#5 C:\wamp64\www\vaseputovanje\vendor\codeigniter4\framework\system\CodeIgniter.php(398): CodeIgniter\CodeIgniter->runController(Object(App\Controllers\KorisnikM))
#6 C:\wamp64\www\vaseputovanje\vendor\codeigniter4\framework\system\CodeIgniter.php(306): CodeIgniter\CodeIgniter->handleRequest(NULL, Object(Config\Cache), false)
#7 C:\wamp64\www\vaseputovanje\public\index.php(45): CodeIgniter\CodeIgniter->run()
#8 C:\wamp64\www\vaseputovanje\vendor\codeigniter4\framework\system\Commands\Server\rewrite.php(34): require_once('C:\\wamp64\\www\\v...')
#9 {main}
CRITICAL - 2020-05-21 10:00:39 --> Unknown column 'Italija' in 'where clause'
#0 C:\wamp64\www\vaseputovanje\vendor\codeigniter4\framework\system\Database\MySQLi\Connection.php(330): mysqli->query('SELECT count(*)...')
#1 C:\wamp64\www\vaseputovanje\vendor\codeigniter4\framework\system\Database\BaseConnection.php(738): CodeIgniter\Database\MySQLi\Connection->execute('SELECT count(*)...')
#2 C:\wamp64\www\vaseputovanje\vendor\codeigniter4\framework\system\Database\BaseConnection.php(666): CodeIgniter\Database\BaseConnection->simpleQuery('SELECT count(*)...')
#3 C:\wamp64\www\vaseputovanje\app\Controllers\KorisnikM.php(24): CodeIgniter\Database\BaseConnection->query('SELECT count(*)...')
#4 C:\wamp64\www\vaseputovanje\vendor\codeigniter4\framework\system\CodeIgniter.php(910): App\Controllers\KorisnikM->index()
#5 C:\wamp64\www\vaseputovanje\vendor\codeigniter4\framework\system\CodeIgniter.php(398): CodeIgniter\CodeIgniter->runController(Object(App\Controllers\KorisnikM))
#6 C:\wamp64\www\vaseputovanje\vendor\codeigniter4\framework\system\CodeIgniter.php(306): CodeIgniter\CodeIgniter->handleRequest(NULL, Object(Config\Cache), false)
#7 C:\wamp64\www\vaseputovanje\public\index.php(45): CodeIgniter\CodeIgniter->run()
#8 C:\wamp64\www\vaseputovanje\vendor\codeigniter4\framework\system\Commands\Server\rewrite.php(34): require_once('C:\\wamp64\\www\\v...')
#9 {main}
CRITICAL - 2020-05-21 10:03:02 --> Object of class CodeIgniter\HTTP\IncomingRequest could not be converted to string
#0 C:\wamp64\www\vaseputovanje\app\Controllers\KorisnikM.php(252): CodeIgniter\Debug\Exceptions->errorHandler(4096, 'Object of class...', 'C:\\wamp64\\www\\v...', 252, Array)
#1 C:\wamp64\www\vaseputovanje\vendor\codeigniter4\framework\system\CodeIgniter.php(910): App\Controllers\KorisnikM->pretrazi()
#2 C:\wamp64\www\vaseputovanje\vendor\codeigniter4\framework\system\CodeIgniter.php(398): CodeIgniter\CodeIgniter->runController(Object(App\Controllers\KorisnikM))
#3 C:\wamp64\www\vaseputovanje\vendor\codeigniter4\framework\system\CodeIgniter.php(306): CodeIgniter\CodeIgniter->handleRequest(NULL, Object(Config\Cache), false)
#4 C:\wamp64\www\vaseputovanje\public\index.php(45): CodeIgniter\CodeIgniter->run()
#5 C:\wamp64\www\vaseputovanje\vendor\codeigniter4\framework\system\Commands\Server\rewrite.php(34): require_once('C:\\wamp64\\www\\v...')
#6 {main}
CRITICAL - 2020-05-21 10:11:22 --> Object of class CodeIgniter\HTTP\IncomingRequest could not be converted to string
#0 C:\wamp64\www\vaseputovanje\app\Controllers\KorisnikM.php(252): CodeIgniter\Debug\Exceptions->errorHandler(4096, 'Object of class...', 'C:\\wamp64\\www\\v...', 252, Array)
#1 C:\wamp64\www\vaseputovanje\vendor\codeigniter4\framework\system\CodeIgniter.php(910): App\Controllers\KorisnikM->pretrazi()
#2 C:\wamp64\www\vaseputovanje\vendor\codeigniter4\framework\system\CodeIgniter.php(398): CodeIgniter\CodeIgniter->runController(Object(App\Controllers\KorisnikM))
#3 C:\wamp64\www\vaseputovanje\vendor\codeigniter4\framework\system\CodeIgniter.php(306): CodeIgniter\CodeIgniter->handleRequest(NULL, Object(Config\Cache), false)
#4 C:\wamp64\www\vaseputovanje\public\index.php(45): CodeIgniter\CodeIgniter->run()
#5 C:\wamp64\www\vaseputovanje\vendor\codeigniter4\framework\system\Commands\Server\rewrite.php(34): require_once('C:\\wamp64\\www\\v...')
#6 {main}
CRITICAL - 2020-05-21 10:17:49 --> A non-numeric value encountered
#0 C:\wamp64\www\vaseputovanje\app\Controllers\KorisnikM.php(253): CodeIgniter\Debug\Exceptions->errorHandler(2, 'A non-numeric v...', 'C:\\wamp64\\www\\v...', 253, Array)
#1 C:\wamp64\www\vaseputovanje\vendor\codeigniter4\framework\system\CodeIgniter.php(910): App\Controllers\KorisnikM->pretrazi()
#2 C:\wamp64\www\vaseputovanje\vendor\codeigniter4\framework\system\CodeIgniter.php(398): CodeIgniter\CodeIgniter->runController(Object(App\Controllers\KorisnikM))
#3 C:\wamp64\www\vaseputovanje\vendor\codeigniter4\framework\system\CodeIgniter.php(306): CodeIgniter\CodeIgniter->handleRequest(NULL, Object(Config\Cache), false)
#4 C:\wamp64\www\vaseputovanje\public\index.php(45): CodeIgniter\CodeIgniter->run()
#5 C:\wamp64\www\vaseputovanje\vendor\codeigniter4\framework\system\Commands\Server\rewrite.php(34): require_once('C:\\wamp64\\www\\v...')
#6 {main}
CRITICAL - 2020-05-21 10:18:28 --> Object of class CodeIgniter\HTTP\IncomingRequest could not be converted to string
#0 C:\wamp64\www\vaseputovanje\app\Controllers\KorisnikM.php(251): CodeIgniter\Debug\Exceptions->errorHandler(4096, 'Object of class...', 'C:\\wamp64\\www\\v...', 251, Array)
#1 C:\wamp64\www\vaseputovanje\vendor\codeigniter4\framework\system\CodeIgniter.php(910): App\Controllers\KorisnikM->pretrazi()
#2 C:\wamp64\www\vaseputovanje\vendor\codeigniter4\framework\system\CodeIgniter.php(398): CodeIgniter\CodeIgniter->runController(Object(App\Controllers\KorisnikM))
#3 C:\wamp64\www\vaseputovanje\vendor\codeigniter4\framework\system\CodeIgniter.php(306): CodeIgniter\CodeIgniter->handleRequest(NULL, Object(Config\Cache), false)
#4 C:\wamp64\www\vaseputovanje\public\index.php(45): CodeIgniter\CodeIgniter->run()
#5 C:\wamp64\www\vaseputovanje\vendor\codeigniter4\framework\system\Commands\Server\rewrite.php(34): require_once('C:\\wamp64\\www\\v...')
#6 {main}
CRITICAL - 2020-05-21 10:20:05 --> A non-numeric value encountered
#0 C:\wamp64\www\vaseputovanje\app\Controllers\KorisnikM.php(253): CodeIgniter\Debug\Exceptions->errorHandler(2, 'A non-numeric v...', 'C:\\wamp64\\www\\v...', 253, Array)
#1 C:\wamp64\www\vaseputovanje\vendor\codeigniter4\framework\system\CodeIgniter.php(910): App\Controllers\KorisnikM->pretrazi()
#2 C:\wamp64\www\vaseputovanje\vendor\codeigniter4\framework\system\CodeIgniter.php(398): CodeIgniter\CodeIgniter->runController(Object(App\Controllers\KorisnikM))
#3 C:\wamp64\www\vaseputovanje\vendor\codeigniter4\framework\system\CodeIgniter.php(306): CodeIgniter\CodeIgniter->handleRequest(NULL, Object(Config\Cache), false)
#4 C:\wamp64\www\vaseputovanje\public\index.php(45): CodeIgniter\CodeIgniter->run()
#5 C:\wamp64\www\vaseputovanje\vendor\codeigniter4\framework\system\Commands\Server\rewrite.php(34): require_once('C:\\wamp64\\www\\v...')
#6 {main}
CRITICAL - 2020-05-21 10:20:56 --> A non-numeric value encountered
#0 C:\wamp64\www\vaseputovanje\app\Controllers\KorisnikM.php(253): CodeIgniter\Debug\Exceptions->errorHandler(2, 'A non-numeric v...', 'C:\\wamp64\\www\\v...', 253, Array)
#1 C:\wamp64\www\vaseputovanje\vendor\codeigniter4\framework\system\CodeIgniter.php(910): App\Controllers\KorisnikM->pretrazi()
#2 C:\wamp64\www\vaseputovanje\vendor\codeigniter4\framework\system\CodeIgniter.php(398): CodeIgniter\CodeIgniter->runController(Object(App\Controllers\KorisnikM))
#3 C:\wamp64\www\vaseputovanje\vendor\codeigniter4\framework\system\CodeIgniter.php(306): CodeIgniter\CodeIgniter->handleRequest(NULL, Object(Config\Cache), false)
#4 C:\wamp64\www\vaseputovanje\public\index.php(45): CodeIgniter\CodeIgniter->run()
#5 C:\wamp64\www\vaseputovanje\vendor\codeigniter4\framework\system\Commands\Server\rewrite.php(34): require_once('C:\\wamp64\\www\\v...')
#6 {main}
CRITICAL - 2020-05-21 10:23:22 --> A non-numeric value encountered
#0 C:\wamp64\www\vaseputovanje\app\Controllers\KorisnikM.php(253): CodeIgniter\Debug\Exceptions->errorHandler(2, 'A non-numeric v...', 'C:\\wamp64\\www\\v...', 253, Array)
#1 C:\wamp64\www\vaseputovanje\vendor\codeigniter4\framework\system\CodeIgniter.php(910): App\Controllers\KorisnikM->pretrazi()
#2 C:\wamp64\www\vaseputovanje\vendor\codeigniter4\framework\system\CodeIgniter.php(398): CodeIgniter\CodeIgniter->runController(Object(App\Controllers\KorisnikM))
#3 C:\wamp64\www\vaseputovanje\vendor\codeigniter4\framework\system\CodeIgniter.php(306): CodeIgniter\CodeIgniter->handleRequest(NULL, Object(Config\Cache), false)
#4 C:\wamp64\www\vaseputovanje\public\index.php(45): CodeIgniter\CodeIgniter->run()
#5 C:\wamp64\www\vaseputovanje\vendor\codeigniter4\framework\system\Commands\Server\rewrite.php(34): require_once('C:\\wamp64\\www\\v...')
#6 {main}
CRITICAL - 2020-05-21 10:25:12 --> syntax error, unexpected end of file
#0 C:\wamp64\www\vaseputovanje\vendor\codeigniter4\framework\system\Router\Router.php(192): CodeIgniter\Router\Router->autoRoute('KorisnikM/pretr...')
#1 C:\wamp64\www\vaseputovanje\vendor\codeigniter4\framework\system\CodeIgniter.php(785): CodeIgniter\Router\Router->handle('KorisnikM/pretr...')
#2 C:\wamp64\www\vaseputovanje\vendor\codeigniter4\framework\system\CodeIgniter.php(358): CodeIgniter\CodeIgniter->tryToRouteIt(Object(CodeIgniter\Router\RouteCollection))
#3 C:\wamp64\www\vaseputovanje\vendor\codeigniter4\framework\system\CodeIgniter.php(306): CodeIgniter\CodeIgniter->handleRequest(NULL, Object(Config\Cache), false)
#4 C:\wamp64\www\vaseputovanje\public\index.php(45): CodeIgniter\CodeIgniter->run()
#5 C:\wamp64\www\vaseputovanje\vendor\codeigniter4\framework\system\Commands\Server\rewrite.php(34): require_once('C:\\wamp64\\www\\v...')
#6 {main}
CRITICAL - 2020-05-21 10:25:35 --> A non-numeric value encountered
#0 C:\wamp64\www\vaseputovanje\app\Controllers\KorisnikM.php(253): CodeIgniter\Debug\Exceptions->errorHandler(2, 'A non-numeric v...', 'C:\\wamp64\\www\\v...', 253, Array)
#1 C:\wamp64\www\vaseputovanje\vendor\codeigniter4\framework\system\CodeIgniter.php(910): App\Controllers\KorisnikM->pretrazi()
#2 C:\wamp64\www\vaseputovanje\vendor\codeigniter4\framework\system\CodeIgniter.php(398): CodeIgniter\CodeIgniter->runController(Object(App\Controllers\KorisnikM))
#3 C:\wamp64\www\vaseputovanje\vendor\codeigniter4\framework\system\CodeIgniter.php(306): CodeIgniter\CodeIgniter->handleRequest(NULL, Object(Config\Cache), false)
#4 C:\wamp64\www\vaseputovanje\public\index.php(45): CodeIgniter\CodeIgniter->run()
#5 C:\wamp64\www\vaseputovanje\vendor\codeigniter4\framework\system\Commands\Server\rewrite.php(34): require_once('C:\\wamp64\\www\\v...')
#6 {main}
CRITICAL - 2020-05-21 10:27:47 --> You have an error in your SQL syntax; check the manual that corresponds to your MySQL server version for the right syntax to use near 'putovanje.Saputnik='Voljena osoba'' at line 1
#0 C:\wamp64\www\vaseputovanje\vendor\codeigniter4\framework\system\Database\MySQLi\Connection.php(330): mysqli->query('SELECT ImeDrzav...')
#1 C:\wamp64\www\vaseputovanje\vendor\codeigniter4\framework\system\Database\BaseConnection.php(738): CodeIgniter\Database\MySQLi\Connection->execute('SELECT ImeDrzav...')
#2 C:\wamp64\www\vaseputovanje\vendor\codeigniter4\framework\system\Database\BaseConnection.php(666): CodeIgniter\Database\BaseConnection->simpleQuery('SELECT ImeDrzav...')
#3 C:\wamp64\www\vaseputovanje\app\Controllers\KorisnikM.php(255): CodeIgniter\Database\BaseConnection->query('SELECT ImeDrzav...')
#4 C:\wamp64\www\vaseputovanje\vendor\codeigniter4\framework\system\CodeIgniter.php(910): App\Controllers\KorisnikM->pretrazi()
#5 C:\wamp64\www\vaseputovanje\vendor\codeigniter4\framework\system\CodeIgniter.php(398): CodeIgniter\CodeIgniter->runController(Object(App\Controllers\KorisnikM))
#6 C:\wamp64\www\vaseputovanje\vendor\codeigniter4\framework\system\CodeIgniter.php(306): CodeIgniter\CodeIgniter->handleRequest(NULL, Object(Config\Cache), false)
#7 C:\wamp64\www\vaseputovanje\public\index.php(45): CodeIgniter\CodeIgniter->run()
#8 C:\wamp64\www\vaseputovanje\vendor\codeigniter4\framework\system\Commands\Server\rewrite.php(34): require_once('C:\\wamp64\\www\\v...')
#9 {main}
CRITICAL - 2020-05-21 10:30:00 --> You have an error in your SQL syntax; check the manual that corresponds to your MySQL server version for the right syntax to use near 'putovanje.Saputnik='Voljena osoba'' at line 1
#0 C:\wamp64\www\vaseputovanje\vendor\codeigniter4\framework\system\Database\MySQLi\Connection.php(330): mysqli->query('SELECT ImeDrzav...')
#1 C:\wamp64\www\vaseputovanje\vendor\codeigniter4\framework\system\Database\BaseConnection.php(738): CodeIgniter\Database\MySQLi\Connection->execute('SELECT ImeDrzav...')
#2 C:\wamp64\www\vaseputovanje\vendor\codeigniter4\framework\system\Database\BaseConnection.php(666): CodeIgniter\Database\BaseConnection->simpleQuery('SELECT ImeDrzav...')
#3 C:\wamp64\www\vaseputovanje\app\Controllers\KorisnikM.php(255): CodeIgniter\Database\BaseConnection->query('SELECT ImeDrzav...')
#4 C:\wamp64\www\vaseputovanje\vendor\codeigniter4\framework\system\CodeIgniter.php(910): App\Controllers\KorisnikM->pretrazi()
#5 C:\wamp64\www\vaseputovanje\vendor\codeigniter4\framework\system\CodeIgniter.php(398): CodeIgniter\CodeIgniter->runController(Object(App\Controllers\KorisnikM))
#6 C:\wamp64\www\vaseputovanje\vendor\codeigniter4\framework\system\CodeIgniter.php(306): CodeIgniter\CodeIgniter->handleRequest(NULL, Object(Config\Cache), false)
#7 C:\wamp64\www\vaseputovanje\public\index.php(45): CodeIgniter\CodeIgniter->run()
#8 C:\wamp64\www\vaseputovanje\vendor\codeigniter4\framework\system\Commands\Server\rewrite.php(34): require_once('C:\\wamp64\\www\\v...')
#9 {main}
CRITICAL - 2020-05-21 10:30:17 --> You have an error in your SQL syntax; check the manual that corresponds to your MySQL server version for the right syntax to use near 'putovanje.Saputnik='Porodica'' at line 1
#0 C:\wamp64\www\vaseputovanje\vendor\codeigniter4\framework\system\Database\MySQLi\Connection.php(330): mysqli->query('SELECT ImeDrzav...')
#1 C:\wamp64\www\vaseputovanje\vendor\codeigniter4\framework\system\Database\BaseConnection.php(738): CodeIgniter\Database\MySQLi\Connection->execute('SELECT ImeDrzav...')
#2 C:\wamp64\www\vaseputovanje\vendor\codeigniter4\framework\system\Database\BaseConnection.php(666): CodeIgniter\Database\BaseConnection->simpleQuery('SELECT ImeDrzav...')
#3 C:\wamp64\www\vaseputovanje\app\Controllers\KorisnikM.php(255): CodeIgniter\Database\BaseConnection->query('SELECT ImeDrzav...')
#4 C:\wamp64\www\vaseputovanje\vendor\codeigniter4\framework\system\CodeIgniter.php(910): App\Controllers\KorisnikM->pretrazi()
#5 C:\wamp64\www\vaseputovanje\vendor\codeigniter4\framework\system\CodeIgniter.php(398): CodeIgniter\CodeIgniter->runController(Object(App\Controllers\KorisnikM))
#6 C:\wamp64\www\vaseputovanje\vendor\codeigniter4\framework\system\CodeIgniter.php(306): CodeIgniter\CodeIgniter->handleRequest(NULL, Object(Config\Cache), false)
#7 C:\wamp64\www\vaseputovanje\public\index.php(45): CodeIgniter\CodeIgniter->run()
#8 C:\wamp64\www\vaseputovanje\vendor\codeigniter4\framework\system\Commands\Server\rewrite.php(34): require_once('C:\\wamp64\\www\\v...')
#9 {main}
CRITICAL - 2020-05-21 10:32:38 --> You have an error in your SQL syntax; check the manual that corresponds to your MySQL server version for the right syntax to use near 'putovanje.Saputnik='Porodica'' at line 1
#0 C:\wamp64\www\vaseputovanje\vendor\codeigniter4\framework\system\Database\MySQLi\Connection.php(330): mysqli->query('SELECT ImeDrzav...')
#1 C:\wamp64\www\vaseputovanje\vendor\codeigniter4\framework\system\Database\BaseConnection.php(738): CodeIgniter\Database\MySQLi\Connection->execute('SELECT ImeDrzav...')
#2 C:\wamp64\www\vaseputovanje\vendor\codeigniter4\framework\system\Database\BaseConnection.php(666): CodeIgniter\Database\BaseConnection->simpleQuery('SELECT ImeDrzav...')
#3 C:\wamp64\www\vaseputovanje\app\Controllers\KorisnikM.php(255): CodeIgniter\Database\BaseConnection->query('SELECT ImeDrzav...')
#4 C:\wamp64\www\vaseputovanje\vendor\codeigniter4\framework\system\CodeIgniter.php(910): App\Controllers\KorisnikM->pretrazi()
#5 C:\wamp64\www\vaseputovanje\vendor\codeigniter4\framework\system\CodeIgniter.php(398): CodeIgniter\CodeIgniter->runController(Object(App\Controllers\KorisnikM))
#6 C:\wamp64\www\vaseputovanje\vendor\codeigniter4\framework\system\CodeIgniter.php(306): CodeIgniter\CodeIgniter->handleRequest(NULL, Object(Config\Cache), false)
#7 C:\wamp64\www\vaseputovanje\public\index.php(45): CodeIgniter\CodeIgniter->run()
#8 C:\wamp64\www\vaseputovanje\vendor\codeigniter4\framework\system\Commands\Server\rewrite.php(34): require_once('C:\\wamp64\\www\\v...')
#9 {main}
CRITICAL - 2020-05-21 10:32:46 --> You have an error in your SQL syntax; check the manual that corresponds to your MySQL server version for the right syntax to use near 'putovanje.Saputnik='Porodica'' at line 1
#0 C:\wamp64\www\vaseputovanje\vendor\codeigniter4\framework\system\Database\MySQLi\Connection.php(330): mysqli->query('SELECT ImeDrzav...')
#1 C:\wamp64\www\vaseputovanje\vendor\codeigniter4\framework\system\Database\BaseConnection.php(738): CodeIgniter\Database\MySQLi\Connection->execute('SELECT ImeDrzav...')
#2 C:\wamp64\www\vaseputovanje\vendor\codeigniter4\framework\system\Database\BaseConnection.php(666): CodeIgniter\Database\BaseConnection->simpleQuery('SELECT ImeDrzav...')
#3 C:\wamp64\www\vaseputovanje\app\Controllers\KorisnikM.php(255): CodeIgniter\Database\BaseConnection->query('SELECT ImeDrzav...')
#4 C:\wamp64\www\vaseputovanje\vendor\codeigniter4\framework\system\CodeIgniter.php(910): App\Controllers\KorisnikM->pretrazi()
#5 C:\wamp64\www\vaseputovanje\vendor\codeigniter4\framework\system\CodeIgniter.php(398): CodeIgniter\CodeIgniter->runController(Object(App\Controllers\KorisnikM))
#6 C:\wamp64\www\vaseputovanje\vendor\codeigniter4\framework\system\CodeIgniter.php(306): CodeIgniter\CodeIgniter->handleRequest(NULL, Object(Config\Cache), false)
#7 C:\wamp64\www\vaseputovanje\public\index.php(45): CodeIgniter\CodeIgniter->run()
#8 C:\wamp64\www\vaseputovanje\vendor\codeigniter4\framework\system\Commands\Server\rewrite.php(34): require_once('C:\\wamp64\\www\\v...')
#9 {main}
CRITICAL - 2020-05-21 10:33:11 --> You have an error in your SQL syntax; check the manual that corresponds to your MySQL server version for the right syntax to use near 'putovanje.Saputnik='Porodica'' at line 1
#0 C:\wamp64\www\vaseputovanje\vendor\codeigniter4\framework\system\Database\MySQLi\Connection.php(330): mysqli->query('SELECT ImeDrzav...')
#1 C:\wamp64\www\vaseputovanje\vendor\codeigniter4\framework\system\Database\BaseConnection.php(738): CodeIgniter\Database\MySQLi\Connection->execute('SELECT ImeDrzav...')
#2 C:\wamp64\www\vaseputovanje\vendor\codeigniter4\framework\system\Database\BaseConnection.php(666): CodeIgniter\Database\BaseConnection->simpleQuery('SELECT ImeDrzav...')
#3 C:\wamp64\www\vaseputovanje\app\Controllers\KorisnikM.php(255): CodeIgniter\Database\BaseConnection->query('SELECT ImeDrzav...')
#4 C:\wamp64\www\vaseputovanje\vendor\codeigniter4\framework\system\CodeIgniter.php(910): App\Controllers\KorisnikM->pretrazi()
#5 C:\wamp64\www\vaseputovanje\vendor\codeigniter4\framework\system\CodeIgniter.php(398): CodeIgniter\CodeIgniter->runController(Object(App\Controllers\KorisnikM))
#6 C:\wamp64\www\vaseputovanje\vendor\codeigniter4\framework\system\CodeIgniter.php(306): CodeIgniter\CodeIgniter->handleRequest(NULL, Object(Config\Cache), false)
#7 C:\wamp64\www\vaseputovanje\public\index.php(45): CodeIgniter\CodeIgniter->run()
#8 C:\wamp64\www\vaseputovanje\vendor\codeigniter4\framework\system\Commands\Server\rewrite.php(34): require_once('C:\\wamp64\\www\\v...')
#9 {main}
CRITICAL - 2020-05-21 10:34:26 --> You have an error in your SQL syntax; check the manual that corresponds to your MySQL server version for the right syntax to use near 'putovanje.Saputnik='Porodica'' at line 1
#0 C:\wamp64\www\vaseputovanje\vendor\codeigniter4\framework\system\Database\MySQLi\Connection.php(330): mysqli->query('SELECT ImeDrzav...')
#1 C:\wamp64\www\vaseputovanje\vendor\codeigniter4\framework\system\Database\BaseConnection.php(738): CodeIgniter\Database\MySQLi\Connection->execute('SELECT ImeDrzav...')
#2 C:\wamp64\www\vaseputovanje\vendor\codeigniter4\framework\system\Database\BaseConnection.php(666): CodeIgniter\Database\BaseConnection->simpleQuery('SELECT ImeDrzav...')
#3 C:\wamp64\www\vaseputovanje\app\Controllers\KorisnikM.php(255): CodeIgniter\Database\BaseConnection->query('SELECT ImeDrzav...')
#4 C:\wamp64\www\vaseputovanje\vendor\codeigniter4\framework\system\CodeIgniter.php(910): App\Controllers\KorisnikM->pretrazi()
#5 C:\wamp64\www\vaseputovanje\vendor\codeigniter4\framework\system\CodeIgniter.php(398): CodeIgniter\CodeIgniter->runController(Object(App\Controllers\KorisnikM))
#6 C:\wamp64\www\vaseputovanje\vendor\codeigniter4\framework\system\CodeIgniter.php(306): CodeIgniter\CodeIgniter->handleRequest(NULL, Object(Config\Cache), false)
#7 C:\wamp64\www\vaseputovanje\public\index.php(45): CodeIgniter\CodeIgniter->run()
#8 C:\wamp64\www\vaseputovanje\vendor\codeigniter4\framework\system\Commands\Server\rewrite.php(34): require_once('C:\\wamp64\\www\\v...')
#9 {main}
CRITICAL - 2020-05-21 10:35:02 --> You have an error in your SQL syntax; check the manual that corresponds to your MySQL server version for the right syntax to use near 'putovanje.Saputnik=Porodica' at line 1
#0 C:\wamp64\www\vaseputovanje\vendor\codeigniter4\framework\system\Database\MySQLi\Connection.php(330): mysqli->query('SELECT ImeDrzav...')
#1 C:\wamp64\www\vaseputovanje\vendor\codeigniter4\framework\system\Database\BaseConnection.php(738): CodeIgniter\Database\MySQLi\Connection->execute('SELECT ImeDrzav...')
#2 C:\wamp64\www\vaseputovanje\vendor\codeigniter4\framework\system\Database\BaseConnection.php(666): CodeIgniter\Database\BaseConnection->simpleQuery('SELECT ImeDrzav...')
#3 C:\wamp64\www\vaseputovanje\app\Controllers\KorisnikM.php(255): CodeIgniter\Database\BaseConnection->query('SELECT ImeDrzav...')
#4 C:\wamp64\www\vaseputovanje\vendor\codeigniter4\framework\system\CodeIgniter.php(910): App\Controllers\KorisnikM->pretrazi()
#5 C:\wamp64\www\vaseputovanje\vendor\codeigniter4\framework\system\CodeIgniter.php(398): CodeIgniter\CodeIgniter->runController(Object(App\Controllers\KorisnikM))
#6 C:\wamp64\www\vaseputovanje\vendor\codeigniter4\framework\system\CodeIgniter.php(306): CodeIgniter\CodeIgniter->handleRequest(NULL, Object(Config\Cache), false)
#7 C:\wamp64\www\vaseputovanje\public\index.php(45): CodeIgniter\CodeIgniter->run()
#8 C:\wamp64\www\vaseputovanje\vendor\codeigniter4\framework\system\Commands\Server\rewrite.php(34): require_once('C:\\wamp64\\www\\v...')
#9 {main}
CRITICAL - 2020-05-21 10:35:41 --> You have an error in your SQL syntax; check the manual that corresponds to your MySQL server version for the right syntax to use near 'putovanje.Saputnik = 'Porodica'' at line 1
#0 C:\wamp64\www\vaseputovanje\vendor\codeigniter4\framework\system\Database\MySQLi\Connection.php(330): mysqli->query('SELECT ImeDrzav...')
#1 C:\wamp64\www\vaseputovanje\vendor\codeigniter4\framework\system\Database\BaseConnection.php(738): CodeIgniter\Database\MySQLi\Connection->execute('SELECT ImeDrzav...')
#2 C:\wamp64\www\vaseputovanje\vendor\codeigniter4\framework\system\Database\BaseConnection.php(666): CodeIgniter\Database\BaseConnection->simpleQuery('SELECT ImeDrzav...')
#3 C:\wamp64\www\vaseputovanje\app\Controllers\KorisnikM.php(255): CodeIgniter\Database\BaseConnection->query('SELECT ImeDrzav...')
#4 C:\wamp64\www\vaseputovanje\vendor\codeigniter4\framework\system\CodeIgniter.php(910): App\Controllers\KorisnikM->pretrazi()
#5 C:\wamp64\www\vaseputovanje\vendor\codeigniter4\framework\system\CodeIgniter.php(398): CodeIgniter\CodeIgniter->runController(Object(App\Controllers\KorisnikM))
#6 C:\wamp64\www\vaseputovanje\vendor\codeigniter4\framework\system\CodeIgniter.php(306): CodeIgniter\CodeIgniter->handleRequest(NULL, Object(Config\Cache), false)
#7 C:\wamp64\www\vaseputovanje\public\index.php(45): CodeIgniter\CodeIgniter->run()
#8 C:\wamp64\www\vaseputovanje\vendor\codeigniter4\framework\system\Commands\Server\rewrite.php(34): require_once('C:\\wamp64\\www\\v...')
#9 {main}
CRITICAL - 2020-05-21 10:35:58 --> You have an error in your SQL syntax; check the manual that corresponds to your MySQL server version for the right syntax to use near 'putovanje.Saputnik = 'Porodica'' at line 1
#0 C:\wamp64\www\vaseputovanje\vendor\codeigniter4\framework\system\Database\MySQLi\Connection.php(330): mysqli->query('SELECT ImeDrzav...')
#1 C:\wamp64\www\vaseputovanje\vendor\codeigniter4\framework\system\Database\BaseConnection.php(738): CodeIgniter\Database\MySQLi\Connection->execute('SELECT ImeDrzav...')
#2 C:\wamp64\www\vaseputovanje\vendor\codeigniter4\framework\system\Database\BaseConnection.php(666): CodeIgniter\Database\BaseConnection->simpleQuery('SELECT ImeDrzav...')
#3 C:\wamp64\www\vaseputovanje\app\Controllers\KorisnikM.php(255): CodeIgniter\Database\BaseConnection->query('SELECT ImeDrzav...')
#4 C:\wamp64\www\vaseputovanje\vendor\codeigniter4\framework\system\CodeIgniter.php(910): App\Controllers\KorisnikM->pretrazi()
#5 C:\wamp64\www\vaseputovanje\vendor\codeigniter4\framework\system\CodeIgniter.php(398): CodeIgniter\CodeIgniter->runController(Object(App\Controllers\KorisnikM))
#6 C:\wamp64\www\vaseputovanje\vendor\codeigniter4\framework\system\CodeIgniter.php(306): CodeIgniter\CodeIgniter->handleRequest(NULL, Object(Config\Cache), false)
#7 C:\wamp64\www\vaseputovanje\public\index.php(45): CodeIgniter\CodeIgniter->run()
#8 C:\wamp64\www\vaseputovanje\vendor\codeigniter4\framework\system\Commands\Server\rewrite.php(34): require_once('C:\\wamp64\\www\\v...')
#9 {main}
CRITICAL - 2020-05-21 10:47:15 --> Call to undefined method CodeIgniter\HTTP\IncomingRequest::getValue()
#0 C:\wamp64\www\vaseputovanje\vendor\codeigniter4\framework\system\CodeIgniter.php(910): App\Controllers\KorisnikM->pretrazi()
#1 C:\wamp64\www\vaseputovanje\vendor\codeigniter4\framework\system\CodeIgniter.php(398): CodeIgniter\CodeIgniter->runController(Object(App\Controllers\KorisnikM))
#2 C:\wamp64\www\vaseputovanje\vendor\codeigniter4\framework\system\CodeIgniter.php(306): CodeIgniter\CodeIgniter->handleRequest(NULL, Object(Config\Cache), false)
#3 C:\wamp64\www\vaseputovanje\public\index.php(45): CodeIgniter\CodeIgniter->run()
#4 C:\wamp64\www\vaseputovanje\vendor\codeigniter4\framework\system\Commands\Server\rewrite.php(34): require_once('C:\\wamp64\\www\\v...')
#5 {main}
CRITICAL - 2020-05-21 10:47:24 --> Call to undefined method CodeIgniter\HTTP\IncomingRequest::getValue()
#0 C:\wamp64\www\vaseputovanje\vendor\codeigniter4\framework\system\CodeIgniter.php(910): App\Controllers\KorisnikM->pretrazi()
#1 C:\wamp64\www\vaseputovanje\vendor\codeigniter4\framework\system\CodeIgniter.php(398): CodeIgniter\CodeIgniter->runController(Object(App\Controllers\KorisnikM))
#2 C:\wamp64\www\vaseputovanje\vendor\codeigniter4\framework\system\CodeIgniter.php(306): CodeIgniter\CodeIgniter->handleRequest(NULL, Object(Config\Cache), false)
#3 C:\wamp64\www\vaseputovanje\public\index.php(45): CodeIgniter\CodeIgniter->run()
#4 C:\wamp64\www\vaseputovanje\vendor\codeigniter4\framework\system\Commands\Server\rewrite.php(34): require_once('C:\\wamp64\\www\\v...')
#5 {main}
CRITICAL - 2020-05-21 10:50:39 --> syntax error, unexpected 'Destinacije' (T_STRING), expecting ',' or ';'
#0 C:\wamp64\www\vaseputovanje\vendor\codeigniter4\framework\system\Router\Router.php(192): CodeIgniter\Router\Router->autoRoute('KorisnikM/pretr...')
#1 C:\wamp64\www\vaseputovanje\vendor\codeigniter4\framework\system\CodeIgniter.php(785): CodeIgniter\Router\Router->handle('KorisnikM/pretr...')
#2 C:\wamp64\www\vaseputovanje\vendor\codeigniter4\framework\system\CodeIgniter.php(358): CodeIgniter\CodeIgniter->tryToRouteIt(Object(CodeIgniter\Router\RouteCollection))
#3 C:\wamp64\www\vaseputovanje\vendor\codeigniter4\framework\system\CodeIgniter.php(306): CodeIgniter\CodeIgniter->handleRequest(NULL, Object(Config\Cache), false)
#4 C:\wamp64\www\vaseputovanje\public\index.php(45): CodeIgniter\CodeIgniter->run()
#5 C:\wamp64\www\vaseputovanje\vendor\codeigniter4\framework\system\Commands\Server\rewrite.php(34): require_once('C:\\wamp64\\www\\v...')
#6 {main}
CRITICAL - 2020-05-21 10:53:28 --> syntax error, unexpected 'echo' (T_ECHO), expecting ')'
#0 C:\wamp64\www\vaseputovanje\vendor\codeigniter4\framework\system\Router\Router.php(192): CodeIgniter\Router\Router->autoRoute('KorisnikM/pretr...')
#1 C:\wamp64\www\vaseputovanje\vendor\codeigniter4\framework\system\CodeIgniter.php(785): CodeIgniter\Router\Router->handle('KorisnikM/pretr...')
#2 C:\wamp64\www\vaseputovanje\vendor\codeigniter4\framework\system\CodeIgniter.php(358): CodeIgniter\CodeIgniter->tryToRouteIt(Object(CodeIgniter\Router\RouteCollection))
#3 C:\wamp64\www\vaseputovanje\vendor\codeigniter4\framework\system\CodeIgniter.php(306): CodeIgniter\CodeIgniter->handleRequest(NULL, Object(Config\Cache), false)
#4 C:\wamp64\www\vaseputovanje\public\index.php(45): CodeIgniter\CodeIgniter->run()
#5 C:\wamp64\www\vaseputovanje\vendor\codeigniter4\framework\system\Commands\Server\rewrite.php(34): require_once('C:\\wamp64\\www\\v...')
#6 {main}
CRITICAL - 2020-05-21 10:59:38 --> You have an error in your SQL syntax; check the manual that corresponds to your MySQL server version for the right syntax to use near 'putovanje.Saputnik = 'Porodica' and putovanje.Trajanje = '1'' at line 1
#0 C:\wamp64\www\vaseputovanje\vendor\codeigniter4\framework\system\Database\MySQLi\Connection.php(330): mysqli->query('SELECT ImeDrzav...')
#1 C:\wamp64\www\vaseputovanje\vendor\codeigniter4\framework\system\Database\BaseConnection.php(738): CodeIgniter\Database\MySQLi\Connection->execute('SELECT ImeDrzav...')
#2 C:\wamp64\www\vaseputovanje\vendor\codeigniter4\framework\system\Database\BaseConnection.php(666): CodeIgniter\Database\BaseConnection->simpleQuery('SELECT ImeDrzav...')
#3 C:\wamp64\www\vaseputovanje\app\Controllers\KorisnikM.php(263): CodeIgniter\Database\BaseConnection->query('SELECT ImeDrzav...')
#4 C:\wamp64\www\vaseputovanje\vendor\codeigniter4\framework\system\CodeIgniter.php(910): App\Controllers\KorisnikM->pretrazi()
#5 C:\wamp64\www\vaseputovanje\vendor\codeigniter4\framework\system\CodeIgniter.php(398): CodeIgniter\CodeIgniter->runController(Object(App\Controllers\KorisnikM))
#6 C:\wamp64\www\vaseputovanje\vendor\codeigniter4\framework\system\CodeIgniter.php(306): CodeIgniter\CodeIgniter->handleRequest(NULL, Object(Config\Cache), false)
#7 C:\wamp64\www\vaseputovanje\public\index.php(45): CodeIgniter\CodeIgniter->run()
#8 C:\wamp64\www\vaseputovanje\vendor\codeigniter4\framework\system\Commands\Server\rewrite.php(34): require_once('C:\\wamp64\\www\\v...')
#9 {main}
CRITICAL - 2020-05-21 11:18:56 --> You have an error in your SQL syntax; check the manual that corresponds to your MySQL server version for the right syntax to use near 'putovanje.Saputnik = 'Društvo' and putovanje.Trajanje = '1' and putovanje.Donji' at line 1
#0 C:\wamp64\www\vaseputovanje\vendor\codeigniter4\framework\system\Database\MySQLi\Connection.php(330): mysqli->query('SELECT ImeDrzav...')
#1 C:\wamp64\www\vaseputovanje\vendor\codeigniter4\framework\system\Database\BaseConnection.php(738): CodeIgniter\Database\MySQLi\Connection->execute('SELECT ImeDrzav...')
#2 C:\wamp64\www\vaseputovanje\vendor\codeigniter4\framework\system\Database\BaseConnection.php(666): CodeIgniter\Database\BaseConnection->simpleQuery('SELECT ImeDrzav...')
#3 C:\wamp64\www\vaseputovanje\app\Controllers\KorisnikM.php(292): CodeIgniter\Database\BaseConnection->query('SELECT ImeDrzav...')
#4 C:\wamp64\www\vaseputovanje\vendor\codeigniter4\framework\system\CodeIgniter.php(910): App\Controllers\KorisnikM->pretrazi()
#5 C:\wamp64\www\vaseputovanje\vendor\codeigniter4\framework\system\CodeIgniter.php(398): CodeIgniter\CodeIgniter->runController(Object(App\Controllers\KorisnikM))
#6 C:\wamp64\www\vaseputovanje\vendor\codeigniter4\framework\system\CodeIgniter.php(306): CodeIgniter\CodeIgniter->handleRequest(NULL, Object(Config\Cache), false)
#7 C:\wamp64\www\vaseputovanje\public\index.php(45): CodeIgniter\CodeIgniter->run()
#8 C:\wamp64\www\vaseputovanje\vendor\codeigniter4\framework\system\Commands\Server\rewrite.php(34): require_once('C:\\wamp64\\www\\v...')
#9 {main}
CRITICAL - 2020-05-21 11:19:17 --> You have an error in your SQL syntax; check the manual that corresponds to your MySQL server version for the right syntax to use near 'putovanje.Saputnik = 'Porodica' and putovanje.Trajanje = '2' and putovanje.Donji' at line 1
#0 C:\wamp64\www\vaseputovanje\vendor\codeigniter4\framework\system\Database\MySQLi\Connection.php(330): mysqli->query('SELECT ImeDrzav...')
#1 C:\wamp64\www\vaseputovanje\vendor\codeigniter4\framework\system\Database\BaseConnection.php(738): CodeIgniter\Database\MySQLi\Connection->execute('SELECT ImeDrzav...')
#2 C:\wamp64\www\vaseputovanje\vendor\codeigniter4\framework\system\Database\BaseConnection.php(666): CodeIgniter\Database\BaseConnection->simpleQuery('SELECT ImeDrzav...')
#3 C:\wamp64\www\vaseputovanje\app\Controllers\KorisnikM.php(292): CodeIgniter\Database\BaseConnection->query('SELECT ImeDrzav...')
#4 C:\wamp64\www\vaseputovanje\vendor\codeigniter4\framework\system\CodeIgniter.php(910): App\Controllers\KorisnikM->pretrazi()
#5 C:\wamp64\www\vaseputovanje\vendor\codeigniter4\framework\system\CodeIgniter.php(398): CodeIgniter\CodeIgniter->runController(Object(App\Controllers\KorisnikM))
#6 C:\wamp64\www\vaseputovanje\vendor\codeigniter4\framework\system\CodeIgniter.php(306): CodeIgniter\CodeIgniter->handleRequest(NULL, Object(Config\Cache), false)
#7 C:\wamp64\www\vaseputovanje\public\index.php(45): CodeIgniter\CodeIgniter->run()
#8 C:\wamp64\www\vaseputovanje\vendor\codeigniter4\framework\system\Commands\Server\rewrite.php(34): require_once('C:\\wamp64\\www\\v...')
#9 {main}
CRITICAL - 2020-05-21 15:08:00 --> Unknown database 'vaseputovanje'
#0 C:\wamp64\www\vaseputovanje\vaseputovanje\vendor\codeigniter4\framework\system\Database\BaseConnection.php(377): CodeIgniter\Database\MySQLi\Connection->connect(false)
#1 C:\wamp64\www\vaseputovanje\vaseputovanje\vendor\codeigniter4\framework\system\Database\BaseConnection.php(643): CodeIgniter\Database\BaseConnection->initialize()
#2 C:\wamp64\www\vaseputovanje\vaseputovanje\vendor\codeigniter4\framework\system\Database\BaseBuilder.php(1819): CodeIgniter\Database\BaseConnection->query('SELECT *\nFROM `...', Array, false)
#3 C:\wamp64\www\vaseputovanje\vaseputovanje\vendor\codeigniter4\framework\system\Model.php(381): CodeIgniter\Database\BaseBuilder->get()
#4 C:\wamp64\www\vaseputovanje\vaseputovanje\app\Controllers\Gost.php(119): CodeIgniter\Model->find('danilodrobnjak')
#5 C:\wamp64\www\vaseputovanje\vaseputovanje\vendor\codeigniter4\framework\system\CodeIgniter.php(910): App\Controllers\Gost->loginSubmit()
#6 C:\wamp64\www\vaseputovanje\vaseputovanje\vendor\codeigniter4\framework\system\CodeIgniter.php(398): CodeIgniter\CodeIgniter->runController(Object(App\Controllers\Gost))
#7 C:\wamp64\www\vaseputovanje\vaseputovanje\vendor\codeigniter4\framework\system\CodeIgniter.php(306): CodeIgniter\CodeIgniter->handleRequest(NULL, Object(Config\Cache), false)
#8 C:\wamp64\www\vaseputovanje\vaseputovanje\public\index.php(45): CodeIgniter\CodeIgniter->run()
#9 C:\wamp64\www\vaseputovanje\vaseputovanje\vendor\codeigniter4\framework\system\Commands\Server\rewrite.php(34): require_once('C:\\wamp64\\www\\v...')
#10 {main}
CRITICAL - 2020-05-21 15:46:51 --> You must use the "set" method to update an entry.
#0 C:\wamp64\www\vaseputovanje\vaseputovanje\vendor\codeigniter4\framework\system\Database\BaseBuilder.php(2191): CodeIgniter\Database\BaseBuilder->validateInsert()
#1 C:\wamp64\www\vaseputovanje\vaseputovanje\vendor\codeigniter4\framework\system\Model.php(722): CodeIgniter\Database\BaseBuilder->insert()
#2 C:\wamp64\www\vaseputovanje\vaseputovanje\app\Controllers\KorisnikM.php(113): CodeIgniter\Model->insert(Array)
#3 C:\wamp64\www\vaseputovanje\vaseputovanje\vendor\codeigniter4\framework\system\CodeIgniter.php(910): App\Controllers\KorisnikM->zahtevPozitivan()
#4 C:\wamp64\www\vaseputovanje\vaseputovanje\vendor\codeigniter4\framework\system\CodeIgniter.php(398): CodeIgniter\CodeIgniter->runController(Object(App\Controllers\KorisnikM))
#5 C:\wamp64\www\vaseputovanje\vaseputovanje\vendor\codeigniter4\framework\system\CodeIgniter.php(306): CodeIgniter\CodeIgniter->handleRequest(NULL, Object(Config\Cache), false)
#6 C:\wamp64\www\vaseputovanje\vaseputovanje\public\index.php(45): CodeIgniter\CodeIgniter->run()
#7 C:\wamp64\www\vaseputovanje\vaseputovanje\vendor\codeigniter4\framework\system\Commands\Server\rewrite.php(34): require_once('C:\\wamp64\\www\\v...')
#8 {main}
CRITICAL - 2020-05-21 15:49:17 --> Call to a member function insert() on array
#0 C:\wamp64\www\vaseputovanje\vaseputovanje\vendor\codeigniter4\framework\system\CodeIgniter.php(910): App\Controllers\KorisnikM->zahtevPozitivan()
#1 C:\wamp64\www\vaseputovanje\vaseputovanje\vendor\codeigniter4\framework\system\CodeIgniter.php(398): CodeIgniter\CodeIgniter->runController(Object(App\Controllers\KorisnikM))
#2 C:\wamp64\www\vaseputovanje\vaseputovanje\vendor\codeigniter4\framework\system\CodeIgniter.php(306): CodeIgniter\CodeIgniter->handleRequest(NULL, Object(Config\Cache), false)
#3 C:\wamp64\www\vaseputovanje\vaseputovanje\public\index.php(45): CodeIgniter\CodeIgniter->run()
#4 C:\wamp64\www\vaseputovanje\vaseputovanje\vendor\codeigniter4\framework\system\Commands\Server\rewrite.php(34): require_once('C:\\wamp64\\www\\v...')
#5 {main}
CRITICAL - 2020-05-21 15:51:39 --> You must use the "set" method to update an entry.
#0 C:\wamp64\www\vaseputovanje\vaseputovanje\vendor\codeigniter4\framework\system\Database\BaseBuilder.php(2384): CodeIgniter\Database\BaseBuilder->validateUpdate()
#1 C:\wamp64\www\vaseputovanje\vaseputovanje\vendor\codeigniter4\framework\system\Model.php(851): CodeIgniter\Database\BaseBuilder->update()
#2 C:\wamp64\www\vaseputovanje\vaseputovanje\app\Controllers\KorisnikM.php(114): CodeIgniter\Model->update(Object(stdClass), Array)
#3 C:\wamp64\www\vaseputovanje\vaseputovanje\vendor\codeigniter4\framework\system\CodeIgniter.php(910): App\Controllers\KorisnikM->zahtevPozitivan()
#4 C:\wamp64\www\vaseputovanje\vaseputovanje\vendor\codeigniter4\framework\system\CodeIgniter.php(398): CodeIgniter\CodeIgniter->runController(Object(App\Controllers\KorisnikM))
#5 C:\wamp64\www\vaseputovanje\vaseputovanje\vendor\codeigniter4\framework\system\CodeIgniter.php(306): CodeIgniter\CodeIgniter->handleRequest(NULL, Object(Config\Cache), false)
#6 C:\wamp64\www\vaseputovanje\vaseputovanje\public\index.php(45): CodeIgniter\CodeIgniter->run()
#7 C:\wamp64\www\vaseputovanje\vaseputovanje\vendor\codeigniter4\framework\system\Commands\Server\rewrite.php(34): require_once('C:\\wamp64\\www\\v...')
#8 {main}
CRITICAL - 2020-05-21 15:52:10 --> You must use the "set" method to update an entry.
#0 C:\wamp64\www\vaseputovanje\vaseputovanje\vendor\codeigniter4\framework\system\Database\BaseBuilder.php(2384): CodeIgniter\Database\BaseBuilder->validateUpdate()
#1 C:\wamp64\www\vaseputovanje\vaseputovanje\vendor\codeigniter4\framework\system\Model.php(851): CodeIgniter\Database\BaseBuilder->update()
#2 C:\wamp64\www\vaseputovanje\vaseputovanje\app\Controllers\KorisnikM.php(114): CodeIgniter\Model->update(Object(stdClass), Array)
#3 C:\wamp64\www\vaseputovanje\vaseputovanje\vendor\codeigniter4\framework\system\CodeIgniter.php(910): App\Controllers\KorisnikM->zahtevPozitivan()
#4 C:\wamp64\www\vaseputovanje\vaseputovanje\vendor\codeigniter4\framework\system\CodeIgniter.php(398): CodeIgniter\CodeIgniter->runController(Object(App\Controllers\KorisnikM))
#5 C:\wamp64\www\vaseputovanje\vaseputovanje\vendor\codeigniter4\framework\system\CodeIgniter.php(306): CodeIgniter\CodeIgniter->handleRequest(NULL, Object(Config\Cache), false)
#6 C:\wamp64\www\vaseputovanje\vaseputovanje\public\index.php(45): CodeIgniter\CodeIgniter->run()
#7 C:\wamp64\www\vaseputovanje\vaseputovanje\vendor\codeigniter4\framework\system\Commands\Server\rewrite.php(34): require_once('C:\\wamp64\\www\\v...')
#8 {main}
CRITICAL - 2020-05-21 15:55:11 --> You must use the "set" method to update an entry.
#0 C:\wamp64\www\vaseputovanje\vaseputovanje\vendor\codeigniter4\framework\system\Database\BaseBuilder.php(2384): CodeIgniter\Database\BaseBuilder->validateUpdate()
#1 C:\wamp64\www\vaseputovanje\vaseputovanje\vendor\codeigniter4\framework\system\Model.php(851): CodeIgniter\Database\BaseBuilder->update()
#2 C:\wamp64\www\vaseputovanje\vaseputovanje\app\Controllers\KorisnikM.php(114): CodeIgniter\Model->update(Object(stdClass), Array)
#3 C:\wamp64\www\vaseputovanje\vaseputovanje\vendor\codeigniter4\framework\system\CodeIgniter.php(910): App\Controllers\KorisnikM->zahtevPozitivan()
#4 C:\wamp64\www\vaseputovanje\vaseputovanje\vendor\codeigniter4\framework\system\CodeIgniter.php(398): CodeIgniter\CodeIgniter->runController(Object(App\Controllers\KorisnikM))
#5 C:\wamp64\www\vaseputovanje\vaseputovanje\vendor\codeigniter4\framework\system\CodeIgniter.php(306): CodeIgniter\CodeIgniter->handleRequest(NULL, Object(Config\Cache), false)
#6 C:\wamp64\www\vaseputovanje\vaseputovanje\public\index.php(45): CodeIgniter\CodeIgniter->run()
#7 C:\wamp64\www\vaseputovanje\vaseputovanje\vendor\codeigniter4\framework\system\Commands\Server\rewrite.php(34): require_once('C:\\wamp64\\www\\v...')
#8 {main}
CRITICAL - 2020-05-21 15:55:25 --> You must use the "set" method to update an entry.
#0 C:\wamp64\www\vaseputovanje\vaseputovanje\vendor\codeigniter4\framework\system\Database\BaseBuilder.php(2384): CodeIgniter\Database\BaseBuilder->validateUpdate()
#1 C:\wamp64\www\vaseputovanje\vaseputovanje\vendor\codeigniter4\framework\system\Model.php(851): CodeIgniter\Database\BaseBuilder->update()
#2 C:\wamp64\www\vaseputovanje\vaseputovanje\app\Controllers\KorisnikM.php(114): CodeIgniter\Model->update(Array, Array)
#3 C:\wamp64\www\vaseputovanje\vaseputovanje\vendor\codeigniter4\framework\system\CodeIgniter.php(910): App\Controllers\KorisnikM->zahtevPozitivan()
#4 C:\wamp64\www\vaseputovanje\vaseputovanje\vendor\codeigniter4\framework\system\CodeIgniter.php(398): CodeIgniter\CodeIgniter->runController(Object(App\Controllers\KorisnikM))
#5 C:\wamp64\www\vaseputovanje\vaseputovanje\vendor\codeigniter4\framework\system\CodeIgniter.php(306): CodeIgniter\CodeIgniter->handleRequest(NULL, Object(Config\Cache), false)
#6 C:\wamp64\www\vaseputovanje\vaseputovanje\public\index.php(45): CodeIgniter\CodeIgniter->run()
#7 C:\wamp64\www\vaseputovanje\vaseputovanje\vendor\codeigniter4\framework\system\Commands\Server\rewrite.php(34): require_once('C:\\wamp64\\www\\v...')
#8 {main}
CRITICAL - 2020-05-21 15:55:28 --> You must use the "set" method to update an entry.
#0 C:\wamp64\www\vaseputovanje\vaseputovanje\vendor\codeigniter4\framework\system\Database\BaseBuilder.php(2384): CodeIgniter\Database\BaseBuilder->validateUpdate()
#1 C:\wamp64\www\vaseputovanje\vaseputovanje\vendor\codeigniter4\framework\system\Model.php(851): CodeIgniter\Database\BaseBuilder->update()
#2 C:\wamp64\www\vaseputovanje\vaseputovanje\app\Controllers\KorisnikM.php(114): CodeIgniter\Model->update(Array, Array)
#3 C:\wamp64\www\vaseputovanje\vaseputovanje\vendor\codeigniter4\framework\system\CodeIgniter.php(910): App\Controllers\KorisnikM->zahtevPozitivan()
#4 C:\wamp64\www\vaseputovanje\vaseputovanje\vendor\codeigniter4\framework\system\CodeIgniter.php(398): CodeIgniter\CodeIgniter->runController(Object(App\Controllers\KorisnikM))
#5 C:\wamp64\www\vaseputovanje\vaseputovanje\vendor\codeigniter4\framework\system\CodeIgniter.php(306): CodeIgniter\CodeIgniter->handleRequest(NULL, Object(Config\Cache), false)
#6 C:\wamp64\www\vaseputovanje\vaseputovanje\public\index.php(45): CodeIgniter\CodeIgniter->run()
#7 C:\wamp64\www\vaseputovanje\vaseputovanje\vendor\codeigniter4\framework\system\Commands\Server\rewrite.php(34): require_once('C:\\wamp64\\www\\v...')
#8 {main}
CRITICAL - 2020-05-21 15:56:11 --> You must use the "set" method to update an entry.
#0 C:\wamp64\www\vaseputovanje\vaseputovanje\vendor\codeigniter4\framework\system\Database\BaseBuilder.php(2384): CodeIgniter\Database\BaseBuilder->validateUpdate()
#1 C:\wamp64\www\vaseputovanje\vaseputovanje\vendor\codeigniter4\framework\system\Model.php(851): CodeIgniter\Database\BaseBuilder->update()
#2 C:\wamp64\www\vaseputovanje\vaseputovanje\app\Controllers\KorisnikM.php(114): CodeIgniter\Model->update(Array, Array)
#3 C:\wamp64\www\vaseputovanje\vaseputovanje\vendor\codeigniter4\framework\system\CodeIgniter.php(910): App\Controllers\KorisnikM->zahtevPozitivan()
#4 C:\wamp64\www\vaseputovanje\vaseputovanje\vendor\codeigniter4\framework\system\CodeIgniter.php(398): CodeIgniter\CodeIgniter->runController(Object(App\Controllers\KorisnikM))
#5 C:\wamp64\www\vaseputovanje\vaseputovanje\vendor\codeigniter4\framework\system\CodeIgniter.php(306): CodeIgniter\CodeIgniter->handleRequest(NULL, Object(Config\Cache), false)
#6 C:\wamp64\www\vaseputovanje\vaseputovanje\public\index.php(45): CodeIgniter\CodeIgniter->run()
#7 C:\wamp64\www\vaseputovanje\vaseputovanje\vendor\codeigniter4\framework\system\Commands\Server\rewrite.php(34): require_once('C:\\wamp64\\www\\v...')
#8 {main}
CRITICAL - 2020-05-21 15:58:14 --> You must use the "set" method to update an entry.
#0 C:\wamp64\www\vaseputovanje\vaseputovanje\vendor\codeigniter4\framework\system\Database\BaseBuilder.php(2384): CodeIgniter\Database\BaseBuilder->validateUpdate()
#1 C:\wamp64\www\vaseputovanje\vaseputovanje\vendor\codeigniter4\framework\system\Model.php(851): CodeIgniter\Database\BaseBuilder->update()
#2 C:\wamp64\www\vaseputovanje\vaseputovanje\app\Controllers\KorisnikM.php(114): CodeIgniter\Model->update(Array, Array)
#3 C:\wamp64\www\vaseputovanje\vaseputovanje\vendor\codeigniter4\framework\system\CodeIgniter.php(910): App\Controllers\KorisnikM->zahtevPozitivan()
#4 C:\wamp64\www\vaseputovanje\vaseputovanje\vendor\codeigniter4\framework\system\CodeIgniter.php(398): CodeIgniter\CodeIgniter->runController(Object(App\Controllers\KorisnikM))
#5 C:\wamp64\www\vaseputovanje\vaseputovanje\vendor\codeigniter4\framework\system\CodeIgniter.php(306): CodeIgniter\CodeIgniter->handleRequest(NULL, Object(Config\Cache), false)
#6 C:\wamp64\www\vaseputovanje\vaseputovanje\public\index.php(45): CodeIgniter\CodeIgniter->run()
#7 C:\wamp64\www\vaseputovanje\vaseputovanje\vendor\codeigniter4\framework\system\Commands\Server\rewrite.php(34): require_once('C:\\wamp64\\www\\v...')
#8 {main}
CRITICAL - 2020-05-21 15:58:17 --> You must use the "set" method to update an entry.
#0 C:\wamp64\www\vaseputovanje\vaseputovanje\vendor\codeigniter4\framework\system\Database\BaseBuilder.php(2384): CodeIgniter\Database\BaseBuilder->validateUpdate()
#1 C:\wamp64\www\vaseputovanje\vaseputovanje\vendor\codeigniter4\framework\system\Model.php(851): CodeIgniter\Database\BaseBuilder->update()
#2 C:\wamp64\www\vaseputovanje\vaseputovanje\app\Controllers\KorisnikM.php(114): CodeIgniter\Model->update(Array, Array)
#3 C:\wamp64\www\vaseputovanje\vaseputovanje\vendor\codeigniter4\framework\system\CodeIgniter.php(910): App\Controllers\KorisnikM->zahtevPozitivan()
#4 C:\wamp64\www\vaseputovanje\vaseputovanje\vendor\codeigniter4\framework\system\CodeIgniter.php(398): CodeIgniter\CodeIgniter->runController(Object(App\Controllers\KorisnikM))
#5 C:\wamp64\www\vaseputovanje\vaseputovanje\vendor\codeigniter4\framework\system\CodeIgniter.php(306): CodeIgniter\CodeIgniter->handleRequest(NULL, Object(Config\Cache), false)
#6 C:\wamp64\www\vaseputovanje\vaseputovanje\public\index.php(45): CodeIgniter\CodeIgniter->run()
#7 C:\wamp64\www\vaseputovanje\vaseputovanje\vendor\codeigniter4\framework\system\Commands\Server\rewrite.php(34): require_once('C:\\wamp64\\www\\v...')
#8 {main}
CRITICAL - 2020-05-21 15:58:55 --> Unknown column 'Zahtev' in 'field list'
#0 C:\wamp64\www\vaseputovanje\vaseputovanje\vendor\codeigniter4\framework\system\Database\MySQLi\Connection.php(330): mysqli->query('UPDATE `korisni...')
#1 C:\wamp64\www\vaseputovanje\vaseputovanje\vendor\codeigniter4\framework\system\Database\BaseConnection.php(738): CodeIgniter\Database\MySQLi\Connection->execute('UPDATE `korisni...')
#2 C:\wamp64\www\vaseputovanje\vaseputovanje\vendor\codeigniter4\framework\system\Database\BaseConnection.php(666): CodeIgniter\Database\BaseConnection->simpleQuery('UPDATE `korisni...')
#3 C:\wamp64\www\vaseputovanje\vaseputovanje\vendor\codeigniter4\framework\system\Database\BaseBuilder.php(2410): CodeIgniter\Database\BaseConnection->query('UPDATE `korisni...', Array, false)
#4 C:\wamp64\www\vaseputovanje\vaseputovanje\vendor\codeigniter4\framework\system\Model.php(851): CodeIgniter\Database\BaseBuilder->update()
#5 C:\wamp64\www\vaseputovanje\vaseputovanje\app\Controllers\KorisnikM.php(114): CodeIgniter\Model->update(Array, Array)
#6 C:\wamp64\www\vaseputovanje\vaseputovanje\vendor\codeigniter4\framework\system\CodeIgniter.php(910): App\Controllers\KorisnikM->zahtevPozitivan()
#7 C:\wamp64\www\vaseputovanje\vaseputovanje\vendor\codeigniter4\framework\system\CodeIgniter.php(398): CodeIgniter\CodeIgniter->runController(Object(App\Controllers\KorisnikM))
#8 C:\wamp64\www\vaseputovanje\vaseputovanje\vendor\codeigniter4\framework\system\CodeIgniter.php(306): CodeIgniter\CodeIgniter->handleRequest(NULL, Object(Config\Cache), false)
#9 C:\wamp64\www\vaseputovanje\vaseputovanje\public\index.php(45): CodeIgniter\CodeIgniter->run()
#10 C:\wamp64\www\vaseputovanje\vaseputovanje\vendor\codeigniter4\framework\system\Commands\Server\rewrite.php(34): require_once('C:\\wamp64\\www\\v...')
#11 {main}
CRITICAL - 2020-05-21 16:00:07 --> Unknown column 'Zahtev' in 'field list'
#0 C:\wamp64\www\vaseputovanje\vaseputovanje\vendor\codeigniter4\framework\system\Database\MySQLi\Connection.php(330): mysqli->query('UPDATE `korisni...')
#1 C:\wamp64\www\vaseputovanje\vaseputovanje\vendor\codeigniter4\framework\system\Database\BaseConnection.php(738): CodeIgniter\Database\MySQLi\Connection->execute('UPDATE `korisni...')
#2 C:\wamp64\www\vaseputovanje\vaseputovanje\vendor\codeigniter4\framework\system\Database\BaseConnection.php(666): CodeIgniter\Database\BaseConnection->simpleQuery('UPDATE `korisni...')
#3 C:\wamp64\www\vaseputovanje\vaseputovanje\vendor\codeigniter4\framework\system\Database\BaseBuilder.php(2410): CodeIgniter\Database\BaseConnection->query('UPDATE `korisni...', Array, false)
#4 C:\wamp64\www\vaseputovanje\vaseputovanje\vendor\codeigniter4\framework\system\Model.php(851): CodeIgniter\Database\BaseBuilder->update()
#5 C:\wamp64\www\vaseputovanje\vaseputovanje\app\Controllers\KorisnikM.php(114): CodeIgniter\Model->update(Array, Array)
#6 C:\wamp64\www\vaseputovanje\vaseputovanje\vendor\codeigniter4\framework\system\CodeIgniter.php(910): App\Controllers\KorisnikM->zahtevPozitivan()
#7 C:\wamp64\www\vaseputovanje\vaseputovanje\vendor\codeigniter4\framework\system\CodeIgniter.php(398): CodeIgniter\CodeIgniter->runController(Object(App\Controllers\KorisnikM))
#8 C:\wamp64\www\vaseputovanje\vaseputovanje\vendor\codeigniter4\framework\system\CodeIgniter.php(306): CodeIgniter\CodeIgniter->handleRequest(NULL, Object(Config\Cache), false)
#9 C:\wamp64\www\vaseputovanje\vaseputovanje\public\index.php(45): CodeIgniter\CodeIgniter->run()
#10 C:\wamp64\www\vaseputovanje\vaseputovanje\vendor\codeigniter4\framework\system\Commands\Server\rewrite.php(34): require_once('C:\\wamp64\\www\\v...')
#11 {main}
CRITICAL - 2020-05-21 16:01:31 --> Unknown column 'Zahtev' in 'field list'
#0 C:\wamp64\www\vaseputovanje\vaseputovanje\vendor\codeigniter4\framework\system\Database\MySQLi\Connection.php(330): mysqli->query('UPDATE `korisni...')
#1 C:\wamp64\www\vaseputovanje\vaseputovanje\vendor\codeigniter4\framework\system\Database\BaseConnection.php(738): CodeIgniter\Database\MySQLi\Connection->execute('UPDATE `korisni...')
#2 C:\wamp64\www\vaseputovanje\vaseputovanje\vendor\codeigniter4\framework\system\Database\BaseConnection.php(666): CodeIgniter\Database\BaseConnection->simpleQuery('UPDATE `korisni...')
#3 C:\wamp64\www\vaseputovanje\vaseputovanje\vendor\codeigniter4\framework\system\Database\BaseBuilder.php(2410): CodeIgniter\Database\BaseConnection->query('UPDATE `korisni...', Array, false)
#4 C:\wamp64\www\vaseputovanje\vaseputovanje\vendor\codeigniter4\framework\system\Model.php(851): CodeIgniter\Database\BaseBuilder->update()
#5 C:\wamp64\www\vaseputovanje\vaseputovanje\app\Controllers\KorisnikM.php(114): CodeIgniter\Model->update(Array, Array)
#6 C:\wamp64\www\vaseputovanje\vaseputovanje\vendor\codeigniter4\framework\system\CodeIgniter.php(910): App\Controllers\KorisnikM->zahtevPozitivan()
#7 C:\wamp64\www\vaseputovanje\vaseputovanje\vendor\codeigniter4\framework\system\CodeIgniter.php(398): CodeIgniter\CodeIgniter->runController(Object(App\Controllers\KorisnikM))
#8 C:\wamp64\www\vaseputovanje\vaseputovanje\vendor\codeigniter4\framework\system\CodeIgniter.php(306): CodeIgniter\CodeIgniter->handleRequest(NULL, Object(Config\Cache), false)
#9 C:\wamp64\www\vaseputovanje\vaseputovanje\public\index.php(45): CodeIgniter\CodeIgniter->run()
#10 C:\wamp64\www\vaseputovanje\vaseputovanje\vendor\codeigniter4\framework\system\Commands\Server\rewrite.php(34): require_once('C:\\wamp64\\www\\v...')
#11 {main}
CRITICAL - 2020-05-21 16:01:34 --> Unknown column 'Zahtev' in 'field list'
#0 C:\wamp64\www\vaseputovanje\vaseputovanje\vendor\codeigniter4\framework\system\Database\MySQLi\Connection.php(330): mysqli->query('UPDATE `korisni...')
#1 C:\wamp64\www\vaseputovanje\vaseputovanje\vendor\codeigniter4\framework\system\Database\BaseConnection.php(738): CodeIgniter\Database\MySQLi\Connection->execute('UPDATE `korisni...')
#2 C:\wamp64\www\vaseputovanje\vaseputovanje\vendor\codeigniter4\framework\system\Database\BaseConnection.php(666): CodeIgniter\Database\BaseConnection->simpleQuery('UPDATE `korisni...')
#3 C:\wamp64\www\vaseputovanje\vaseputovanje\vendor\codeigniter4\framework\system\Database\BaseBuilder.php(2410): CodeIgniter\Database\BaseConnection->query('UPDATE `korisni...', Array, false)
#4 C:\wamp64\www\vaseputovanje\vaseputovanje\vendor\codeigniter4\framework\system\Model.php(851): CodeIgniter\Database\BaseBuilder->update()
#5 C:\wamp64\www\vaseputovanje\vaseputovanje\app\Controllers\KorisnikM.php(114): CodeIgniter\Model->update(Array, Array)
#6 C:\wamp64\www\vaseputovanje\vaseputovanje\vendor\codeigniter4\framework\system\CodeIgniter.php(910): App\Controllers\KorisnikM->zahtevPozitivan()
#7 C:\wamp64\www\vaseputovanje\vaseputovanje\vendor\codeigniter4\framework\system\CodeIgniter.php(398): CodeIgniter\CodeIgniter->runController(Object(App\Controllers\KorisnikM))
#8 C:\wamp64\www\vaseputovanje\vaseputovanje\vendor\codeigniter4\framework\system\CodeIgniter.php(306): CodeIgniter\CodeIgniter->handleRequest(NULL, Object(Config\Cache), false)
#9 C:\wamp64\www\vaseputovanje\vaseputovanje\public\index.php(45): CodeIgniter\CodeIgniter->run()
#10 C:\wamp64\www\vaseputovanje\vaseputovanje\vendor\codeigniter4\framework\system\Commands\Server\rewrite.php(34): require_once('C:\\wamp64\\www\\v...')
#11 {main}
CRITICAL - 2020-05-21 16:02:08 --> Unknown column 'Zahtev' in 'field list'
#0 C:\wamp64\www\vaseputovanje\vaseputovanje\vendor\codeigniter4\framework\system\Database\MySQLi\Connection.php(330): mysqli->query('UPDATE `korisni...')
#1 C:\wamp64\www\vaseputovanje\vaseputovanje\vendor\codeigniter4\framework\system\Database\BaseConnection.php(738): CodeIgniter\Database\MySQLi\Connection->execute('UPDATE `korisni...')
#2 C:\wamp64\www\vaseputovanje\vaseputovanje\vendor\codeigniter4\framework\system\Database\BaseConnection.php(666): CodeIgniter\Database\BaseConnection->simpleQuery('UPDATE `korisni...')
#3 C:\wamp64\www\vaseputovanje\vaseputovanje\vendor\codeigniter4\framework\system\Database\BaseBuilder.php(2410): CodeIgniter\Database\BaseConnection->query('UPDATE `korisni...', Array, false)
#4 C:\wamp64\www\vaseputovanje\vaseputovanje\vendor\codeigniter4\framework\system\Model.php(851): CodeIgniter\Database\BaseBuilder->update()
#5 C:\wamp64\www\vaseputovanje\vaseputovanje\app\Controllers\KorisnikM.php(114): CodeIgniter\Model->update(Array, Array)
#6 C:\wamp64\www\vaseputovanje\vaseputovanje\vendor\codeigniter4\framework\system\CodeIgniter.php(910): App\Controllers\KorisnikM->zahtevPozitivan()
#7 C:\wamp64\www\vaseputovanje\vaseputovanje\vendor\codeigniter4\framework\system\CodeIgniter.php(398): CodeIgniter\CodeIgniter->runController(Object(App\Controllers\KorisnikM))
#8 C:\wamp64\www\vaseputovanje\vaseputovanje\vendor\codeigniter4\framework\system\CodeIgniter.php(306): CodeIgniter\CodeIgniter->handleRequest(NULL, Object(Config\Cache), false)
#9 C:\wamp64\www\vaseputovanje\vaseputovanje\public\index.php(45): CodeIgniter\CodeIgniter->run()
#10 C:\wamp64\www\vaseputovanje\vaseputovanje\vendor\codeigniter4\framework\system\Commands\Server\rewrite.php(34): require_once('C:\\wamp64\\www\\v...')
#11 {main}
CRITICAL - 2020-05-21 16:14:02 --> Trying to get property 'Zahtev' of non-object
#0 C:\wamp64\www\vaseputovanje\vaseputovanje\app\Controllers\KorisnikM.php(114): CodeIgniter\Debug\Exceptions->errorHandler(8, 'Trying to get p...', 'C:\\wamp64\\www\\v...', 114, Array)
#1 C:\wamp64\www\vaseputovanje\vaseputovanje\vendor\codeigniter4\framework\system\CodeIgniter.php(910): App\Controllers\KorisnikM->zahtevPozitivan()
#2 C:\wamp64\www\vaseputovanje\vaseputovanje\vendor\codeigniter4\framework\system\CodeIgniter.php(398): CodeIgniter\CodeIgniter->runController(Object(App\Controllers\KorisnikM))
#3 C:\wamp64\www\vaseputovanje\vaseputovanje\vendor\codeigniter4\framework\system\CodeIgniter.php(306): CodeIgniter\CodeIgniter->handleRequest(NULL, Object(Config\Cache), false)
#4 C:\wamp64\www\vaseputovanje\vaseputovanje\public\index.php(45): CodeIgniter\CodeIgniter->run()
#5 C:\wamp64\www\vaseputovanje\vaseputovanje\vendor\codeigniter4\framework\system\Commands\Server\rewrite.php(34): require_once('C:\\wamp64\\www\\v...')
#6 {main}
