CRITICAL - 2020-05-16 14:45:35 --> Undefined variable: autor
#0 C:\wamp64\www\vpnb\etfvest\app\Views\sablon\header_korisnik.php(10): CodeIgniter\Debug\Exceptions->errorHandler(8, 'Undefined varia...', 'C:\\wamp64\\www\\v...', 10, Array)
#1 C:\wamp64\www\vpnb\etfvest\vendor\codeigniter4\framework\system\View\View.php(236): include('C:\\wamp64\\www\\v...')
#2 C:\wamp64\www\vpnb\etfvest\vendor\codeigniter4\framework\system\Common.php(1071): CodeIgniter\View\View->render('sablon/header_k...', Array, true)
#3 C:\wamp64\www\vpnb\etfvest\app\Controllers\KorisnikM.php(18): view('sablon/header_k...', Array)
#4 C:\wamp64\www\vpnb\etfvest\app\Controllers\KorisnikM.php(13): App\Controllers\KorisnikM->prikaz('pocetnaKorisnik', Array)
#5 C:\wamp64\www\vpnb\etfvest\vendor\codeigniter4\framework\system\CodeIgniter.php(910): App\Controllers\KorisnikM->index()
#6 C:\wamp64\www\vpnb\etfvest\vendor\codeigniter4\framework\system\CodeIgniter.php(398): CodeIgniter\CodeIgniter->runController(Object(App\Controllers\KorisnikM))
#7 C:\wamp64\www\vpnb\etfvest\vendor\codeigniter4\framework\system\CodeIgniter.php(306): CodeIgniter\CodeIgniter->handleRequest(NULL, Object(Config\Cache), false)
#8 C:\wamp64\www\vpnb\etfvest\public\index.php(45): CodeIgniter\CodeIgniter->run()
#9 C:\wamp64\www\vpnb\etfvest\vendor\codeigniter4\framework\system\Commands\Server\rewrite.php(34): require_once('C:\\wamp64\\www\\v...')
#10 {main}
CRITICAL - 2020-05-16 14:46:14 --> Undefined variable: kor
#0 C:\wamp64\www\vpnb\etfvest\app\Views\stranice\pocetnaKorisnik.php(4): CodeIgniter\Debug\Exceptions->errorHandler(8, 'Undefined varia...', 'C:\\wamp64\\www\\v...', 4, Array)
#1 C:\wamp64\www\vpnb\etfvest\vendor\codeigniter4\framework\system\View\View.php(236): include('C:\\wamp64\\www\\v...')
#2 C:\wamp64\www\vpnb\etfvest\vendor\codeigniter4\framework\system\Common.php(1071): CodeIgniter\View\View->render('stranice/pocetn...', Array, true)
#3 C:\wamp64\www\vpnb\etfvest\app\Controllers\KorisnikM.php(19): view('stranice/pocetn...', Array)
#4 C:\wamp64\www\vpnb\etfvest\app\Controllers\KorisnikM.php(13): App\Controllers\KorisnikM->prikaz('pocetnaKorisnik', Array)
#5 C:\wamp64\www\vpnb\etfvest\vendor\codeigniter4\framework\system\CodeIgniter.php(910): App\Controllers\KorisnikM->index()
#6 C:\wamp64\www\vpnb\etfvest\vendor\codeigniter4\framework\system\CodeIgniter.php(398): CodeIgniter\CodeIgniter->runController(Object(App\Controllers\KorisnikM))
#7 C:\wamp64\www\vpnb\etfvest\vendor\codeigniter4\framework\system\CodeIgniter.php(306): CodeIgniter\CodeIgniter->handleRequest(NULL, Object(Config\Cache), false)
#8 C:\wamp64\www\vpnb\etfvest\public\index.php(45): CodeIgniter\CodeIgniter->run()
#9 C:\wamp64\www\vpnb\etfvest\vendor\codeigniter4\framework\system\Commands\Server\rewrite.php(34): require_once('C:\\wamp64\\www\\v...')
#10 {main}
CRITICAL - 2020-05-16 14:46:48 --> Undefined variable: kor
#0 C:\wamp64\www\vpnb\etfvest\app\Views\stranice\pocetnaKorisnik.php(4): CodeIgniter\Debug\Exceptions->errorHandler(8, 'Undefined varia...', 'C:\\wamp64\\www\\v...', 4, Array)
#1 C:\wamp64\www\vpnb\etfvest\vendor\codeigniter4\framework\system\View\View.php(236): include('C:\\wamp64\\www\\v...')
#2 C:\wamp64\www\vpnb\etfvest\vendor\codeigniter4\framework\system\Common.php(1071): CodeIgniter\View\View->render('stranice/pocetn...', Array, true)
#3 C:\wamp64\www\vpnb\etfvest\app\Controllers\KorisnikM.php(19): view('stranice/pocetn...', Array)
#4 C:\wamp64\www\vpnb\etfvest\app\Controllers\KorisnikM.php(13): App\Controllers\KorisnikM->prikaz('pocetnaKorisnik', Array)
#5 C:\wamp64\www\vpnb\etfvest\vendor\codeigniter4\framework\system\CodeIgniter.php(910): App\Controllers\KorisnikM->index()
#6 C:\wamp64\www\vpnb\etfvest\vendor\codeigniter4\framework\system\CodeIgniter.php(398): CodeIgniter\CodeIgniter->runController(Object(App\Controllers\KorisnikM))
#7 C:\wamp64\www\vpnb\etfvest\vendor\codeigniter4\framework\system\CodeIgniter.php(306): CodeIgniter\CodeIgniter->handleRequest(NULL, Object(Config\Cache), false)
#8 C:\wamp64\www\vpnb\etfvest\public\index.php(45): CodeIgniter\CodeIgniter->run()
#9 C:\wamp64\www\vpnb\etfvest\vendor\codeigniter4\framework\system\Commands\Server\rewrite.php(34): require_once('C:\\wamp64\\www\\v...')
#10 {main}
CRITICAL - 2020-05-16 14:54:18 --> Undefined variable: kor
#0 C:\wamp64\www\vpnb\etfvest\app\Controllers\KorisnikM.php(13): CodeIgniter\Debug\Exceptions->errorHandler(8, 'Undefined varia...', 'C:\\wamp64\\www\\v...', 13, Array)
#1 C:\wamp64\www\vpnb\etfvest\vendor\codeigniter4\framework\system\CodeIgniter.php(910): App\Controllers\KorisnikM->index()
#2 C:\wamp64\www\vpnb\etfvest\vendor\codeigniter4\framework\system\CodeIgniter.php(398): CodeIgniter\CodeIgniter->runController(Object(App\Controllers\KorisnikM))
#3 C:\wamp64\www\vpnb\etfvest\vendor\codeigniter4\framework\system\CodeIgniter.php(306): CodeIgniter\CodeIgniter->handleRequest(NULL, Object(Config\Cache), false)
#4 C:\wamp64\www\vpnb\etfvest\public\index.php(45): CodeIgniter\CodeIgniter->run()
#5 C:\wamp64\www\vpnb\etfvest\vendor\codeigniter4\framework\system\Commands\Server\rewrite.php(34): require_once('C:\\wamp64\\www\\v...')
#6 {main}
CRITICAL - 2020-05-16 14:54:37 --> Undefined variable: kor
#0 C:\wamp64\www\vpnb\etfvest\app\Controllers\KorisnikM.php(13): CodeIgniter\Debug\Exceptions->errorHandler(8, 'Undefined varia...', 'C:\\wamp64\\www\\v...', 13, Array)
#1 C:\wamp64\www\vpnb\etfvest\vendor\codeigniter4\framework\system\CodeIgniter.php(910): App\Controllers\KorisnikM->index()
#2 C:\wamp64\www\vpnb\etfvest\vendor\codeigniter4\framework\system\CodeIgniter.php(398): CodeIgniter\CodeIgniter->runController(Object(App\Controllers\KorisnikM))
#3 C:\wamp64\www\vpnb\etfvest\vendor\codeigniter4\framework\system\CodeIgniter.php(306): CodeIgniter\CodeIgniter->handleRequest(NULL, Object(Config\Cache), false)
#4 C:\wamp64\www\vpnb\etfvest\public\index.php(45): CodeIgniter\CodeIgniter->run()
#5 C:\wamp64\www\vpnb\etfvest\vendor\codeigniter4\framework\system\Commands\Server\rewrite.php(34): require_once('C:\\wamp64\\www\\v...')
#6 {main}
CRITICAL - 2020-05-16 14:54:46 --> Undefined variable: kor
#0 C:\wamp64\www\vpnb\etfvest\app\Views\stranice\pocetnaKorisnik.php(6): CodeIgniter\Debug\Exceptions->errorHandler(8, 'Undefined varia...', 'C:\\wamp64\\www\\v...', 6, Array)
#1 C:\wamp64\www\vpnb\etfvest\vendor\codeigniter4\framework\system\View\View.php(236): include('C:\\wamp64\\www\\v...')
#2 C:\wamp64\www\vpnb\etfvest\vendor\codeigniter4\framework\system\Common.php(1071): CodeIgniter\View\View->render('stranice/pocetn...', Array, true)
#3 C:\wamp64\www\vpnb\etfvest\app\Controllers\KorisnikM.php(19): view('stranice/pocetn...', Array)
#4 C:\wamp64\www\vpnb\etfvest\app\Controllers\KorisnikM.php(13): App\Controllers\KorisnikM->prikaz('pocetnaKorisnik', Array)
#5 C:\wamp64\www\vpnb\etfvest\vendor\codeigniter4\framework\system\CodeIgniter.php(910): App\Controllers\KorisnikM->index()
#6 C:\wamp64\www\vpnb\etfvest\vendor\codeigniter4\framework\system\CodeIgniter.php(398): CodeIgniter\CodeIgniter->runController(Object(App\Controllers\KorisnikM))
#7 C:\wamp64\www\vpnb\etfvest\vendor\codeigniter4\framework\system\CodeIgniter.php(306): CodeIgniter\CodeIgniter->handleRequest(NULL, Object(Config\Cache), false)
#8 C:\wamp64\www\vpnb\etfvest\public\index.php(45): CodeIgniter\CodeIgniter->run()
#9 C:\wamp64\www\vpnb\etfvest\vendor\codeigniter4\framework\system\Commands\Server\rewrite.php(34): require_once('C:\\wamp64\\www\\v...')
#10 {main}
CRITICAL - 2020-05-16 15:01:22 --> Undefined variable: kor
#0 C:\wamp64\www\vpnb\etfvest\app\Views\stranice\pocetnaKorisnik.php(6): CodeIgniter\Debug\Exceptions->errorHandler(8, 'Undefined varia...', 'C:\\wamp64\\www\\v...', 6, Array)
#1 C:\wamp64\www\vpnb\etfvest\vendor\codeigniter4\framework\system\View\View.php(236): include('C:\\wamp64\\www\\v...')
#2 C:\wamp64\www\vpnb\etfvest\vendor\codeigniter4\framework\system\Common.php(1071): CodeIgniter\View\View->render('stranice/pocetn...', Array, true)
#3 C:\wamp64\www\vpnb\etfvest\app\Controllers\KorisnikM.php(18): view('stranice/pocetn...', Array)
#4 C:\wamp64\www\vpnb\etfvest\app\Controllers\KorisnikM.php(11): App\Controllers\KorisnikM->prikaz('pocetnaKorisnik', Array)
#5 C:\wamp64\www\vpnb\etfvest\vendor\codeigniter4\framework\system\CodeIgniter.php(910): App\Controllers\KorisnikM->index()
#6 C:\wamp64\www\vpnb\etfvest\vendor\codeigniter4\framework\system\CodeIgniter.php(398): CodeIgniter\CodeIgniter->runController(Object(App\Controllers\KorisnikM))
#7 C:\wamp64\www\vpnb\etfvest\vendor\codeigniter4\framework\system\CodeIgniter.php(306): CodeIgniter\CodeIgniter->handleRequest(NULL, Object(Config\Cache), false)
#8 C:\wamp64\www\vpnb\etfvest\public\index.php(45): CodeIgniter\CodeIgniter->run()
#9 C:\wamp64\www\vpnb\etfvest\vendor\codeigniter4\framework\system\Commands\Server\rewrite.php(34): require_once('C:\\wamp64\\www\\v...')
#10 {main}
CRITICAL - 2020-05-16 15:01:24 --> Undefined variable: kor
#0 C:\wamp64\www\vpnb\etfvest\app\Views\stranice\pocetnaKorisnik.php(6): CodeIgniter\Debug\Exceptions->errorHandler(8, 'Undefined varia...', 'C:\\wamp64\\www\\v...', 6, Array)
#1 C:\wamp64\www\vpnb\etfvest\vendor\codeigniter4\framework\system\View\View.php(236): include('C:\\wamp64\\www\\v...')
#2 C:\wamp64\www\vpnb\etfvest\vendor\codeigniter4\framework\system\Common.php(1071): CodeIgniter\View\View->render('stranice/pocetn...', Array, true)
#3 C:\wamp64\www\vpnb\etfvest\app\Controllers\KorisnikM.php(18): view('stranice/pocetn...', Array)
#4 C:\wamp64\www\vpnb\etfvest\app\Controllers\KorisnikM.php(11): App\Controllers\KorisnikM->prikaz('pocetnaKorisnik', Array)
#5 C:\wamp64\www\vpnb\etfvest\vendor\codeigniter4\framework\system\CodeIgniter.php(910): App\Controllers\KorisnikM->index()
#6 C:\wamp64\www\vpnb\etfvest\vendor\codeigniter4\framework\system\CodeIgniter.php(398): CodeIgniter\CodeIgniter->runController(Object(App\Controllers\KorisnikM))
#7 C:\wamp64\www\vpnb\etfvest\vendor\codeigniter4\framework\system\CodeIgniter.php(306): CodeIgniter\CodeIgniter->handleRequest(NULL, Object(Config\Cache), false)
#8 C:\wamp64\www\vpnb\etfvest\public\index.php(45): CodeIgniter\CodeIgniter->run()
#9 C:\wamp64\www\vpnb\etfvest\vendor\codeigniter4\framework\system\Commands\Server\rewrite.php(34): require_once('C:\\wamp64\\www\\v...')
#10 {main}
CRITICAL - 2020-05-16 15:03:10 --> Undefined variable: kor
#0 C:\wamp64\www\vpnb\etfvest\app\Views\stranice\pocetnaKorisnik.php(6): CodeIgniter\Debug\Exceptions->errorHandler(8, 'Undefined varia...', 'C:\\wamp64\\www\\v...', 6, Array)
#1 C:\wamp64\www\vpnb\etfvest\vendor\codeigniter4\framework\system\View\View.php(236): include('C:\\wamp64\\www\\v...')
#2 C:\wamp64\www\vpnb\etfvest\vendor\codeigniter4\framework\system\Common.php(1071): CodeIgniter\View\View->render('stranice/pocetn...', Array, true)
#3 C:\wamp64\www\vpnb\etfvest\app\Controllers\KorisnikM.php(18): view('stranice/pocetn...', Array)
#4 C:\wamp64\www\vpnb\etfvest\app\Controllers\KorisnikM.php(11): App\Controllers\KorisnikM->prikaz('pocetnaKorisnik', Array)
#5 C:\wamp64\www\vpnb\etfvest\vendor\codeigniter4\framework\system\CodeIgniter.php(910): App\Controllers\KorisnikM->index()
#6 C:\wamp64\www\vpnb\etfvest\vendor\codeigniter4\framework\system\CodeIgniter.php(398): CodeIgniter\CodeIgniter->runController(Object(App\Controllers\KorisnikM))
#7 C:\wamp64\www\vpnb\etfvest\vendor\codeigniter4\framework\system\CodeIgniter.php(306): CodeIgniter\CodeIgniter->handleRequest(NULL, Object(Config\Cache), false)
#8 C:\wamp64\www\vpnb\etfvest\public\index.php(45): CodeIgniter\CodeIgniter->run()
#9 C:\wamp64\www\vpnb\etfvest\vendor\codeigniter4\framework\system\Commands\Server\rewrite.php(34): require_once('C:\\wamp64\\www\\v...')
#10 {main}
CRITICAL - 2020-05-16 15:03:31 --> Undefined variable: kor
#0 C:\wamp64\www\vpnb\etfvest\app\Views\stranice\pocetnaKorisnik.php(6): CodeIgniter\Debug\Exceptions->errorHandler(8, 'Undefined varia...', 'C:\\wamp64\\www\\v...', 6, Array)
#1 C:\wamp64\www\vpnb\etfvest\vendor\codeigniter4\framework\system\View\View.php(236): include('C:\\wamp64\\www\\v...')
#2 C:\wamp64\www\vpnb\etfvest\vendor\codeigniter4\framework\system\Common.php(1071): CodeIgniter\View\View->render('stranice/pocetn...', Array, true)
#3 C:\wamp64\www\vpnb\etfvest\app\Controllers\KorisnikM.php(18): view('stranice/pocetn...', Array)
#4 C:\wamp64\www\vpnb\etfvest\app\Controllers\KorisnikM.php(11): App\Controllers\KorisnikM->prikaz('pocetnaKorisnik', Array)
#5 C:\wamp64\www\vpnb\etfvest\vendor\codeigniter4\framework\system\CodeIgniter.php(910): App\Controllers\KorisnikM->index()
#6 C:\wamp64\www\vpnb\etfvest\vendor\codeigniter4\framework\system\CodeIgniter.php(398): CodeIgniter\CodeIgniter->runController(Object(App\Controllers\KorisnikM))
#7 C:\wamp64\www\vpnb\etfvest\vendor\codeigniter4\framework\system\CodeIgniter.php(306): CodeIgniter\CodeIgniter->handleRequest(NULL, Object(Config\Cache), false)
#8 C:\wamp64\www\vpnb\etfvest\public\index.php(45): CodeIgniter\CodeIgniter->run()
#9 C:\wamp64\www\vpnb\etfvest\vendor\codeigniter4\framework\system\Commands\Server\rewrite.php(34): require_once('C:\\wamp64\\www\\v...')
#10 {main}
CRITICAL - 2020-05-16 15:04:52 --> Undefined variable: kor
#0 C:\wamp64\www\vpnb\etfvest\app\Controllers\KorisnikM.php(11): CodeIgniter\Debug\Exceptions->errorHandler(8, 'Undefined varia...', 'C:\\wamp64\\www\\v...', 11, Array)
#1 C:\wamp64\www\vpnb\etfvest\vendor\codeigniter4\framework\system\CodeIgniter.php(910): App\Controllers\KorisnikM->index()
#2 C:\wamp64\www\vpnb\etfvest\vendor\codeigniter4\framework\system\CodeIgniter.php(398): CodeIgniter\CodeIgniter->runController(Object(App\Controllers\KorisnikM))
#3 C:\wamp64\www\vpnb\etfvest\vendor\codeigniter4\framework\system\CodeIgniter.php(306): CodeIgniter\CodeIgniter->handleRequest(NULL, Object(Config\Cache), false)
#4 C:\wamp64\www\vpnb\etfvest\public\index.php(45): CodeIgniter\CodeIgniter->run()
#5 C:\wamp64\www\vpnb\etfvest\vendor\codeigniter4\framework\system\Commands\Server\rewrite.php(34): require_once('C:\\wamp64\\www\\v...')
#6 {main}
CRITICAL - 2020-05-16 15:06:34 --> Undefined property: CodeIgniter\View\View::$session
#0 C:\wamp64\www\vpnb\etfvest\app\Views\stranice\pocetnaKorisnik.php(6): CodeIgniter\Debug\Exceptions->errorHandler(8, 'Undefined prope...', 'C:\\wamp64\\www\\v...', 6, Array)
#1 C:\wamp64\www\vpnb\etfvest\vendor\codeigniter4\framework\system\View\View.php(236): include('C:\\wamp64\\www\\v...')
#2 C:\wamp64\www\vpnb\etfvest\vendor\codeigniter4\framework\system\Common.php(1071): CodeIgniter\View\View->render('stranice/pocetn...', Array, true)
#3 C:\wamp64\www\vpnb\etfvest\app\Controllers\KorisnikM.php(18): view('stranice/pocetn...', Array)
#4 C:\wamp64\www\vpnb\etfvest\app\Controllers\KorisnikM.php(11): App\Controllers\KorisnikM->prikaz('pocetnaKorisnik', Array)
#5 C:\wamp64\www\vpnb\etfvest\vendor\codeigniter4\framework\system\CodeIgniter.php(910): App\Controllers\KorisnikM->index()
#6 C:\wamp64\www\vpnb\etfvest\vendor\codeigniter4\framework\system\CodeIgniter.php(398): CodeIgniter\CodeIgniter->runController(Object(App\Controllers\KorisnikM))
#7 C:\wamp64\www\vpnb\etfvest\vendor\codeigniter4\framework\system\CodeIgniter.php(306): CodeIgniter\CodeIgniter->handleRequest(NULL, Object(Config\Cache), false)
#8 C:\wamp64\www\vpnb\etfvest\public\index.php(45): CodeIgniter\CodeIgniter->run()
#9 C:\wamp64\www\vpnb\etfvest\vendor\codeigniter4\framework\system\Commands\Server\rewrite.php(34): require_once('C:\\wamp64\\www\\v...')
#10 {main}
CRITICAL - 2020-05-16 16:24:15 --> Trying to get property 'Password' of non-object
#0 C:\wamp64\www\vpnb\etfvest\app\Controllers\KorisnikM.php(29): CodeIgniter\Debug\Exceptions->errorHandler(8, 'Trying to get p...', 'C:\\wamp64\\www\\v...', 29, Array)
#1 C:\wamp64\www\vpnb\etfvest\vendor\codeigniter4\framework\system\CodeIgniter.php(910): App\Controllers\KorisnikM->promenaLoz()
#2 C:\wamp64\www\vpnb\etfvest\vendor\codeigniter4\framework\system\CodeIgniter.php(398): CodeIgniter\CodeIgniter->runController(Object(App\Controllers\KorisnikM))
#3 C:\wamp64\www\vpnb\etfvest\vendor\codeigniter4\framework\system\CodeIgniter.php(306): CodeIgniter\CodeIgniter->handleRequest(NULL, Object(Config\Cache), false)
#4 C:\wamp64\www\vpnb\etfvest\public\index.php(45): CodeIgniter\CodeIgniter->run()
#5 C:\wamp64\www\vpnb\etfvest\vendor\codeigniter4\framework\system\Commands\Server\rewrite.php(34): require_once('C:\\wamp64\\www\\v...')
#6 {main}
CRITICAL - 2020-05-16 16:27:26 --> Trying to get property 'Password' of non-object
#0 C:\wamp64\www\vpnb\etfvest\app\Controllers\KorisnikM.php(29): CodeIgniter\Debug\Exceptions->errorHandler(8, 'Trying to get p...', 'C:\\wamp64\\www\\v...', 29, Array)
#1 C:\wamp64\www\vpnb\etfvest\vendor\codeigniter4\framework\system\CodeIgniter.php(910): App\Controllers\KorisnikM->promenaLoz()
#2 C:\wamp64\www\vpnb\etfvest\vendor\codeigniter4\framework\system\CodeIgniter.php(398): CodeIgniter\CodeIgniter->runController(Object(App\Controllers\KorisnikM))
#3 C:\wamp64\www\vpnb\etfvest\vendor\codeigniter4\framework\system\CodeIgniter.php(306): CodeIgniter\CodeIgniter->handleRequest(NULL, Object(Config\Cache), false)
#4 C:\wamp64\www\vpnb\etfvest\public\index.php(45): CodeIgniter\CodeIgniter->run()
#5 C:\wamp64\www\vpnb\etfvest\vendor\codeigniter4\framework\system\Commands\Server\rewrite.php(34): require_once('C:\\wamp64\\www\\v...')
#6 {main}
CRITICAL - 2020-05-16 16:30:03 --> Trying to get property 'Password' of non-object
#0 C:\wamp64\www\vpnb\etfvest\app\Controllers\KorisnikM.php(29): CodeIgniter\Debug\Exceptions->errorHandler(8, 'Trying to get p...', 'C:\\wamp64\\www\\v...', 29, Array)
#1 C:\wamp64\www\vpnb\etfvest\vendor\codeigniter4\framework\system\CodeIgniter.php(910): App\Controllers\KorisnikM->promenaLoz()
#2 C:\wamp64\www\vpnb\etfvest\vendor\codeigniter4\framework\system\CodeIgniter.php(398): CodeIgniter\CodeIgniter->runController(Object(App\Controllers\KorisnikM))
#3 C:\wamp64\www\vpnb\etfvest\vendor\codeigniter4\framework\system\CodeIgniter.php(306): CodeIgniter\CodeIgniter->handleRequest(NULL, Object(Config\Cache), false)
#4 C:\wamp64\www\vpnb\etfvest\public\index.php(45): CodeIgniter\CodeIgniter->run()
#5 C:\wamp64\www\vpnb\etfvest\vendor\codeigniter4\framework\system\Commands\Server\rewrite.php(34): require_once('C:\\wamp64\\www\\v...')
#6 {main}
CRITICAL - 2020-05-16 16:30:27 --> Trying to get property 'Password' of non-object
#0 C:\wamp64\www\vpnb\etfvest\app\Controllers\KorisnikM.php(29): CodeIgniter\Debug\Exceptions->errorHandler(8, 'Trying to get p...', 'C:\\wamp64\\www\\v...', 29, Array)
#1 C:\wamp64\www\vpnb\etfvest\vendor\codeigniter4\framework\system\CodeIgniter.php(910): App\Controllers\KorisnikM->promenaLoz()
#2 C:\wamp64\www\vpnb\etfvest\vendor\codeigniter4\framework\system\CodeIgniter.php(398): CodeIgniter\CodeIgniter->runController(Object(App\Controllers\KorisnikM))
#3 C:\wamp64\www\vpnb\etfvest\vendor\codeigniter4\framework\system\CodeIgniter.php(306): CodeIgniter\CodeIgniter->handleRequest(NULL, Object(Config\Cache), false)
#4 C:\wamp64\www\vpnb\etfvest\public\index.php(45): CodeIgniter\CodeIgniter->run()
#5 C:\wamp64\www\vpnb\etfvest\vendor\codeigniter4\framework\system\Commands\Server\rewrite.php(34): require_once('C:\\wamp64\\www\\v...')
#6 {main}
CRITICAL - 2020-05-16 16:30:38 --> Trying to get property 'Password' of non-object
#0 C:\wamp64\www\vpnb\etfvest\app\Controllers\KorisnikM.php(29): CodeIgniter\Debug\Exceptions->errorHandler(8, 'Trying to get p...', 'C:\\wamp64\\www\\v...', 29, Array)
#1 C:\wamp64\www\vpnb\etfvest\vendor\codeigniter4\framework\system\CodeIgniter.php(910): App\Controllers\KorisnikM->promenaLoz()
#2 C:\wamp64\www\vpnb\etfvest\vendor\codeigniter4\framework\system\CodeIgniter.php(398): CodeIgniter\CodeIgniter->runController(Object(App\Controllers\KorisnikM))
#3 C:\wamp64\www\vpnb\etfvest\vendor\codeigniter4\framework\system\CodeIgniter.php(306): CodeIgniter\CodeIgniter->handleRequest(NULL, Object(Config\Cache), false)
#4 C:\wamp64\www\vpnb\etfvest\public\index.php(45): CodeIgniter\CodeIgniter->run()
#5 C:\wamp64\www\vpnb\etfvest\vendor\codeigniter4\framework\system\Commands\Server\rewrite.php(34): require_once('C:\\wamp64\\www\\v...')
#6 {main}
CRITICAL - 2020-05-16 16:37:17 --> Undefined variable: session
#0 C:\wamp64\www\vpnb\etfvest\app\Controllers\KorisnikM.php(28): CodeIgniter\Debug\Exceptions->errorHandler(8, 'Undefined varia...', 'C:\\wamp64\\www\\v...', 28, Array)
#1 C:\wamp64\www\vpnb\etfvest\vendor\codeigniter4\framework\system\CodeIgniter.php(910): App\Controllers\KorisnikM->promenaLoz()
#2 C:\wamp64\www\vpnb\etfvest\vendor\codeigniter4\framework\system\CodeIgniter.php(398): CodeIgniter\CodeIgniter->runController(Object(App\Controllers\KorisnikM))
#3 C:\wamp64\www\vpnb\etfvest\vendor\codeigniter4\framework\system\CodeIgniter.php(306): CodeIgniter\CodeIgniter->handleRequest(NULL, Object(Config\Cache), false)
#4 C:\wamp64\www\vpnb\etfvest\public\index.php(45): CodeIgniter\CodeIgniter->run()
#5 C:\wamp64\www\vpnb\etfvest\vendor\codeigniter4\framework\system\Commands\Server\rewrite.php(34): require_once('C:\\wamp64\\www\\v...')
#6 {main}
CRITICAL - 2020-05-16 16:39:30 --> Undefined variable: session
#0 C:\wamp64\www\vpnb\etfvest\app\Controllers\KorisnikM.php(29): CodeIgniter\Debug\Exceptions->errorHandler(8, 'Undefined varia...', 'C:\\wamp64\\www\\v...', 29, Array)
#1 C:\wamp64\www\vpnb\etfvest\vendor\codeigniter4\framework\system\CodeIgniter.php(910): App\Controllers\KorisnikM->promenaLoz()
#2 C:\wamp64\www\vpnb\etfvest\vendor\codeigniter4\framework\system\CodeIgniter.php(398): CodeIgniter\CodeIgniter->runController(Object(App\Controllers\KorisnikM))
#3 C:\wamp64\www\vpnb\etfvest\vendor\codeigniter4\framework\system\CodeIgniter.php(306): CodeIgniter\CodeIgniter->handleRequest(NULL, Object(Config\Cache), false)
#4 C:\wamp64\www\vpnb\etfvest\public\index.php(45): CodeIgniter\CodeIgniter->run()
#5 C:\wamp64\www\vpnb\etfvest\vendor\codeigniter4\framework\system\Commands\Server\rewrite.php(34): require_once('C:\\wamp64\\www\\v...')
#6 {main}
CRITICAL - 2020-05-16 16:39:56 --> Object of class CodeIgniter\Session\Session could not be converted to string
#0 C:\wamp64\www\vpnb\etfvest\app\Controllers\KorisnikM.php(29): CodeIgniter\Debug\Exceptions->errorHandler(4096, 'Object of class...', 'C:\\wamp64\\www\\v...', 29, Array)
#1 C:\wamp64\www\vpnb\etfvest\vendor\codeigniter4\framework\system\CodeIgniter.php(910): App\Controllers\KorisnikM->promenaLoz()
#2 C:\wamp64\www\vpnb\etfvest\vendor\codeigniter4\framework\system\CodeIgniter.php(398): CodeIgniter\CodeIgniter->runController(Object(App\Controllers\KorisnikM))
#3 C:\wamp64\www\vpnb\etfvest\vendor\codeigniter4\framework\system\CodeIgniter.php(306): CodeIgniter\CodeIgniter->handleRequest(NULL, Object(Config\Cache), false)
#4 C:\wamp64\www\vpnb\etfvest\public\index.php(45): CodeIgniter\CodeIgniter->run()
#5 C:\wamp64\www\vpnb\etfvest\vendor\codeigniter4\framework\system\Commands\Server\rewrite.php(34): require_once('C:\\wamp64\\www\\v...')
#6 {main}
CRITICAL - 2020-05-16 16:40:24 --> Trying to get property 'Password' of non-object
#0 C:\wamp64\www\vpnb\etfvest\app\Controllers\KorisnikM.php(31): CodeIgniter\Debug\Exceptions->errorHandler(8, 'Trying to get p...', 'C:\\wamp64\\www\\v...', 31, Array)
#1 C:\wamp64\www\vpnb\etfvest\vendor\codeigniter4\framework\system\CodeIgniter.php(910): App\Controllers\KorisnikM->promenaLoz()
#2 C:\wamp64\www\vpnb\etfvest\vendor\codeigniter4\framework\system\CodeIgniter.php(398): CodeIgniter\CodeIgniter->runController(Object(App\Controllers\KorisnikM))
#3 C:\wamp64\www\vpnb\etfvest\vendor\codeigniter4\framework\system\CodeIgniter.php(306): CodeIgniter\CodeIgniter->handleRequest(NULL, Object(Config\Cache), false)
#4 C:\wamp64\www\vpnb\etfvest\public\index.php(45): CodeIgniter\CodeIgniter->run()
#5 C:\wamp64\www\vpnb\etfvest\vendor\codeigniter4\framework\system\Commands\Server\rewrite.php(34): require_once('C:\\wamp64\\www\\v...')
#6 {main}
CRITICAL - 2020-05-16 16:40:52 --> Object of class stdClass could not be converted to string
#0 C:\wamp64\www\vpnb\etfvest\app\Controllers\KorisnikM.php(29): CodeIgniter\Debug\Exceptions->errorHandler(4096, 'Object of class...', 'C:\\wamp64\\www\\v...', 29, Array)
#1 C:\wamp64\www\vpnb\etfvest\vendor\codeigniter4\framework\system\CodeIgniter.php(910): App\Controllers\KorisnikM->promenaLoz()
#2 C:\wamp64\www\vpnb\etfvest\vendor\codeigniter4\framework\system\CodeIgniter.php(398): CodeIgniter\CodeIgniter->runController(Object(App\Controllers\KorisnikM))
#3 C:\wamp64\www\vpnb\etfvest\vendor\codeigniter4\framework\system\CodeIgniter.php(306): CodeIgniter\CodeIgniter->handleRequest(NULL, Object(Config\Cache), false)
#4 C:\wamp64\www\vpnb\etfvest\public\index.php(45): CodeIgniter\CodeIgniter->run()
#5 C:\wamp64\www\vpnb\etfvest\vendor\codeigniter4\framework\system\Commands\Server\rewrite.php(34): require_once('C:\\wamp64\\www\\v...')
#6 {main}
CRITICAL - 2020-05-16 16:45:37 --> Object of class stdClass could not be converted to string
#0 C:\wamp64\www\vpnb\etfvest\app\Controllers\KorisnikM.php(29): CodeIgniter\Debug\Exceptions->errorHandler(4096, 'Object of class...', 'C:\\wamp64\\www\\v...', 29, Array)
#1 C:\wamp64\www\vpnb\etfvest\vendor\codeigniter4\framework\system\CodeIgniter.php(910): App\Controllers\KorisnikM->promenaLoz()
#2 C:\wamp64\www\vpnb\etfvest\vendor\codeigniter4\framework\system\CodeIgniter.php(398): CodeIgniter\CodeIgniter->runController(Object(App\Controllers\KorisnikM))
#3 C:\wamp64\www\vpnb\etfvest\vendor\codeigniter4\framework\system\CodeIgniter.php(306): CodeIgniter\CodeIgniter->handleRequest(NULL, Object(Config\Cache), false)
#4 C:\wamp64\www\vpnb\etfvest\public\index.php(45): CodeIgniter\CodeIgniter->run()
#5 C:\wamp64\www\vpnb\etfvest\vendor\codeigniter4\framework\system\Commands\Server\rewrite.php(34): require_once('C:\\wamp64\\www\\v...')
#6 {main}
CRITICAL - 2020-05-16 16:46:14 --> Object of class stdClass could not be converted to string
#0 C:\wamp64\www\vpnb\etfvest\app\Controllers\KorisnikM.php(29): CodeIgniter\Debug\Exceptions->errorHandler(4096, 'Object of class...', 'C:\\wamp64\\www\\v...', 29, Array)
#1 C:\wamp64\www\vpnb\etfvest\vendor\codeigniter4\framework\system\CodeIgniter.php(910): App\Controllers\KorisnikM->promenaLoz()
#2 C:\wamp64\www\vpnb\etfvest\vendor\codeigniter4\framework\system\CodeIgniter.php(398): CodeIgniter\CodeIgniter->runController(Object(App\Controllers\KorisnikM))
#3 C:\wamp64\www\vpnb\etfvest\vendor\codeigniter4\framework\system\CodeIgniter.php(306): CodeIgniter\CodeIgniter->handleRequest(NULL, Object(Config\Cache), false)
#4 C:\wamp64\www\vpnb\etfvest\public\index.php(45): CodeIgniter\CodeIgniter->run()
#5 C:\wamp64\www\vpnb\etfvest\vendor\codeigniter4\framework\system\Commands\Server\rewrite.php(34): require_once('C:\\wamp64\\www\\v...')
#6 {main}
CRITICAL - 2020-05-16 16:59:10 --> Undefined variable: kormod
#0 C:\wamp64\www\vpnb\etfvest\app\Controllers\KorisnikM.php(58): CodeIgniter\Debug\Exceptions->errorHandler(8, 'Undefined varia...', 'C:\\wamp64\\www\\v...', 58, Array)
#1 C:\wamp64\www\vpnb\etfvest\vendor\codeigniter4\framework\system\CodeIgniter.php(910): App\Controllers\KorisnikM->promenaLoz()
#2 C:\wamp64\www\vpnb\etfvest\vendor\codeigniter4\framework\system\CodeIgniter.php(398): CodeIgniter\CodeIgniter->runController(Object(App\Controllers\KorisnikM))
#3 C:\wamp64\www\vpnb\etfvest\vendor\codeigniter4\framework\system\CodeIgniter.php(306): CodeIgniter\CodeIgniter->handleRequest(NULL, Object(Config\Cache), false)
#4 C:\wamp64\www\vpnb\etfvest\public\index.php(45): CodeIgniter\CodeIgniter->run()
#5 C:\wamp64\www\vpnb\etfvest\vendor\codeigniter4\framework\system\Commands\Server\rewrite.php(34): require_once('C:\\wamp64\\www\\v...')
#6 {main}
CRITICAL - 2020-05-16 16:59:36 --> Call to undefined method stdClass::update()
#0 C:\wamp64\www\vpnb\etfvest\vendor\codeigniter4\framework\system\CodeIgniter.php(910): App\Controllers\KorisnikM->promenaLoz()
#1 C:\wamp64\www\vpnb\etfvest\vendor\codeigniter4\framework\system\CodeIgniter.php(398): CodeIgniter\CodeIgniter->runController(Object(App\Controllers\KorisnikM))
#2 C:\wamp64\www\vpnb\etfvest\vendor\codeigniter4\framework\system\CodeIgniter.php(306): CodeIgniter\CodeIgniter->handleRequest(NULL, Object(Config\Cache), false)
#3 C:\wamp64\www\vpnb\etfvest\public\index.php(45): CodeIgniter\CodeIgniter->run()
#4 C:\wamp64\www\vpnb\etfvest\vendor\codeigniter4\framework\system\Commands\Server\rewrite.php(34): require_once('C:\\wamp64\\www\\v...')
#5 {main}
CRITICAL - 2020-05-16 17:00:03 --> Call to undefined function App\Controllers\update()
#0 C:\wamp64\www\vpnb\etfvest\vendor\codeigniter4\framework\system\CodeIgniter.php(910): App\Controllers\KorisnikM->promenaLoz()
#1 C:\wamp64\www\vpnb\etfvest\vendor\codeigniter4\framework\system\CodeIgniter.php(398): CodeIgniter\CodeIgniter->runController(Object(App\Controllers\KorisnikM))
#2 C:\wamp64\www\vpnb\etfvest\vendor\codeigniter4\framework\system\CodeIgniter.php(306): CodeIgniter\CodeIgniter->handleRequest(NULL, Object(Config\Cache), false)
#3 C:\wamp64\www\vpnb\etfvest\public\index.php(45): CodeIgniter\CodeIgniter->run()
#4 C:\wamp64\www\vpnb\etfvest\vendor\codeigniter4\framework\system\Commands\Server\rewrite.php(34): require_once('C:\\wamp64\\www\\v...')
#5 {main}
CRITICAL - 2020-05-16 17:00:18 --> There is no data to update.
#0 C:\wamp64\www\vpnb\etfvest\vendor\codeigniter4\framework\system\Model.php(802): CodeIgniter\Database\Exceptions\DataException::forEmptyDataset('update')
#1 C:\wamp64\www\vpnb\etfvest\app\Controllers\KorisnikM.php(59): CodeIgniter\Model->update(Array)
#2 C:\wamp64\www\vpnb\etfvest\vendor\codeigniter4\framework\system\CodeIgniter.php(910): App\Controllers\KorisnikM->promenaLoz()
#3 C:\wamp64\www\vpnb\etfvest\vendor\codeigniter4\framework\system\CodeIgniter.php(398): CodeIgniter\CodeIgniter->runController(Object(App\Controllers\KorisnikM))
#4 C:\wamp64\www\vpnb\etfvest\vendor\codeigniter4\framework\system\CodeIgniter.php(306): CodeIgniter\CodeIgniter->handleRequest(NULL, Object(Config\Cache), false)
#5 C:\wamp64\www\vpnb\etfvest\public\index.php(45): CodeIgniter\CodeIgniter->run()
#6 C:\wamp64\www\vpnb\etfvest\vendor\codeigniter4\framework\system\Commands\Server\rewrite.php(34): require_once('C:\\wamp64\\www\\v...')
#7 {main}
CRITICAL - 2020-05-16 17:05:03 --> Undefined variable: pol
#0 C:\wamp64\www\vpnb\etfvest\app\Controllers\KorisnikM.php(60): CodeIgniter\Debug\Exceptions->errorHandler(8, 'Undefined varia...', 'C:\\wamp64\\www\\v...', 60, Array)
#1 C:\wamp64\www\vpnb\etfvest\vendor\codeigniter4\framework\system\CodeIgniter.php(910): App\Controllers\KorisnikM->promenaLoz()
#2 C:\wamp64\www\vpnb\etfvest\vendor\codeigniter4\framework\system\CodeIgniter.php(398): CodeIgniter\CodeIgniter->runController(Object(App\Controllers\KorisnikM))
#3 C:\wamp64\www\vpnb\etfvest\vendor\codeigniter4\framework\system\CodeIgniter.php(306): CodeIgniter\CodeIgniter->handleRequest(NULL, Object(Config\Cache), false)
#4 C:\wamp64\www\vpnb\etfvest\public\index.php(45): CodeIgniter\CodeIgniter->run()
#5 C:\wamp64\www\vpnb\etfvest\vendor\codeigniter4\framework\system\Commands\Server\rewrite.php(34): require_once('C:\\wamp64\\www\\v...')
#6 {main}
CRITICAL - 2020-05-16 17:05:52 --> There is no data to update.
#0 C:\wamp64\www\vpnb\etfvest\vendor\codeigniter4\framework\system\Model.php(802): CodeIgniter\Database\Exceptions\DataException::forEmptyDataset('update')
#1 C:\wamp64\www\vpnb\etfvest\app\Controllers\KorisnikM.php(63): CodeIgniter\Model->update(Array)
#2 C:\wamp64\www\vpnb\etfvest\vendor\codeigniter4\framework\system\CodeIgniter.php(910): App\Controllers\KorisnikM->promenaLoz()
#3 C:\wamp64\www\vpnb\etfvest\vendor\codeigniter4\framework\system\CodeIgniter.php(398): CodeIgniter\CodeIgniter->runController(Object(App\Controllers\KorisnikM))
#4 C:\wamp64\www\vpnb\etfvest\vendor\codeigniter4\framework\system\CodeIgniter.php(306): CodeIgniter\CodeIgniter->handleRequest(NULL, Object(Config\Cache), false)
#5 C:\wamp64\www\vpnb\etfvest\public\index.php(45): CodeIgniter\CodeIgniter->run()
#6 C:\wamp64\www\vpnb\etfvest\vendor\codeigniter4\framework\system\Commands\Server\rewrite.php(34): require_once('C:\\wamp64\\www\\v...')
#7 {main}
CRITICAL - 2020-05-16 17:12:17 --> Call to undefined method stdClass::update()
#0 C:\wamp64\www\vpnb\etfvest\vendor\codeigniter4\framework\system\CodeIgniter.php(910): App\Controllers\KorisnikM->promenaLoz()
#1 C:\wamp64\www\vpnb\etfvest\vendor\codeigniter4\framework\system\CodeIgniter.php(398): CodeIgniter\CodeIgniter->runController(Object(App\Controllers\KorisnikM))
#2 C:\wamp64\www\vpnb\etfvest\vendor\codeigniter4\framework\system\CodeIgniter.php(306): CodeIgniter\CodeIgniter->handleRequest(NULL, Object(Config\Cache), false)
#3 C:\wamp64\www\vpnb\etfvest\public\index.php(45): CodeIgniter\CodeIgniter->run()
#4 C:\wamp64\www\vpnb\etfvest\vendor\codeigniter4\framework\system\Commands\Server\rewrite.php(34): require_once('C:\\wamp64\\www\\v...')
#5 {main}
